Input[0] = -3
Input[1] = -2.90234
Input[2] = -2.80078
Input[3] = -2.70312
Input[4] = -2.60156
Input[5] = -2.5
Input[6] = -2.40234
Input[7] = -2.30078
Input[8] = -2.20312
Input[9] = -2.10156
Input[10] = -2
Input[11] = -1.90234
Input[12] = -1.80078
Input[13] = -1.70312
Input[14] = -1.60156
Input[15] = -1.5
Input[16] = -1.40234
Input[17] = -1.30078
Input[18] = -1.20312
Input[19] = -1.10156
Input[20] = -1
Input[21] = -0.902344
Input[22] = -0.800781
Input[23] = -0.703125
Input[24] = -0.601562
Input[25] = -0.5
Input[26] = -0.402344
Input[27] = -0.300781
Input[28] = -0.203125
Input[29] = -0.101562
Input[30] = 0
Input[31] = 0.0976562
Input[32] = 0.199219
Input[33] = 0.296875
Input[34] = 0.398438
Input[35] = 0.5
Input[36] = 0.597656
Input[37] = 0.699219
Input[38] = 0.796875
Input[39] = 0.898438
Input[40] = 1
Input[41] = 1.09766
Input[42] = 1.19922
Input[43] = 1.29688
Input[44] = 1.39844
Input[45] = 1.5
Input[46] = 1.59766
Input[47] = 1.69922
Input[48] = 1.79688
Input[49] = 1.89844
Input[50] = 2
Input[51] = 2.09766
Input[52] = 2.19922
Input[53] = 2.29688
Input[54] = 2.39844
Input[55] = 2.5
Input[56] = 2.59766
Input[57] = 2.69922
Input[58] = 2.79688
Input[59] = 2.89844
Input[60] = 3
Input[61] = 3.09766
Input[62] = 3.19922
Input[63] = 3.29688
Circulant[0][0] = 118.000000
Circulant[0][1] = 32.000000
Circulant[0][2] = 66.000000
Circulant[0][3] = 87.000000
Circulant[0][4] = 49.000000
Circulant[0][5] = -103.000000
Circulant[0][6] = -123.000000
Circulant[0][7] = -118.000000
Circulant[0][8] = -97.000000
Circulant[0][9] = -108.000000
Circulant[1][0] = 32.000000
Circulant[1][1] = 66.000000
Circulant[1][2] = 87.000000
Circulant[1][3] = 49.000000
Circulant[1][4] = -103.000000
Circulant[1][5] = -123.000000
Circulant[1][6] = -118.000000
Circulant[1][7] = -97.000000
Circulant[1][8] = -108.000000
Circulant[1][9] = 118.000000
Circulant[2][0] = 66.000000
Circulant[2][1] = 87.000000
Circulant[2][2] = 49.000000
Circulant[2][3] = -103.000000
Circulant[2][4] = -123.000000
Circulant[2][5] = -118.000000
Circulant[2][6] = -97.000000
Circulant[2][7] = -108.000000
Circulant[2][8] = 118.000000
Circulant[2][9] = 32.000000
Circulant[3][0] = 87.000000
Circulant[3][1] = 49.000000
Circulant[3][2] = -103.000000
Circulant[3][3] = -123.000000
Circulant[3][4] = -118.000000
Circulant[3][5] = -97.000000
Circulant[3][6] = -108.000000
Circulant[3][7] = 118.000000
Circulant[3][8] = 32.000000
Circulant[3][9] = 66.000000
Circulant[4][0] = 49.000000
Circulant[4][1] = -103.000000
Circulant[4][2] = -123.000000
Circulant[4][3] = -118.000000
Circulant[4][4] = -97.000000
Circulant[4][5] = -108.000000
Circulant[4][6] = 118.000000
Circulant[4][7] = 32.000000
Circulant[4][8] = 66.000000
Circulant[4][9] = 87.000000
Circulant[5][0] = -103.000000
Circulant[5][1] = -123.000000
Circulant[5][2] = -118.000000
Circulant[5][3] = -97.000000
Circulant[5][4] = -108.000000
Circulant[5][5] = 118.000000
Circulant[5][6] = 32.000000
Circulant[5][7] = 66.000000
Circulant[5][8] = 87.000000
Circulant[5][9] = 49.000000
Circulant[6][0] = -123.000000
Circulant[6][1] = -118.000000
Circulant[6][2] = -97.000000
Circulant[6][3] = -108.000000
Circulant[6][4] = 118.000000
Circulant[6][5] = 32.000000
Circulant[6][6] = 66.000000
Circulant[6][7] = 87.000000
Circulant[6][8] = 49.000000
Circulant[6][9] = -103.000000
Circulant[7][0] = -118.000000
Circulant[7][1] = -97.000000
Circulant[7][2] = -108.000000
Circulant[7][3] = 118.000000
Circulant[7][4] = 32.000000
Circulant[7][5] = 66.000000
Circulant[7][6] = 87.000000
Circulant[7][7] = 49.000000
Circulant[7][8] = -103.000000
Circulant[7][9] = -123.000000
Circulant[8][0] = -97.000000
Circulant[8][1] = -108.000000
Circulant[8][2] = 118.000000
Circulant[8][3] = 32.000000
Circulant[8][4] = 66.000000
Circulant[8][5] = 87.000000
Circulant[8][6] = 49.000000
Circulant[8][7] = -103.000000
Circulant[8][8] = -123.000000
Circulant[8][9] = -118.000000
Circulant[9][0] = -108.000000
Circulant[9][1] = 118.000000
Circulant[9][2] = 32.000000
Circulant[9][3] = 66.000000
Circulant[9][4] = 87.000000
Circulant[9][5] = 49.000000
Circulant[9][6] = -103.000000
Circulant[9][7] = -123.000000
Circulant[9][8] = -118.000000
Circulant[9][9] = -97.000000
Circulant Matrix:
Circulant[0][0] = 118.000000
Circulant[0][1] = 32.000000
Circulant[0][2] = 66.000000
Circulant[0][3] = 87.000000
Circulant[0][4] = 49.000000
Circulant[0][5] = -103.000000
Circulant[0][6] = -123.000000
Circulant[0][7] = -118.000000
Circulant[0][8] = -97.000000
Circulant[0][9] = -108.000000
Circulant[1][0] = 32.000000
Circulant[1][1] = 66.000000
Circulant[1][2] = 87.000000
Circulant[1][3] = 49.000000
Circulant[1][4] = -103.000000
Circulant[1][5] = -123.000000
Circulant[1][6] = -118.000000
Circulant[1][7] = -97.000000
Circulant[1][8] = -108.000000
Circulant[1][9] = 118.000000
Circulant[2][0] = 66.000000
Circulant[2][1] = 87.000000
Circulant[2][2] = 49.000000
Circulant[2][3] = -103.000000
Circulant[2][4] = -123.000000
Circulant[2][5] = -118.000000
Circulant[2][6] = -97.000000
Circulant[2][7] = -108.000000
Circulant[2][8] = 118.000000
Circulant[2][9] = 32.000000
Circulant[3][0] = 87.000000
Circulant[3][1] = 49.000000
Circulant[3][2] = -103.000000
Circulant[3][3] = -123.000000
Circulant[3][4] = -118.000000
Circulant[3][5] = -97.000000
Circulant[3][6] = -108.000000
Circulant[3][7] = 118.000000
Circulant[3][8] = 32.000000
Circulant[3][9] = 66.000000
Circulant[4][0] = 49.000000
Circulant[4][1] = -103.000000
Circulant[4][2] = -123.000000
Circulant[4][3] = -118.000000
Circulant[4][4] = -97.000000
Circulant[4][5] = -108.000000
Circulant[4][6] = 118.000000
Circulant[4][7] = 32.000000
Circulant[4][8] = 66.000000
Circulant[4][9] = 87.000000
Circulant[5][0] = -103.000000
Circulant[5][1] = -123.000000
Circulant[5][2] = -118.000000
Circulant[5][3] = -97.000000
Circulant[5][4] = -108.000000
Circulant[5][5] = 118.000000
Circulant[5][6] = 32.000000
Circulant[5][7] = 66.000000
Circulant[5][8] = 87.000000
Circulant[5][9] = 49.000000
Circulant[6][0] = -123.000000
Circulant[6][1] = -118.000000
Circulant[6][2] = -97.000000
Circulant[6][3] = -108.000000
Circulant[6][4] = 118.000000
Circulant[6][5] = 32.000000
Circulant[6][6] = 66.000000
Circulant[6][7] = 87.000000
Circulant[6][8] = 49.000000
Circulant[6][9] = -103.000000
Circulant[7][0] = -118.000000
Circulant[7][1] = -97.000000
Circulant[7][2] = -108.000000
Circulant[7][3] = 118.000000
Circulant[7][4] = 32.000000
Circulant[7][5] = 66.000000
Circulant[7][6] = 87.000000
Circulant[7][7] = 49.000000
Circulant[7][8] = -103.000000
Circulant[7][9] = -123.000000
Circulant[8][0] = -97.000000
Circulant[8][1] = -108.000000
Circulant[8][2] = 118.000000
Circulant[8][3] = 32.000000
Circulant[8][4] = 66.000000
Circulant[8][5] = 87.000000
Circulant[8][6] = 49.000000
Circulant[8][7] = -103.000000
Circulant[8][8] = -123.000000
Circulant[8][9] = -118.000000
Circulant[9][0] = -108.000000
Circulant[9][1] = 118.000000
Circulant[9][2] = 32.000000
Circulant[9][3] = 66.000000
Circulant[9][4] = 87.000000
Circulant[9][5] = 49.000000
Circulant[9][6] = -103.000000
Circulant[9][7] = -123.000000
Circulant[9][8] = -118.000000
Circulant[9][9] = -97.000000
Intermediate[0] = -119.875000
Intermediate[1] = -74.937500
Intermediate[2] = -25.812500
Intermediate[3] = 63.125000
Intermediate[4] = -46.937500
Intermediate[5] = -80.937500
Intermediate[6] = -86.937500
Intermediate[7] = 34.187500
Intermediate[8] = 65.562500
Intermediate[9] = 76.062500
Intermediate[10] = 0.000000
Intermediate[11] = 0.000000
Intermediate[12] = 0.000000
Intermediate[13] = 0.000000
Intermediate[14] = 0.000000
Intermediate[15] = 0.000000
Intermediate[16] = 0.000000
Intermediate[17] = 0.000000
Intermediate[18] = 0.000000
Intermediate[19] = 0.000000
Intermediate[20] = 0.000000
Intermediate[21] = 0.000000
Intermediate[22] = 0.000000
Intermediate[23] = 0.000000
Intermediate[24] = 0.000000
Intermediate[25] = 0.000000
Intermediate[26] = 0.000000
Intermediate[27] = 0.000000
Intermediate[28] = 0.000000
Intermediate[29] = 0.000000
Intermediate[30] = 0.000000
Intermediate[31] = 0.000000
Intermediate[32] = 0.000000
Intermediate[33] = 0.000000
Intermediate[34] = 0.000000
Intermediate[35] = 0.000000
Intermediate[36] = 0.000000
Intermediate[37] = 0.000000
Intermediate[38] = 0.000000
Intermediate[39] = 0.000000
Intermediate[40] = 0.000000
Intermediate[41] = 0.000000
Intermediate[42] = 0.000000
Intermediate[43] = 0.000000
Intermediate[44] = 0.000000
Intermediate[45] = 0.000000
Intermediate[46] = 0.000000
Intermediate[47] = 0.000000
Intermediate[48] = 0.000000
Intermediate[49] = 0.000000
Intermediate[50] = 0.000000
Intermediate[51] = 0.000000
Intermediate[52] = 0.000000
Intermediate[53] = 0.000000
Intermediate[54] = 0.000000
Intermediate[55] = 0.000000
Intermediate[56] = 0.000000
Intermediate[57] = 0.000000
Intermediate[58] = 0.000000
Intermediate[59] = 0.000000
Intermediate[60] = 0.000000
Intermediate[61] = 0.000000
Output[0] = -1.000000
Output[1] = -1.000000
Output[2] = -1.000000
Output[3] = 1.000000
Output[4] = -1.000000
Output[5] = -1.000000
Output[6] = -1.000000
Output[7] = 1.000000
Output[8] = 1.000000
Output[9] = 1.000000
Output[10] = 0.000000
Output[11] = 0.000000
Output[12] = 0.000000
Output[13] = 0.000000
Output[14] = 0.000000
Output[15] = 0.000000
Output[16] = 0.000000
Output[17] = 0.000000
Output[18] = 0.000000
Output[19] = 0.000000
Output[20] = 0.000000
Output[21] = 0.000000
Output[22] = 0.000000
Output[23] = 0.000000
Output[24] = 0.000000
Output[25] = 0.000000
Output[26] = 0.000000
Output[27] = 0.000000
Output[28] = 0.0000
Input[0] = -3
Input[1] = -2.90234
Input[2] = -2.80078
Input[3] = -2.70312
Input[4] = -2.60156
Input[5] = -2.5
Input[6] = -2.40234
Input[7] = -2.30078
Input[8] = -2.20312
Input[9] = -2.10156
Input[10] = -2
Input[11] = -1.90234
Input[12] = -1.80078
Input[13] = -1.70312
Input[14] = -1.60156
Input[15] = -1.5
Input[16] = -1.40234
Input[17] = -1.30078
Input[18] = -1.20312
Input[19] = -1.10156
Input[20] = -1
Input[21] = -0.902344
Input[22] = -0.800781
Input[23] = -0.703125
Input[24] = -0.601562
Input[25] = -0.5
Input[26] = -0.402344
Input[27] = -0.300781
Input[28] = -0.203125
Input[29] = -0.101562
Input[30] = 0
Input[31] = 0.0976562
Input[32] = 0.199219
Input[33] = 0.296875
Input[34] = 0.398438
Input[35] = 0.5
Input[36] = 0.597656
Input[37] = 0.699219
Input[38] = 0.796875
Input[39] = 0.898438
Input[40] = 1
Input[41] = 1.09766
Input[42] = 1.19922
Input[43] = 1.29688
Input[44] = 1.39844
Input[45] = 1.5
Input[46] = 1.59766
Input[47] = 1.69922
Input[48] = 1.79688
Input[49] = 1.89844
Input[50] = 2
Input[51] = 2.09766
Input[52] = 2.19922
Input[53] = 2.29688
Input[54] = 2.39844
Input[55] = 2.5
Input[56] = 2.59766
Input[57] = 2.69922
Input[58] = 2.79688
Input[59] = 2.89844
Input[60] = 3
Input[61] = 3.09766
Input[62] = 3.19922
Input[63] = 3.29688
Input[0] = -3
Input[1] = -2.90234
Input[2] = -2.80078
Input[3] = -2.70312
Input[4] = -2.60156
Input[5] = -2.5
Input[6] = -2.40234
Input[7] = -2.30078
Input[8] = -2.20312
Input[9] = -2.10156
Input[10] = -2
Input[11] = -1.90234
Input[12] = -1.80078
Input[13] = -1.70312
Input[14] = -1.60156
Input[15] = -1.5
Input[16] = -1.40234
Input[17] = -1.30078
Input[18] = -1.20312
Input[19] = -1.10156
Input[20] = -1
Input[21] = -0.902344
Input[22] = -0.800781
Input[23] = -0.703125
Input[24] = -0.601562
Input[25] = -0.5
Input[26] = -0.402344
Input[27] = -0.300781
Input[28] = -0.203125
Input[29] = -0.101562
Input[30] = 0
Input[31] = 0.0976562
Input[32] = 0.199219
Input[33] = 0.296875
Input[34] = 0.398438
Input[35] = 0.5
Input[36] = 0.597656
Input[37] = 0.699219
Input[38] = 0.796875
Input[39] = 0.898438
Input[40] = 1
Input[41] = 1.09766
Input[42] = 1.19922
Input[43] = 1.29688
Input[44] = 1.39844
Input[45] = 1.5
Input[46] = 1.59766
Input[47] = 1.69922
Input[48] = 1.79688
Input[49] = 1.89844
Input[50] = 2
Input[51] = 2.09766
Input[52] = 2.19922
Input[53] = 2.29688
Input[54] = 2.39844
Input[55] = 2.5
Input[56] = 2.59766
Input[57] = 2.69922
Input[58] = 2.79688
Input[59] = 2.89844
Input[60] = 3
Input[61] = 3.09766
Input[62] = 3.19922
Input[63] = 3.29688
Input[0] = -3
Input[1] = -2.90234
Input[2] = -2.80078
Input[3] = -2.70312
Input[4] = -2.60156
Input[5] = -2.5
Input[6] = -2.40234
Input[7] = -2.30078
Input[8] = -2.20312
Input[9] = -2.10156
Input[10] = -2
Input[11] = -1.90234
Input[12] = -1.80078
Input[13] = -1.70312
Input[14] = -1.60156
Input[15] = -1.5
Input[16] = -1.40234
Input[17] = -1.30078
Input[18] = -1.20312
Input[19] = -1.10156
Input[20] = -1
Input[21] = -0.902344
Input[22] = -0.800781
Input[23] = -0.703125
Input[24] = -0.601562
Input[25] = -0.5
Input[26] = -0.402344
Input[27] = -0.300781
Input[28] = -0.203125
Input[29] = -0.101562
Input[30] = 0
Input[31] = 0.0976562
Input[32] = 0.199219
Input[33] = 0.296875
Input[34] = 0.398438
Input[35] = 0.5
Input[36] = 0.597656
Input[37] = 0.699219
Input[38] = 0.796875
Input[39] = 0.898438
Input[40] = 1
Input[41] = 1.09766
Input[42] = 1.19922
Input[43] = 1.29688
Input[44] = 1.39844
Input[45] = 1.5
Input[46] = 1.59766
Input[47] = 1.69922
Input[48] = 1.79688
Input[49] = 1.89844
Input[50] = 2
Input[51] = 2.09766
Input[52] = 2.19922
Input[53] = 2.29688
Input[54] = 2.39844
Input[55] = 2.5
Input[56] = 2.59766
Input[57] = 2.69922
Input[58] = 2.79688
Input[59] = 2.89844
Input[60] = 3
Input[61] = 3.09766
Input[62] = 3.19922
Input[63] = 3.29688
Input[0] = -3
Input[1] = -2.90234
Input[2] = -2.80078
Input[3] = -2.70312
Input[4] = -2.60156
Input[5] = -2.5
Input[6] = -2.40234
Input[7] = -2.30078
Input[8] = -2.20312
Input[9] = -2.10156
Input[10] = -2
Input[11] = -1.90234
Input[12] = -1.80078
Input[13] = -1.70312
Input[14] = -1.60156
Input[15] = -1.5
Input[16] = -1.40234
Input[17] = -1.30078
Input[18] = -1.20312
Input[19] = -1.10156
Input[20] = -1
Input[21] = -0.902344
Input[22] = -0.800781
Input[23] = -0.703125
Input[24] = -0.601562
Input[25] = -0.5
Input[26] = -0.402344
Input[27] = -0.300781
Input[28] = -0.203125
Input[29] = -0.101562
Input[30] = 0
Input[31] = 0.0976562
Input[32] = 0.199219
Input[33] = 0.296875
Input[34] = 0.398438
Input[35] = 0.5
Input[36] = 0.597656
Input[37] = 0.699219
Input[38] = 0.796875
Input[39] = 0.898438
Input[40] = 1
Input[41] = 1.09766
Input[42] = 1.19922
Input[43] = 1.29688
Input[44] = 1.39844
Input[45] = 1.5
Input[46] = 1.59766
Input[47] = 1.69922
Input[48] = 1.79688
Input[49] = 1.89844
Input[50] = 2
Input[51] = 2.09766
Input[52] = 2.19922
Input[53] = 2.29688
Input[54] = 2.39844
Input[55] = 2.5
Input[56] = 2.59766
Input[57] = 2.69922
Input[58] = 2.79688
Input[59] = 2.89844
Input[60] = 3
Input[61] = 3.09766
Input[62] = 3.19922
Input[63] = 3.29688
Input[0] = -3
Input[1] = -2.90234
Input[2] = -2.80078
Input[3] = -2.70312
Input[4] = -2.60156
Input[5] = -2.5
Input[6] = -2.40234
Input[7] = -2.30078
Input[8] = -2.20312
Input[9] = -2.10156
Input[10] = -2
Input[11] = -1.90234
Input[12] = -1.80078
Input[13] = -1.70312
Input[14] = -1.60156
Input[15] = -1.5
Input[16] = -1.40234
Input[17] = -1.30078
Input[18] = -1.20312
Input[19] = -1.10156
Input[20] = -1
Input[21] = -0.902344
Input[22] = -0.800781
Input[23] = -0.703125
Input[24] = -0.601562
Input[25] = -0.5
Input[26] = -0.402344
Input[27] = -0.300781
Input[28] = -0.203125
Input[29] = -0.101562
Input[30] = 0
Input[31] = 0.0976562
Input[32] = 0.199219
Input[33] = 0.296875
Input[34] = 0.398438
Input[35] = 0.5
Input[36] = 0.597656
Input[37] = 0.699219
Input[38] = 0.796875
Input[39] = 0.898438
Input[40] = 1
Input[41] = 1.09766
Input[42] = 1.19922
Input[43] = 1.29688
Input[44] = 1.39844
Input[45] = 1.5
Input[46] = 1.59766
Input[47] = 1.69922
Input[48] = 1.79688
Input[49] = 1.89844
Input[50] = 2
Input[51] = 2.09766
Input[52] = 2.19922
Input[53] = 2.29688
Input[54] = 2.39844
Input[55] = 2.5
Input[56] = 2.59766
Input[57] = 2.69922
Input[58] = 2.79688
Input[59] = 2.89844
Input[60] = 3
Input[61] = 3.09766
Input[62] = 3.19922
Input[63] = 3.29688
Input[0] = -3
Input[1] = -2.90234
Input[2] = -2.80078
Input[3] = -2.70312
Input[4] = -2.60156
Input[5] = -2.5
Input[6] = -2.40234
Input[7] = -2.30078
Input[8] = -2.20312
Input[9] = -2.10156
Input[10] = -2
Input[11] = -1.90234
Input[12] = -1.80078
Input[13] = -1.70312
Input[14] = -1.60156
Input[15] = -1.5
Input[16] = -1.40234
Input[17] = -1.30078
Input[18] = -1.20312
Input[19] = -1.10156
Input[20] = -1
Input[21] = -0.902344
Input[22] = -0.800781
Input[23] = -0.703125
Input[24] = -0.601562
Input[25] = -0.5
Input[26] = -0.402344
Input[27] = -0.300781
Input[28] = -0.203125
Input[29] = -0.101562
Input[30] = 0
Input[31] = 0.0976562
Input[32] = 0.199219
Input[33] = 0.296875
Input[34] = 0.398438
Input[35] = 0.5
Input[36] = 0.597656
Input[37] = 0.699219
Input[38] = 0.796875
Input[39] = 0.898438
Input[40] = 1
Input[41] = 1.09766
Input[42] = 1.19922
Input[43] = 1.29688
Input[44] = 1.39844
Input[45] = 1.5
Input[46] = 1.59766
Input[47] = 1.69922
Input[48] = 1.79688
Input[49] = 1.89844
Input[50] = 2
Input[51] = 2.09766
Input[52] = 2.19922
Input[53] = 2.29688
Input[54] = 2.39844
Input[55] = 2.5
Input[56] = 2.59766
Input[57] = 2.69922
Input[58] = 2.79688
Input[59] = 2.89844
Input[60] = 3
Input[61] = 3.09766
Input[62] = 3.19922
Input[63] = 3.29688
