================================================================
== Vivado Place & Route Results
================================================================
+ General Information:
    * Date:            Thu Mar 27 15:02:21 +0530 2025
    * Version:         2024.2 (Build 5238294 on Nov  8 2024)
    * Project:         new_hls_component
    * Solution:        hls (Vivado IP Flow Target)
    * Product family:  kintex7
    * Target device:   xc7k160t-fbg676-2L


================================================================
== Run Constraints & Options
================================================================
+ Design Constraints & Options:
    * Place & Route target clock:  10 ns
    * C-Synthesis target clock:    10 ns
    * C-Synthesis uncertainty:     1 ns

+ RTL Synthesis Options:
    * config_export -vivado_synth_strategy:     default
    * config_export -vivado_synth_design_args:  -directive sdx_optimization_effort_high

+ Place & Route Options:
    * config_export -vivado_impl_strategy:  default
    * config_export -vivado_phys_opt:       auto

+ Reporting Options:
    * config_export -vivado_report_level:      2
    * config_export -vivado_max_timing_paths:  10


================================================================
== Place & Route Resource Summary
================================================================
LUT:              3075
FF:               3216
DSP:              2
BRAM:             204
URAM:             0
SRL:              175


================================================================
== Place & Route Timing Summary
================================================================
* Timing was met
+----------------+-------------+
| Timing         | Period (ns) |
+----------------+-------------+
| Target         | 10.000      |
| Post-Synthesis | 4.369       |
| Post-Route     | 8.868       |
+----------------+-------------+


================================================================
== Place & Route Resources
================================================================
+-------------------------------------------------------------------------+------+------+-----+------+------+-----+--------+------+---------+----------+--------+
| Name                                                                    | LUT  | FF   | DSP | BRAM | URAM | SRL | Pragma | Impl | Latency | Variable | Source |
+-------------------------------------------------------------------------+------+------+-----+------+------+-----+--------+------+---------+----------+--------+
| inst                                                                    | 3075 | 3216 | 2   | 204  |      |     |        |      |         |          |        |
|   (inst)                                                                | 5    | 419  | 1   |      |      |     |        |      |         |          |        |
|   circulant_matrix_100_U                                                |      |      |     | 1    |      |     |        |      |         |          |        |
|   circulant_matrix_101_U                                                |      |      |     | 1    |      |     |        |      |         |          |        |
|   circulant_matrix_102_U                                                |      |      |     | 1    |      |     |        |      |         |          |        |
|   circulant_matrix_103_U                                                |      |      |     | 1    |      |     |        |      |         |          |        |
|   circulant_matrix_104_U                                                |      |      |     | 1    |      |     |        |      |         |          |        |
|   circulant_matrix_105_U                                                |      |      |     | 1    |      |     |        |      |         |          |        |
|   circulant_matrix_106_U                                                |      |      |     | 1    |      |     |        |      |         |          |        |
|   circulant_matrix_107_U                                                |      |      |     | 1    |      |     |        |      |         |          |        |
|   circulant_matrix_108_U                                                |      |      |     | 1    |      |     |        |      |         |          |        |
|   circulant_matrix_109_U                                                |      |      |     | 1    |      |     |        |      |         |          |        |
|   circulant_matrix_10_U                                                 |      |      |     | 1    |      |     |        |      |         |          |        |
|   circulant_matrix_110_U                                                |      |      |     | 1    |      |     |        |      |         |          |        |
|   circulant_matrix_111_U                                                |      |      |     | 1    |      |     |        |      |         |          |        |
|   circulant_matrix_112_U                                                |      |      |     | 1    |      |     |        |      |         |          |        |
|   circulant_matrix_113_U                                                |      |      |     | 1    |      |     |        |      |         |          |        |
|   circulant_matrix_114_U                                                |      |      |     | 1    |      |     |        |      |         |          |        |
|   circulant_matrix_115_U                                                |      |      |     | 1    |      |     |        |      |         |          |        |
|   circulant_matrix_116_U                                                |      |      |     | 1    |      |     |        |      |         |          |        |
|   circulant_matrix_117_U                                                |      |      |     | 1    |      |     |        |      |         |          |        |
|   circulant_matrix_118_U                                                |      |      |     | 1    |      |     |        |      |         |          |        |
|   circulant_matrix_119_U                                                |      |      |     | 1    |      |     |        |      |         |          |        |
|   circulant_matrix_11_U                                                 |      |      |     | 1    |      |     |        |      |         |          |        |
|   circulant_matrix_120_U                                                |      |      |     | 1    |      |     |        |      |         |          |        |
|   circulant_matrix_121_U                                                |      |      |     | 1    |      |     |        |      |         |          |        |
|   circulant_matrix_122_U                                                |      |      |     | 1    |      |     |        |      |         |          |        |
|   circulant_matrix_123_U                                                |      |      |     | 1    |      |     |        |      |         |          |        |
|   circulant_matrix_124_U                                                |      |      |     | 1    |      |     |        |      |         |          |        |
|   circulant_matrix_125_U                                                |      |      |     | 1    |      |     |        |      |         |          |        |
|   circulant_matrix_126_U                                                |      |      |     | 1    |      |     |        |      |         |          |        |
|   circulant_matrix_127_U                                                |      |      |     | 1    |      |     |        |      |         |          |        |
|   circulant_matrix_128_U                                                |      |      |     | 1    |      |     |        |      |         |          |        |
|   circulant_matrix_129_U                                                |      |      |     | 1    |      |     |        |      |         |          |        |
|   circulant_matrix_12_U                                                 |      |      |     | 1    |      |     |        |      |         |          |        |
|   circulant_matrix_130_U                                                |      |      |     | 1    |      |     |        |      |         |          |        |
|   circulant_matrix_131_U                                                |      |      |     | 1    |      |     |        |      |         |          |        |
|   circulant_matrix_132_U                                                |      |      |     | 1    |      |     |        |      |         |          |        |
|   circulant_matrix_133_U                                                |      |      |     | 1    |      |     |        |      |         |          |        |
|   circulant_matrix_134_U                                                |      |      |     | 1    |      |     |        |      |         |          |        |
|   circulant_matrix_135_U                                                |      |      |     | 1    |      |     |        |      |         |          |        |
|   circulant_matrix_136_U                                                |      |      |     | 1    |      |     |        |      |         |          |        |
|   circulant_matrix_137_U                                                |      |      |     | 1    |      |     |        |      |         |          |        |
|   circulant_matrix_138_U                                                |      |      |     | 1    |      |     |        |      |         |          |        |
|   circulant_matrix_139_U                                                |      |      |     | 1    |      |     |        |      |         |          |        |
|   circulant_matrix_13_U                                                 |      |      |     | 1    |      |     |        |      |         |          |        |
|   circulant_matrix_140_U                                                |      |      |     | 1    |      |     |        |      |         |          |        |
|   circulant_matrix_141_U                                                |      |      |     | 1    |      |     |        |      |         |          |        |
|   circulant_matrix_142_U                                                |      |      |     | 1    |      |     |        |      |         |          |        |
|   circulant_matrix_143_U                                                |      |      |     | 1    |      |     |        |      |         |          |        |
|   circulant_matrix_144_U                                                |      |      |     | 1    |      |     |        |      |         |          |        |
|   circulant_matrix_145_U                                                |      |      |     | 1    |      |     |        |      |         |          |        |
|   circulant_matrix_146_U                                                |      |      |     | 1    |      |     |        |      |         |          |        |
|   circulant_matrix_147_U                                                |      |      |     | 1    |      |     |        |      |         |          |        |
|   circulant_matrix_148_U                                                |      |      |     | 1    |      |     |        |      |         |          |        |
|   circulant_matrix_149_U                                                |      |      |     | 1    |      |     |        |      |         |          |        |
|   circulant_matrix_14_U                                                 |      |      |     | 1    |      |     |        |      |         |          |        |
|   circulant_matrix_150_U                                                |      |      |     | 1    |      |     |        |      |         |          |        |
|   circulant_matrix_151_U                                                |      |      |     | 1    |      |     |        |      |         |          |        |
|   circulant_matrix_152_U                                                |      |      |     | 1    |      |     |        |      |         |          |        |
|   circulant_matrix_153_U                                                |      |      |     | 1    |      |     |        |      |         |          |        |
|   circulant_matrix_154_U                                                |      |      |     | 1    |      |     |        |      |         |          |        |
|   circulant_matrix_155_U                                                |      |      |     | 1    |      |     |        |      |         |          |        |
|   circulant_matrix_156_U                                                |      |      |     | 1    |      |     |        |      |         |          |        |
|   circulant_matrix_157_U                                                |      |      |     | 1    |      |     |        |      |         |          |        |
|   circulant_matrix_158_U                                                |      |      |     | 1    |      |     |        |      |         |          |        |
|   circulant_matrix_159_U                                                |      |      |     | 1    |      |     |        |      |         |          |        |
|   circulant_matrix_15_U                                                 |      |      |     | 1    |      |     |        |      |         |          |        |
|   circulant_matrix_160_U                                                |      |      |     | 1    |      |     |        |      |         |          |        |
|   circulant_matrix_161_U                                                |      |      |     | 1    |      |     |        |      |         |          |        |
|   circulant_matrix_162_U                                                |      |      |     | 1    |      |     |        |      |         |          |        |
|   circulant_matrix_163_U                                                |      |      |     | 1    |      |     |        |      |         |          |        |
|   circulant_matrix_164_U                                                |      |      |     | 1    |      |     |        |      |         |          |        |
|   circulant_matrix_165_U                                                |      |      |     | 1    |      |     |        |      |         |          |        |
|   circulant_matrix_166_U                                                |      |      |     | 1    |      |     |        |      |         |          |        |
|   circulant_matrix_167_U                                                |      |      |     | 1    |      |     |        |      |         |          |        |
|   circulant_matrix_168_U                                                |      |      |     | 1    |      |     |        |      |         |          |        |
|   circulant_matrix_169_U                                                |      |      |     | 1    |      |     |        |      |         |          |        |
|   circulant_matrix_16_U                                                 |      |      |     | 1    |      |     |        |      |         |          |        |
|   circulant_matrix_170_U                                                |      |      |     | 1    |      |     |        |      |         |          |        |
|   circulant_matrix_171_U                                                |      |      |     | 1    |      |     |        |      |         |          |        |
|   circulant_matrix_172_U                                                |      |      |     | 1    |      |     |        |      |         |          |        |
|   circulant_matrix_173_U                                                |      |      |     | 1    |      |     |        |      |         |          |        |
|   circulant_matrix_174_U                                                |      |      |     | 1    |      |     |        |      |         |          |        |
|   circulant_matrix_175_U                                                |      |      |     | 1    |      |     |        |      |         |          |        |
|   circulant_matrix_176_U                                                |      |      |     | 1    |      |     |        |      |         |          |        |
|   circulant_matrix_177_U                                                |      |      |     | 1    |      |     |        |      |         |          |        |
|   circulant_matrix_178_U                                                |      |      |     | 1    |      |     |        |      |         |          |        |
|   circulant_matrix_179_U                                                |      |      |     | 1    |      |     |        |      |         |          |        |
|   circulant_matrix_17_U                                                 |      |      |     | 1    |      |     |        |      |         |          |        |
|   circulant_matrix_180_U                                                |      |      |     | 1    |      |     |        |      |         |          |        |
|   circulant_matrix_181_U                                                |      |      |     | 1    |      |     |        |      |         |          |        |
|   circulant_matrix_182_U                                                |      |      |     | 1    |      |     |        |      |         |          |        |
|   circulant_matrix_183_U                                                |      |      |     | 1    |      |     |        |      |         |          |        |
|   circulant_matrix_184_U                                                |      |      |     | 1    |      |     |        |      |         |          |        |
|   circulant_matrix_185_U                                                |      |      |     | 1    |      |     |        |      |         |          |        |
|   circulant_matrix_186_U                                                |      |      |     | 1    |      |     |        |      |         |          |        |
|   circulant_matrix_187_U                                                |      |      |     | 1    |      |     |        |      |         |          |        |
|   circulant_matrix_188_U                                                |      |      |     | 1    |      |     |        |      |         |          |        |
|   circulant_matrix_189_U                                                |      |      |     | 1    |      |     |        |      |         |          |        |
|   circulant_matrix_18_U                                                 |      |      |     | 1    |      |     |        |      |         |          |        |
|   circulant_matrix_190_U                                                |      |      |     | 1    |      |     |        |      |         |          |        |
|   circulant_matrix_191_U                                                |      |      |     | 1    |      |     |        |      |         |          |        |
|   circulant_matrix_192_U                                                |      |      |     | 1    |      |     |        |      |         |          |        |
|   circulant_matrix_193_U                                                |      |      |     | 1    |      |     |        |      |         |          |        |
|   circulant_matrix_194_U                                                |      |      |     | 1    |      |     |        |      |         |          |        |
|   circulant_matrix_195_U                                                |      |      |     | 1    |      |     |        |      |         |          |        |
|   circulant_matrix_196_U                                                |      |      |     | 1    |      |     |        |      |         |          |        |
|   circulant_matrix_197_U                                                |      |      |     | 1    |      |     |        |      |         |          |        |
|   circulant_matrix_198_U                                                |      |      |     | 1    |      |     |        |      |         |          |        |
|   circulant_matrix_199_U                                                |      |      |     | 1    |      |     |        |      |         |          |        |
|   circulant_matrix_19_U                                                 |      |      |     | 1    |      |     |        |      |         |          |        |
|   circulant_matrix_1_U                                                  |      |      |     | 1    |      |     |        |      |         |          |        |
|   circulant_matrix_20_U                                                 |      |      |     | 1    |      |     |        |      |         |          |        |
|   circulant_matrix_21_U                                                 |      |      |     | 1    |      |     |        |      |         |          |        |
|   circulant_matrix_22_U                                                 |      |      |     | 1    |      |     |        |      |         |          |        |
|   circulant_matrix_23_U                                                 |      |      |     | 1    |      |     |        |      |         |          |        |
|   circulant_matrix_24_U                                                 |      |      |     | 1    |      |     |        |      |         |          |        |
|   circulant_matrix_25_U                                                 |      |      |     | 1    |      |     |        |      |         |          |        |
|   circulant_matrix_26_U                                                 |      |      |     | 1    |      |     |        |      |         |          |        |
|   circulant_matrix_27_U                                                 |      |      |     | 1    |      |     |        |      |         |          |        |
|   circulant_matrix_28_U                                                 |      |      |     | 1    |      |     |        |      |         |          |        |
|   circulant_matrix_29_U                                                 |      |      |     | 1    |      |     |        |      |         |          |        |
|   circulant_matrix_2_U                                                  |      |      |     | 1    |      |     |        |      |         |          |        |
|   circulant_matrix_30_U                                                 |      |      |     | 1    |      |     |        |      |         |          |        |
|   circulant_matrix_31_U                                                 |      |      |     | 1    |      |     |        |      |         |          |        |
|   circulant_matrix_32_U                                                 |      |      |     | 1    |      |     |        |      |         |          |        |
|   circulant_matrix_33_U                                                 |      |      |     | 1    |      |     |        |      |         |          |        |
|   circulant_matrix_34_U                                                 |      |      |     | 1    |      |     |        |      |         |          |        |
|   circulant_matrix_35_U                                                 |      |      |     | 1    |      |     |        |      |         |          |        |
|   circulant_matrix_36_U                                                 |      |      |     | 1    |      |     |        |      |         |          |        |
|   circulant_matrix_37_U                                                 |      |      |     | 1    |      |     |        |      |         |          |        |
|   circulant_matrix_38_U                                                 |      |      |     | 1    |      |     |        |      |         |          |        |
|   circulant_matrix_39_U                                                 |      |      |     | 1    |      |     |        |      |         |          |        |
|   circulant_matrix_3_U                                                  |      |      |     | 1    |      |     |        |      |         |          |        |
|   circulant_matrix_40_U                                                 |      |      |     | 1    |      |     |        |      |         |          |        |
|   circulant_matrix_41_U                                                 |      |      |     | 1    |      |     |        |      |         |          |        |
|   circulant_matrix_42_U                                                 |      |      |     | 1    |      |     |        |      |         |          |        |
|   circulant_matrix_43_U                                                 |      |      |     | 1    |      |     |        |      |         |          |        |
|   circulant_matrix_44_U                                                 |      |      |     | 1    |      |     |        |      |         |          |        |
|   circulant_matrix_45_U                                                 |      |      |     | 1    |      |     |        |      |         |          |        |
|   circulant_matrix_46_U                                                 |      |      |     | 1    |      |     |        |      |         |          |        |
|   circulant_matrix_47_U                                                 |      |      |     | 1    |      |     |        |      |         |          |        |
|   circulant_matrix_48_U                                                 |      |      |     | 1    |      |     |        |      |         |          |        |
|   circulant_matrix_49_U                                                 |      |      |     | 1    |      |     |        |      |         |          |        |
|   circulant_matrix_4_U                                                  |      |      |     | 1    |      |     |        |      |         |          |        |
|   circulant_matrix_50_U                                                 |      |      |     | 1    |      |     |        |      |         |          |        |
|   circulant_matrix_51_U                                                 |      |      |     | 1    |      |     |        |      |         |          |        |
|   circulant_matrix_52_U                                                 |      |      |     | 1    |      |     |        |      |         |          |        |
|   circulant_matrix_53_U                                                 |      |      |     | 1    |      |     |        |      |         |          |        |
|   circulant_matrix_54_U                                                 |      |      |     | 1    |      |     |        |      |         |          |        |
|   circulant_matrix_55_U                                                 |      |      |     | 1    |      |     |        |      |         |          |        |
|   circulant_matrix_56_U                                                 |      |      |     | 1    |      |     |        |      |         |          |        |
|   circulant_matrix_57_U                                                 |      |      |     | 1    |      |     |        |      |         |          |        |
|   circulant_matrix_58_U                                                 |      |      |     | 1    |      |     |        |      |         |          |        |
|   circulant_matrix_59_U                                                 |      |      |     | 1    |      |     |        |      |         |          |        |
|   circulant_matrix_5_U                                                  |      |      |     | 1    |      |     |        |      |         |          |        |
|   circulant_matrix_60_U                                                 |      |      |     | 1    |      |     |        |      |         |          |        |
|   circulant_matrix_61_U                                                 |      |      |     | 1    |      |     |        |      |         |          |        |
|   circulant_matrix_62_U                                                 |      |      |     | 1    |      |     |        |      |         |          |        |
|   circulant_matrix_63_U                                                 |      |      |     | 1    |      |     |        |      |         |          |        |
|   circulant_matrix_64_U                                                 |      |      |     | 1    |      |     |        |      |         |          |        |
|   circulant_matrix_65_U                                                 |      |      |     | 1    |      |     |        |      |         |          |        |
|   circulant_matrix_66_U                                                 |      |      |     | 1    |      |     |        |      |         |          |        |
|   circulant_matrix_67_U                                                 |      |      |     | 1    |      |     |        |      |         |          |        |
|   circulant_matrix_68_U                                                 |      |      |     | 1    |      |     |        |      |         |          |        |
|   circulant_matrix_69_U                                                 |      |      |     | 1    |      |     |        |      |         |          |        |
|   circulant_matrix_6_U                                                  |      |      |     | 1    |      |     |        |      |         |          |        |
|   circulant_matrix_70_U                                                 |      |      |     | 1    |      |     |        |      |         |          |        |
|   circulant_matrix_71_U                                                 |      |      |     | 1    |      |     |        |      |         |          |        |
|   circulant_matrix_72_U                                                 |      |      |     | 1    |      |     |        |      |         |          |        |
|   circulant_matrix_73_U                                                 |      |      |     | 1    |      |     |        |      |         |          |        |
|   circulant_matrix_74_U                                                 |      |      |     | 1    |      |     |        |      |         |          |        |
|   circulant_matrix_75_U                                                 |      |      |     | 1    |      |     |        |      |         |          |        |
|   circulant_matrix_76_U                                                 |      |      |     | 1    |      |     |        |      |         |          |        |
|   circulant_matrix_77_U                                                 |      |      |     | 1    |      |     |        |      |         |          |        |
|   circulant_matrix_78_U                                                 |      |      |     | 1    |      |     |        |      |         |          |        |
|   circulant_matrix_79_U                                                 |      |      |     | 1    |      |     |        |      |         |          |        |
|   circulant_matrix_7_U                                                  |      |      |     | 1    |      |     |        |      |         |          |        |
|   circulant_matrix_80_U                                                 |      |      |     | 1    |      |     |        |      |         |          |        |
|   circulant_matrix_81_U                                                 |      |      |     | 1    |      |     |        |      |         |          |        |
|   circulant_matrix_82_U                                                 |      |      |     | 1    |      |     |        |      |         |          |        |
|   circulant_matrix_83_U                                                 |      |      |     | 1    |      |     |        |      |         |          |        |
|   circulant_matrix_84_U                                                 |      |      |     | 1    |      |     |        |      |         |          |        |
|   circulant_matrix_85_U                                                 |      |      |     | 1    |      |     |        |      |         |          |        |
|   circulant_matrix_86_U                                                 |      |      |     | 1    |      |     |        |      |         |          |        |
|   circulant_matrix_87_U                                                 |      |      |     | 1    |      |     |        |      |         |          |        |
|   circulant_matrix_88_U                                                 |      |      |     | 1    |      |     |        |      |         |          |        |
|   circulant_matrix_89_U                                                 |      |      |     | 1    |      |     |        |      |         |          |        |
|   circulant_matrix_8_U                                                  |      |      |     | 1    |      |     |        |      |         |          |        |
|   circulant_matrix_90_U                                                 |      |      |     | 1    |      |     |        |      |         |          |        |
|   circulant_matrix_91_U                                                 |      |      |     | 1    |      |     |        |      |         |          |        |
|   circulant_matrix_92_U                                                 |      |      |     | 1    |      |     |        |      |         |          |        |
|   circulant_matrix_93_U                                                 |      |      |     | 1    |      |     |        |      |         |          |        |
|   circulant_matrix_94_U                                                 |      |      |     | 1    |      |     |        |      |         |          |        |
|   circulant_matrix_95_U                                                 |      |      |     | 1    |      |     |        |      |         |          |        |
|   circulant_matrix_96_U                                                 |      |      |     | 1    |      |     |        |      |         |          |        |
|   circulant_matrix_97_U                                                 |      |      |     | 1    |      |     |        |      |         |          |        |
|   circulant_matrix_98_U                                                 |      |      |     | 1    |      |     |        |      |         |          |        |
|   circulant_matrix_99_U                                                 |      |      |     | 1    |      |     |        |      |         |          |        |
|   circulant_matrix_9_U                                                  |      |      |     | 1    |      |     |        |      |         |          |        |
|   circulant_matrix_U                                                    |      |      |     | 1    |      |     |        |      |         |          |        |
|   control_r_s_axi_U                                                     | 140  | 169  |     |      |      |     |        |      |         |          |        |
|   control_s_axi_U                                                       | 80   | 84   |     |      |      |     |        |      |         |          |        |
|   gmem_m_axi_U                                                          | 1354 | 2049 |     | 2    |      |     |        |      |         |          |        |
|   grp_lstm_function_Pipeline_VITIS_LOOP_104_6_fu_4050                   | 22   | 23   |     |      |      |     |        |      |         |          |        |
|     (grp_lstm_function_Pipeline_VITIS_LOOP_104_6_fu_4050)               | 5    | 21   |     |      |      |     |        |      |         |          |        |
|   grp_lstm_function_Pipeline_VITIS_LOOP_59_1_fu_3422                    | 24   | 19   |     |      |      |     |        |      |         |          |        |
|     (grp_lstm_function_Pipeline_VITIS_LOOP_59_1_fu_3422)                |      | 9    |     |      |      |     |        |      |         |          |        |
|     lstm_weights_0_txt_0_U                                              | 11   | 8    |     |      |      |     |        |      |         |          |        |
|   grp_lstm_function_Pipeline_VITIS_LOOP_64_2_fu_3414                    | 46   | 26   |     |      |      |     |        |      |         |          |        |
|     (grp_lstm_function_Pipeline_VITIS_LOOP_64_2_fu_3414)                | 4    | 17   |     |      |      |     |        |      |         |          |        |
|     flow_control_loop_pipe_sequential_init_U                            | 43   | 2    |     |      |      |     |        |      |         |          |        |
|     lstm_weights_1_txt_0_U                                              |      | 7    |     |      |      |     |        |      |         |          |        |
|   grp_lstm_function_Pipeline_VITIS_LOOP_69_3_fu_3406                    | 62   | 26   |     |      |      |     |        |      |         |          |        |
|     (grp_lstm_function_Pipeline_VITIS_LOOP_69_3_fu_3406)                | 12   | 17   |     |      |      |     |        |      |         |          |        |
|     flow_control_loop_pipe_sequential_init_U                            | 51   | 2    |     |      |      |     |        |      |         |          |        |
|     lstm_weights_2_txt_0_U                                              |      | 7    |     |      |      |     |        |      |         |          |        |
|   grp_lstm_function_Pipeline_VITIS_LOOP_93_5_fu_3640                    | 904  | 49   | 1   |      |      |     |        |      |         |          |        |
|     (grp_lstm_function_Pipeline_VITIS_LOOP_93_5_fu_3640)                | 10   | 47   |     |      |      |     |        |      |         |          |        |
|     flow_control_loop_pipe_sequential_init_U                            | 893  | 2    |     |      |      |     |        |      |         |          |        |
|     mac_muladd_16s_16s_24ns_24_4_1_U214                                 | 1    |      | 1   |      |      |     |        |      |         |          |        |
|   grp_lstm_function_Pipeline_VITIS_LOOP_9_1_VITIS_LOOP_10_2_fu_3430     | 412  | 352  |     |      |      |     |        |      |         |          |        |
|     (grp_lstm_function_Pipeline_VITIS_LOOP_9_1_VITIS_LOOP_10_2_fu_3430) | 261  | 265  |     |      |      |     |        |      |         |          |        |
|     flow_control_loop_pipe_sequential_init_U                            | 62   | 2    |     |      |      |     |        |      |         |          |        |
|     urem_9ns_8ns_9_13_1_U7                                              | 89   | 85   |     |      |      |     |        |      |         |          |        |
|   intermediate_U                                                        | 14   |      |     | 1    |      |     |        |      |         |          |        |
|   matrix_row_U                                                          | 13   |      |     | 1    |      |     |        |      |         |          |        |
+-------------------------------------------------------------------------+------+------+-----+------+------+-----+--------+------+---------+----------+--------+


================================================================
== Place & Route Fail Fast
================================================================
+-----------------------------------------------------------+-----------+--------+--------+
| Criteria                                                  | Guideline | Actual | Status |
+-----------------------------------------------------------+-----------+--------+--------+
| LUT                                                       | 70%       | 3.03%  | OK     |
| FD                                                        | 50%       | 1.59%  | OK     |
| LUTRAM+SRL                                                | 25%       | 0.50%  | OK     |
| MUXF7                                                     | 15%       | 0.84%  | OK     |
| DSP                                                       | 80%       | 0.33%  | OK     |
| RAMB/FIFO                                                 | 80%       | 31.38% | OK     |
| DSP+RAMB+URAM (Avg)                                       | 70%       | 15.85% | OK     |
| BUFGCE* + BUFGCTRL                                        | 24        | 0      | OK     |
| DONT_TOUCH (cells/nets)                                   | 0         | 0      | OK     |
| MARK_DEBUG (nets)                                         | 0         | 0      | OK     |
| Control Sets                                              | 1901      | 113    | OK     |
| Average Fanout for modules > 100k cells                   | 4         | 2.79   | OK     |
| Max Average Fanout for modules > 100k cells               | 4         | 0      | OK     |
| Non-FD high fanout nets > 10k loads                       | 0         | 0      | OK     |
+-----------------------------------------------------------+-----------+--------+--------+
| TIMING-6 (No common primary clock between related clocks) | 0         | 0      | OK     |
| TIMING-7 (No common node between related clocks)          | 0         | 0      | OK     |
| TIMING-8 (No common period between related clocks)        | 0         | 0      | OK     |
| TIMING-14 (LUT on the clock tree)                         | 0         | 0      | OK     |
| TIMING-35 (No common node in paths with the same clock)   | 0         | 0      | OK     |
+-----------------------------------------------------------+-----------+--------+--------+
| Number of paths above max LUT budgeting (0.500ns)         | 0         | 0      | OK     |
| Number of paths above max Net budgeting (0.350ns)         | 0         | 0      | OK     |
+-----------------------------------------------------------+-----------+--------+--------+


================================================================
== Place & Route Timing Paths
================================================================
* Timing was met
+-------+-------+--------------------------------+------------------------------------------+--------------+------------+----------------+----------------+--------------+
| Path  | SLACK | STARTPOINT PIN                 | ENDPOINT PIN                             | LOGIC LEVELS | MAX FANOUT | DATAPATH DELAY | DATAPATH LOGIC | DATAPATH NET |
|       |       |                                |                                          |              |            |                |          DELAY |        DELAY |
+-------+-------+--------------------------------+------------------------------------------+--------------+------------+----------------+----------------+--------------+
| Path1 | 1.132 | matrix_row_U/ram_reg/CLKARDCLK | circulant_matrix_133_U/ram_reg/DIADI[15] |            0 |        200 |          8.624 |          1.800 |        6.824 |
| Path2 | 1.155 | matrix_row_U/ram_reg/CLKARDCLK | circulant_matrix_131_U/ram_reg/DIADI[15] |            0 |        200 |          8.600 |          1.800 |        6.800 |
| Path3 | 1.203 | matrix_row_U/ram_reg/CLKARDCLK | circulant_matrix_143_U/ram_reg/DIADI[2]  |            0 |        200 |          8.553 |          1.800 |        6.753 |
| Path4 | 1.219 | matrix_row_U/ram_reg/CLKARDCLK | circulant_matrix_88_U/ram_reg/DIADI[9]   |            0 |        200 |          8.537 |          1.800 |        6.737 |
| Path5 | 1.221 | matrix_row_U/ram_reg/CLKARDCLK | circulant_matrix_93_U/ram_reg/DIADI[9]   |            0 |        200 |          8.534 |          1.800 |        6.734 |
+-------+-------+--------------------------------+------------------------------------------+--------------+------------+----------------+----------------+--------------+

    +--------------------------------+--------------------+
    | Path1 Cells                    | Primitive Type     |
    +--------------------------------+--------------------+
    | matrix_row_U/ram_reg           | BMEM.bram.RAMB18E1 |
    | circulant_matrix_133_U/ram_reg | BMEM.bram.RAMB18E1 |
    | matrix_row_U/ram_reg           | BMEM.bram.RAMB18E1 |
    | circulant_matrix_131_U/ram_reg | BMEM.bram.RAMB18E1 |
    | matrix_row_U/ram_reg           | BMEM.bram.RAMB18E1 |
    | circulant_matrix_143_U/ram_reg | BMEM.bram.RAMB18E1 |
    | matrix_row_U/ram_reg           | BMEM.bram.RAMB18E1 |
    | circulant_matrix_88_U/ram_reg  | BMEM.bram.RAMB18E1 |
    | matrix_row_U/ram_reg           | BMEM.bram.RAMB18E1 |
    | circulant_matrix_93_U/ram_reg  | BMEM.bram.RAMB18E1 |
    +--------------------------------+--------------------+

    +--------------------------------+--------------------+
    | Path2 Cells                    | Primitive Type     |
    +--------------------------------+--------------------+
    | matrix_row_U/ram_reg           | BMEM.bram.RAMB18E1 |
    | circulant_matrix_133_U/ram_reg | BMEM.bram.RAMB18E1 |
    | matrix_row_U/ram_reg           | BMEM.bram.RAMB18E1 |
    | circulant_matrix_131_U/ram_reg | BMEM.bram.RAMB18E1 |
    | matrix_row_U/ram_reg           | BMEM.bram.RAMB18E1 |
    | circulant_matrix_143_U/ram_reg | BMEM.bram.RAMB18E1 |
    | matrix_row_U/ram_reg           | BMEM.bram.RAMB18E1 |
    | circulant_matrix_88_U/ram_reg  | BMEM.bram.RAMB18E1 |
    | matrix_row_U/ram_reg           | BMEM.bram.RAMB18E1 |
    | circulant_matrix_93_U/ram_reg  | BMEM.bram.RAMB18E1 |
    +--------------------------------+--------------------+

    +--------------------------------+--------------------+
    | Path3 Cells                    | Primitive Type     |
    +--------------------------------+--------------------+
    | matrix_row_U/ram_reg           | BMEM.bram.RAMB18E1 |
    | circulant_matrix_133_U/ram_reg | BMEM.bram.RAMB18E1 |
    | matrix_row_U/ram_reg           | BMEM.bram.RAMB18E1 |
    | circulant_matrix_131_U/ram_reg | BMEM.bram.RAMB18E1 |
    | matrix_row_U/ram_reg           | BMEM.bram.RAMB18E1 |
    | circulant_matrix_143_U/ram_reg | BMEM.bram.RAMB18E1 |
    | matrix_row_U/ram_reg           | BMEM.bram.RAMB18E1 |
    | circulant_matrix_88_U/ram_reg  | BMEM.bram.RAMB18E1 |
    | matrix_row_U/ram_reg           | BMEM.bram.RAMB18E1 |
    | circulant_matrix_93_U/ram_reg  | BMEM.bram.RAMB18E1 |
    +--------------------------------+--------------------+

    +--------------------------------+--------------------+
    | Path4 Cells                    | Primitive Type     |
    +--------------------------------+--------------------+
    | matrix_row_U/ram_reg           | BMEM.bram.RAMB18E1 |
    | circulant_matrix_133_U/ram_reg | BMEM.bram.RAMB18E1 |
    | matrix_row_U/ram_reg           | BMEM.bram.RAMB18E1 |
    | circulant_matrix_131_U/ram_reg | BMEM.bram.RAMB18E1 |
    | matrix_row_U/ram_reg           | BMEM.bram.RAMB18E1 |
    | circulant_matrix_143_U/ram_reg | BMEM.bram.RAMB18E1 |
    | matrix_row_U/ram_reg           | BMEM.bram.RAMB18E1 |
    | circulant_matrix_88_U/ram_reg  | BMEM.bram.RAMB18E1 |
    | matrix_row_U/ram_reg           | BMEM.bram.RAMB18E1 |
    | circulant_matrix_93_U/ram_reg  | BMEM.bram.RAMB18E1 |
    +--------------------------------+--------------------+

    +--------------------------------+--------------------+
    | Path5 Cells                    | Primitive Type     |
    +--------------------------------+--------------------+
    | matrix_row_U/ram_reg           | BMEM.bram.RAMB18E1 |
    | circulant_matrix_133_U/ram_reg | BMEM.bram.RAMB18E1 |
    | matrix_row_U/ram_reg           | BMEM.bram.RAMB18E1 |
    | circulant_matrix_131_U/ram_reg | BMEM.bram.RAMB18E1 |
    | matrix_row_U/ram_reg           | BMEM.bram.RAMB18E1 |
    | circulant_matrix_143_U/ram_reg | BMEM.bram.RAMB18E1 |
    | matrix_row_U/ram_reg           | BMEM.bram.RAMB18E1 |
    | circulant_matrix_88_U/ram_reg  | BMEM.bram.RAMB18E1 |
    | matrix_row_U/ram_reg           | BMEM.bram.RAMB18E1 |
    | circulant_matrix_93_U/ram_reg  | BMEM.bram.RAMB18E1 |
    +--------------------------------+--------------------+


================================================================
== Place & Route Vivado Reports
================================================================
+--------------------------+-----------------------------------------------------------------------+
| Report Type              | Report Location                                                       |
+--------------------------+-----------------------------------------------------------------------+
| design_analysis          | impl/verilog/report/lstm_function_design_analysis_routed.rpt          |
| failfast                 | impl/verilog/report/lstm_function_failfast_routed.rpt                 |
| power                    | impl/verilog/report/lstm_function_power_routed.rpt                    |
| status                   | impl/verilog/report/lstm_function_status_routed.rpt                   |
| timing                   | impl/verilog/report/lstm_function_timing_routed.rpt                   |
| timing_paths             | impl/verilog/report/lstm_function_timing_paths_routed.rpt             |
| utilization              | impl/verilog/report/lstm_function_utilization_routed.rpt              |
| utilization_hierarchical | impl/verilog/report/lstm_function_utilization_hierarchical_routed.rpt |
+--------------------------+-----------------------------------------------------------------------+


