INFO: [SIM 2] *************** CSIM start ***************
INFO: [SIM 4] CSIM will launch CLANG as the compiler.
   Compiling ../../../../lstm_tb.cpp in debug mode
   Compiling ../../../../updated_weights.cpp in debug mode
   Compiling ../../../../lstm_new.cpp in debug mode
   Generating csim.exe
Makefile.rules:349: recipe for target 'csim.exe' failed
In file included from ../../../../lstm_tb.cpp:1:
In file included from ../../../../weights_dimensions.h:4:
In file included from ../../../../new_updated_weights.h:5:
In file included from D:/xilinx/Vitis/2024.2/include/ap_fixed.h:9:
In file included from D:/xilinx/Vitis/2024.2/include/etc/ap_common.h:658:
In file included from D:/xilinx/Vitis/2024.2/include/etc/ap_private.h:68:
In file included from D:/xilinx/Vitis/2024.2/include/hls_half.h:26:
In file included from D:/xilinx/Vitis/2024.2/include/etc/hls_half_fpo.h:19:
In file included from D:/xilinx/Vitis/2024.2/include/hls_fpo.h:140:
In file included from D:/xilinx/Vitis/2024.2/include/floating_point_v7_1_bitacc_cmodel.h:150:
D:/xilinx/Vitis/2024.2/include/gmp.h:58:9: warning: '__GMP_LIBGMP_DLL' macro redefined [-Wmacro-redefined]
#define __GMP_LIBGMP_DLL  0
        ^
D:/xilinx/Vitis/2024.2/include/floating_point_v7_1_bitacc_cmodel.h:142:9: note: previous definition is here
#define __GMP_LIBGMP_DLL 1
        ^
1 warning generated.
In file included from ../../../../updated_weights.cpp:3:
In file included from D:/xilinx/Vitis/2024.2/include/ap_fixed.h:9:
In file included from D:/xilinx/Vitis/2024.2/include/etc/ap_common.h:658:
In file included from D:/xilinx/Vitis/2024.2/include/etc/ap_private.h:68:
In file included from D:/xilinx/Vitis/2024.2/include/hls_half.h:26:
In file included from D:/xilinx/Vitis/2024.2/include/etc/hls_half_fpo.h:19:
In file included from D:/xilinx/Vitis/2024.2/include/hls_fpo.h:140:
In file included from D:/xilinx/Vitis/2024.2/include/floating_point_v7_1_bitacc_cmodel.h:150:
D:/xilinx/Vitis/2024.2/include/gmp.h:58:9: warning: '__GMP_LIBGMP_DLL' macro redefined [-Wmacro-redefined]
#define __GMP_LIBGMP_DLL  0
        ^
D:/xilinx/Vitis/2024.2/include/floating_point_v7_1_bitacc_cmodel.h:142:9: note: previous definition is here
#define __GMP_LIBGMP_DLL 1
        ^
1 warning generated.
In file included from ../../../../lstm_new.cpp:2:
In file included from D:/xilinx/Vitis/2024.2/include/ap_fixed.h:9:
In file included from D:/xilinx/Vitis/2024.2/include/etc/ap_common.h:658:
In file included from D:/xilinx/Vitis/2024.2/include/etc/ap_private.h:68:
In file included from D:/xilinx/Vitis/2024.2/include/hls_half.h:26:
In file included from D:/xilinx/Vitis/2024.2/include/etc/hls_half_fpo.h:19:
In file included from D:/xilinx/Vitis/2024.2/include/hls_fpo.h:140:
In file included from D:/xilinx/Vitis/2024.2/include/floating_point_v7_1_bitacc_cmodel.h:150:
D:/xilinx/Vitis/2024.2/include/gmp.h:58:9: warning: '__GMP_LIBGMP_DLL' macro redefined [-Wmacro-redefined]
#define __GMP_LIBGMP_DLL  0
        ^
D:/xilinx/Vitis/2024.2/include/floating_point_v7_1_bitacc_cmodel.h:142:9: note: previous definition is here
#define __GMP_LIBGMP_DLL 1
        ^
1 warning generated.
ld.lld: error: duplicate symbol: lstm_function(ap_fixed<16, 8, (ap_q_mode)5, (ap_o_mode)3, 0> const*, ap_fixed<16, 8, (ap_q_mode)5, (ap_o_mode)3, 0>*, int)
>>> defined at ../../../../lstm_new.cpp:26
>>>            obj/lstm_tb.o
>>> defined at ../../../../lstm_new.cpp:26
>>>            obj/lstm_new.o
clang++: error: linker command failed with exit code 1 (use -v to see invocation)
make: *** [csim.exe] Error 1
ERR: [SIM 100] CSim file generation failed: compilation error(s).
INFO: [SIM 3] *************** CSIM finish ***************
