C:\Users\Abbas_Sheik\Desktop\LSTM_FPGA\new_hls_component\new_hls_component\hls\.autopilot\db\block_circulant.pp.0.cpp:2271:5: warning: Added loop label VITIS_LOOP_676_1:   [xilinx-label-all-loops]
    for (unsigned i = low; i != high+1; ++i) {
    ^~~
    VITIS_LOOP_676_1: 
C:\Users\Abbas_Sheik\Desktop\LSTM_FPGA\new_hls_component\new_hls_component\hls\.autopilot\db\block_circulant.pp.0.cpp:2271:5: note: FIX-IT applied suggested code changes
C:\Users\Abbas_Sheik\Desktop\LSTM_FPGA\new_hls_component\new_hls_component\hls\.autopilot\db\block_circulant.pp.0.cpp:2285:5: warning: Added loop label VITIS_LOOP_690_1:   [xilinx-label-all-loops]
    for (unsigned i = low; i != high+1; ++i) {
    ^~~
    VITIS_LOOP_690_1: 
C:\Users\Abbas_Sheik\Desktop\LSTM_FPGA\new_hls_component\new_hls_component\hls\.autopilot\db\block_circulant.pp.0.cpp:2285:5: note: FIX-IT applied suggested code changes
C:\Users\Abbas_Sheik\Desktop\LSTM_FPGA\new_hls_component\new_hls_component\hls\.autopilot\db\block_circulant.pp.0.cpp:2299:5: warning: Added loop label VITIS_LOOP_704_1:   [xilinx-label-all-loops]
    for (unsigned i = low; i != high+1; ++i) {
    ^~~
    VITIS_LOOP_704_1: 
C:\Users\Abbas_Sheik\Desktop\LSTM_FPGA\new_hls_component\new_hls_component\hls\.autopilot\db\block_circulant.pp.0.cpp:2299:5: note: FIX-IT applied suggested code changes
C:\Users\Abbas_Sheik\Desktop\LSTM_FPGA\new_hls_component\new_hls_component\hls\.autopilot\db\block_circulant.pp.0.cpp:3921:7: warning: Added loop label VITIS_LOOP_1248_1:   [xilinx-label-all-loops]
      for (i = 0; i < __N - 1; ++i) {
      ^~~
      VITIS_LOOP_1248_1: 
C:\Users\Abbas_Sheik\Desktop\LSTM_FPGA\new_hls_component\new_hls_component\hls\.autopilot\db\block_circulant.pp.0.cpp:3921:7: note: FIX-IT applied suggested code changes
C:\Users\Abbas_Sheik\Desktop\LSTM_FPGA\new_hls_component\new_hls_component\hls\.autopilot\db\block_circulant.pp.0.cpp:6491:5: warning: Added loop label VITIS_LOOP_9_1:   [xilinx-label-all-loops]
    for (int i = 0; i < size; i++) {
    ^~~
    VITIS_LOOP_9_1: 
C:\Users\Abbas_Sheik\Desktop\LSTM_FPGA\new_hls_component\new_hls_component\hls\.autopilot\db\block_circulant.pp.0.cpp:6491:5: note: FIX-IT applied suggested code changes
C:\Users\Abbas_Sheik\Desktop\LSTM_FPGA\new_hls_component\new_hls_component\hls\.autopilot\db\block_circulant.pp.0.cpp:6492:9: warning: Added loop label VITIS_LOOP_10_2:   [xilinx-label-all-loops]
        for (int j = 0; j < size; j++) {
        ^~~
        VITIS_LOOP_10_2: 
C:\Users\Abbas_Sheik\Desktop\LSTM_FPGA\new_hls_component\new_hls_component\hls\.autopilot\db\block_circulant.pp.0.cpp:6492:9: note: FIX-IT applied suggested code changes
C:\Users\Abbas_Sheik\Desktop\LSTM_FPGA\new_hls_component\new_hls_component\hls\.autopilot\db\block_circulant.pp.0.cpp:6512:5: warning: Added loop label VITIS_LOOP_30_1:   [xilinx-label-all-loops]
    for (int i = 0; i < size; i++) {
    ^~~
    VITIS_LOOP_30_1: 
C:\Users\Abbas_Sheik\Desktop\LSTM_FPGA\new_hls_component\new_hls_component\hls\.autopilot\db\block_circulant.pp.0.cpp:6512:5: note: FIX-IT applied suggested code changes
C:\Users\Abbas_Sheik\Desktop\LSTM_FPGA\new_hls_component\new_hls_component\hls\.autopilot\db\block_circulant.pp.0.cpp:6521:5: warning: Added loop label VITIS_LOOP_39_2:   [xilinx-label-all-loops]
    for (int i = 0; i < size; i++) {
    ^~~
    VITIS_LOOP_39_2: 
C:\Users\Abbas_Sheik\Desktop\LSTM_FPGA\new_hls_component\new_hls_component\hls\.autopilot\db\block_circulant.pp.0.cpp:6521:5: note: FIX-IT applied suggested code changes
C:\Users\Abbas_Sheik\Desktop\LSTM_FPGA\new_hls_component\new_hls_component\hls\.autopilot\db\block_circulant.pp.0.cpp:6529:5: warning: Added loop label VITIS_LOOP_47_3:   [xilinx-label-all-loops]
    for (int i = 0; i < size; i++) {
    ^~~
    VITIS_LOOP_47_3: 
C:\Users\Abbas_Sheik\Desktop\LSTM_FPGA\new_hls_component\new_hls_component\hls\.autopilot\db\block_circulant.pp.0.cpp:6529:5: note: FIX-IT applied suggested code changes
