

================================================================
== Vitis HLS Report for 'lstm_function_Pipeline_VITIS_LOOP_64_2'
================================================================
* Date:           Fri Mar 28 16:05:00 2025

* Version:        2024.2 (Build 5238294 on Nov  8 2024)
* Project:        new_hls_component
* Solution:       hls (Vivado IP Flow Target)
* Product family: kintex7
* Target device:  xc7k160t-fbg676-2L


================================================================
== Performance Estimates
================================================================
+ Timing: 
    * Summary: 
    +--------+----------+----------+------------+
    |  Clock |  Target  | Estimated| Uncertainty|
    +--------+----------+----------+------------+
    |ap_clk  |  10.00 ns|  4.532 ns|     1.00 ns|
    +--------+----------+----------+------------+

+ Latency: 
    * Summary: 
    +---------+---------+----------+----------+-----+-----+------------------------------------------------+
    |  Latency (cycles) |  Latency (absolute) |  Interval |                    Pipeline                    |
    |   min   |   max   |    min   |    max   | min | max |                      Type                      |
    +---------+---------+----------+----------+-----+-----+------------------------------------------------+
    |      202|      202|  2.020 us|  2.020 us|  201|  201|  loop auto-rewind stp (delay=0 clock cycles(s))|
    +---------+---------+----------+----------+-----+-----+------------------------------------------------+

    + Detail: 
        * Instance: 
        N/A

        * Loop: 
        +-------------------+---------+---------+----------+-----------+-----------+------+----------+
        |                   |  Latency (cycles) | Iteration|  Initiation Interval  | Trip |          |
        |     Loop Name     |   min   |   max   |  Latency |  achieved |   target  | Count| Pipelined|
        +-------------------+---------+---------+----------+-----------+-----------+------+----------+
        |- VITIS_LOOP_64_2  |      200|      200|         2|          1|          1|   200|       yes|
        +-------------------+---------+---------+----------+-----------+-----------+------+----------+



================================================================
== Utilization Estimates
================================================================
* Summary: 
+-----------------+---------+-----+--------+--------+-----+
|       Name      | BRAM_18K| DSP |   FF   |   LUT  | URAM|
+-----------------+---------+-----+--------+--------+-----+
|DSP              |        -|    -|       -|       -|    -|
|Expression       |        -|    -|       0|      32|    -|
|FIFO             |        -|    -|       -|       -|    -|
|Instance         |        -|    -|       -|       -|    -|
|Memory           |        1|    -|       0|       0|    -|
|Multiplexer      |        -|    -|       0|      36|    -|
|Register         |        -|    -|      19|       -|    -|
+-----------------+---------+-----+--------+--------+-----+
|Total            |        1|    0|      19|      68|    0|
+-----------------+---------+-----+--------+--------+-----+
|Available        |      650|  600|  202800|  101400|    0|
+-----------------+---------+-----+--------+--------+-----+
|Utilization (%)  |       ~0|    0|      ~0|      ~0|    0|
+-----------------+---------+-----+--------+--------+-----+

+ Detail: 
    * Instance: 
    N/A

    * DSP: 
    N/A

    * Memory: 
    +------------------------+-------------------------------------------------------------------------+---------+---+----+-----+------+-----+------+-------------+
    |         Memory         |                                  Module                                 | BRAM_18K| FF| LUT| URAM| Words| Bits| Banks| W*Bits*Banks|
    +------------------------+-------------------------------------------------------------------------+---------+---+----+-----+------+-----+------+-------------+
    |lstm_weights_1_txt_0_U  |lstm_function_Pipeline_VITIS_LOOP_64_2_lstm_weights_1_txt_0_ROM_AUTO_1R  |        1|  0|   0|    0|   200|   15|     1|         3000|
    +------------------------+-------------------------------------------------------------------------+---------+---+----+-----+------+-----+------+-------------+
    |Total                   |                                                                         |        1|  0|   0|    0|   200|   15|     1|         3000|
    +------------------------+-------------------------------------------------------------------------+---------+---+----+-----+------+-----+------+-------------+

    * FIFO: 
    N/A

    * Expression: 
    +--------------------+----------+----+---+----+------------+------------+
    |    Variable Name   | Operation| DSP| FF| LUT| Bitwidth P0| Bitwidth P1|
    +--------------------+----------+----+---+----+------------+------------+
    |add_ln64_fu_74_p2   |         +|   0|  0|  15|           8|           1|
    |icmp_ln64_fu_68_p2  |      icmp|   0|  0|  15|           8|           7|
    |ap_enable_pp0       |       xor|   0|  0|   2|           1|           2|
    +--------------------+----------+----+---+----+------------+------------+
    |Total               |          |   0|  0|  32|          17|          10|
    +--------------------+----------+----+---+----+------------+------------+

    * Multiplexer: 
    +-------------------------+----+-----------+-----+-----------+
    |           Name          | LUT| Input Size| Bits| Total Bits|
    +-------------------------+----+-----------+-----+-----------+
    |ap_done_int              |   9|          2|    1|          2|
    |ap_enable_reg_pp0_iter1  |   9|          2|    1|          2|
    |ap_sig_allocacmp_j       |   9|          2|    8|         16|
    |j_1_fu_30                |   9|          2|    8|         16|
    +-------------------------+----+-----------+-----+-----------+
    |Total                    |  36|          8|   18|         36|
    +-------------------------+----+-----------+-----+-----------+

    * Register: 
    +-------------------------+---+----+-----+-----------+
    |           Name          | FF| LUT| Bits| Const Bits|
    +-------------------------+---+----+-----+-----------+
    |ap_CS_fsm                |  1|   0|    1|          0|
    |ap_done_reg              |  1|   0|    1|          0|
    |ap_enable_reg_pp0_iter1  |  1|   0|    1|          0|
    |j_1_fu_30                |  8|   0|    8|          0|
    |zext_ln64_reg_105        |  8|   0|   64|         56|
    +-------------------------+---+----+-----+-----------+
    |Total                    | 19|   0|   75|         56|
    +-------------------------+---+----+-----+-----------+



================================================================
== Interface
================================================================
* Summary: 
+---------------------+-----+-----+------------+----------------------------------------+--------------+
|      RTL Ports      | Dir | Bits|  Protocol  |              Source Object             |    C Type    |
+---------------------+-----+-----+------------+----------------------------------------+--------------+
|ap_clk               |   in|    1|  ap_ctrl_hs|  lstm_function_Pipeline_VITIS_LOOP_64_2|  return value|
|ap_rst               |   in|    1|  ap_ctrl_hs|  lstm_function_Pipeline_VITIS_LOOP_64_2|  return value|
|ap_start             |   in|    1|  ap_ctrl_hs|  lstm_function_Pipeline_VITIS_LOOP_64_2|  return value|
|ap_done              |  out|    1|  ap_ctrl_hs|  lstm_function_Pipeline_VITIS_LOOP_64_2|  return value|
|ap_idle              |  out|    1|  ap_ctrl_hs|  lstm_function_Pipeline_VITIS_LOOP_64_2|  return value|
|ap_ready             |  out|    1|  ap_ctrl_hs|  lstm_function_Pipeline_VITIS_LOOP_64_2|  return value|
|matrix_row_address0  |  out|    8|   ap_memory|                              matrix_row|         array|
|matrix_row_ce0       |  out|    1|   ap_memory|                              matrix_row|         array|
|matrix_row_we0       |  out|    1|   ap_memory|                              matrix_row|         array|
|matrix_row_d0        |  out|   16|   ap_memory|                              matrix_row|         array|
+---------------------+-----+-----+------------+----------------------------------------+--------------+

============================================================
+ Verbose Summary: Synthesis Manager
============================================================
InlineROM: 1
ExposeGlobal: 0
============================================================
+ Verbose Summary: CDFG Model
============================================================
IsTopModel: 0
ResetActiveHigh: 1
IsCombinational: 2
IsDatapathOnly: 2
HasWiredReturn: 1
HasMFsm: 2
HasVarLatency: 1
IsPipeline: 0
IsRtlPipelined: 0
IsInstanceOverlapped: 0
IsDontTouch: 0
HasImplIP: 0
IsGatedGlobalClock: 0

+ Individual pipeline summary: 
  * Pipeline-0: initiation interval (II) = 1, depth = 2


============================================================
+ Verbose Summary: Schedule
============================================================
* Number of FSM states : 2
* Pipeline : 1
  Pipeline-0 : II = 1, D = 2, States = { 1 2 }
* Dataflow Pipeline: 0

* FSM state transitions: 
1 --> 2 
2 --> 

* FSM state operations: 

State 1 <SV = 0> <Delay = 3.09>
ST_1 : Operation 5 [1/1] (0.00ns)   --->   "%j_1 = alloca i32 1" [lstm_new.cpp:64]   --->   Operation 5 'alloca' 'j_1' <Predicate = true> <Delay = 0.00>
ST_1 : Operation 6 [1/1] (0.83ns)   --->   "%store_ln64 = store i8 0, i8 %j_1" [lstm_new.cpp:64]   --->   Operation 6 'store' 'store_ln64' <Predicate = true> <Delay = 0.83>
ST_1 : Operation 7 [1/1] (0.00ns)   --->   "%br_ln0 = br void %for.inc16"   --->   Operation 7 'br' 'br_ln0' <Predicate = true> <Delay = 0.00>
ST_1 : Operation 8 [1/1] (0.00ns)   --->   "%j = load i8 %j_1" [lstm_new.cpp:64]   --->   Operation 8 'load' 'j' <Predicate = true> <Delay = 0.00>
ST_1 : Operation 9 [1/1] (1.35ns)   --->   "%icmp_ln64 = icmp_eq  i8 %j, i8 200" [lstm_new.cpp:64]   --->   Operation 9 'icmp' 'icmp_ln64' <Predicate = true> <Delay = 1.35> <CoreInst = "Cmp">   --->   Core 9 'Cmp' <Latency = 0> <II = 1> <Delay = 1.35> <FuncUnit> <Opcode : 'seteq' 'setne' 'setle' 'setge' 'setlt' 'setgt'> <InPorts = 2> <OutPorts = 1>
ST_1 : Operation 10 [1/1] (0.00ns)   --->   "%empty = speclooptripcount i32 @_ssdm_op_SpecLoopTripCount, i64 200, i64 200, i64 200"   --->   Operation 10 'speclooptripcount' 'empty' <Predicate = true> <Delay = 0.00>
ST_1 : Operation 11 [1/1] (1.35ns)   --->   "%add_ln64 = add i8 %j, i8 1" [lstm_new.cpp:64]   --->   Operation 11 'add' 'add_ln64' <Predicate = true> <Delay = 1.35> <CoreInst = "Adder">   --->   Core 1 'Adder' <Latency = 0> <II = 1> <Delay = 1.35> <FuncUnit> <Opcode : 'add' 'sub'> <InPorts = 2> <OutPorts = 1>
ST_1 : Operation 12 [1/1] (0.00ns)   --->   "%br_ln64 = br i1 %icmp_ln64, void %for.inc16.split, void %VITIS_LOOP_10_2.lr.ph.i.loopexit4.exitStub" [lstm_new.cpp:64]   --->   Operation 12 'br' 'br_ln64' <Predicate = true> <Delay = 0.00>
ST_1 : Operation 13 [1/1] (0.00ns)   --->   "%zext_ln64 = zext i8 %j" [lstm_new.cpp:64]   --->   Operation 13 'zext' 'zext_ln64' <Predicate = (!icmp_ln64)> <Delay = 0.00>
ST_1 : Operation 14 [1/1] (0.00ns)   --->   "%lstm_weights_1_txt_0_addr = getelementptr i15 %lstm_weights_1_txt_0, i64 0, i64 %zext_ln64" [lstm_new.cpp:65]   --->   Operation 14 'getelementptr' 'lstm_weights_1_txt_0_addr' <Predicate = (!icmp_ln64)> <Delay = 0.00>
ST_1 : Operation 15 [2/2] (2.26ns)   --->   "%lstm_weights_1_txt_0_load = load i8 %lstm_weights_1_txt_0_addr" [lstm_new.cpp:65]   --->   Operation 15 'load' 'lstm_weights_1_txt_0_load' <Predicate = (!icmp_ln64)> <Delay = 2.26> <CoreInst = "ROM">   --->   Core 94 'ROM' <Latency = 1> <II = 1> <Delay = 2.26> <Storage> <Opcode : 'load'> <Ports = 0> <Width = 15> <Depth = 200> <ROM>
ST_1 : Operation 16 [1/1] (0.83ns)   --->   "%store_ln64 = store i8 %add_ln64, i8 %j_1" [lstm_new.cpp:64]   --->   Operation 16 'store' 'store_ln64' <Predicate = (!icmp_ln64)> <Delay = 0.83>
ST_1 : Operation 24 [1/1] (0.83ns)   --->   "%ret_ln0 = ret"   --->   Operation 24 'ret' 'ret_ln0' <Predicate = (icmp_ln64)> <Delay = 0.83>

State 2 <SV = 1> <Delay = 4.53>
ST_2 : Operation 17 [1/1] (0.00ns)   --->   "%specpipeline_ln64 = specpipeline void @_ssdm_op_SpecPipeline, i32 4294967295, i32 0, i32 0, i32 0, void @empty_0" [lstm_new.cpp:64]   --->   Operation 17 'specpipeline' 'specpipeline_ln64' <Predicate = true> <Delay = 0.00>
ST_2 : Operation 18 [1/1] (0.00ns)   --->   "%specloopname_ln64 = specloopname void @_ssdm_op_SpecLoopName, void @empty_16" [lstm_new.cpp:64]   --->   Operation 18 'specloopname' 'specloopname_ln64' <Predicate = true> <Delay = 0.00>
ST_2 : Operation 19 [1/1] (0.00ns)   --->   "%matrix_row_addr = getelementptr i16 %matrix_row, i64 0, i64 %zext_ln64" [lstm_new.cpp:65]   --->   Operation 19 'getelementptr' 'matrix_row_addr' <Predicate = true> <Delay = 0.00>
ST_2 : Operation 20 [1/2] ( I:2.26ns O:2.26ns )   --->   "%lstm_weights_1_txt_0_load = load i8 %lstm_weights_1_txt_0_addr" [lstm_new.cpp:65]   --->   Operation 20 'load' 'lstm_weights_1_txt_0_load' <Predicate = true> <Delay = 2.26> <CoreInst = "ROM">   --->   Core 94 'ROM' <Latency = 1> <II = 1> <Delay = 2.26> <Storage> <Opcode : 'load'> <Ports = 0> <Width = 15> <Depth = 200> <ROM>
ST_2 : Operation 21 [1/1] (0.00ns)   --->   "%sext_ln65 = sext i15 %lstm_weights_1_txt_0_load" [lstm_new.cpp:65]   --->   Operation 21 'sext' 'sext_ln65' <Predicate = true> <Delay = 0.00>
ST_2 : Operation 22 [1/1] ( I:2.26ns O:2.26ns )   --->   "%store_ln65 = store i16 %sext_ln65, i8 %matrix_row_addr" [lstm_new.cpp:65]   --->   Operation 22 'store' 'store_ln65' <Predicate = true> <Delay = 2.26> <CoreInst = "RAM">   --->   Core 81 'RAM' <Latency = 1> <II = 1> <Delay = 2.26> <Storage> <Opcode : 'load' 'store'> <Ports = 2> <Width = 16> <Depth = 256> <RAM>
ST_2 : Operation 23 [1/1] (0.00ns)   --->   "%br_ln64 = br void %for.inc16" [lstm_new.cpp:64]   --->   Operation 23 'br' 'br_ln64' <Predicate = true> <Delay = 0.00>


============================================================
+ Verbose Summary: Binding
============================================================
STG Binding: 
---------------- STG Properties BEGIN ----------------
- Is combinational: 0
- Is one-state seq: 0
- Is datapath-only: 0
- Is pipelined: 0
- Is top level: 0
Port [ Return ] is wired: 1; IO mode=ap_ctrl_hs:ce=0
Port [ matrix_row]:  wired=1; compound=1; hidden=0; nouse=0; global=0; static=0; extern=0; dir=1; type=1; pingpong=0; private_global=0; MemPort=[03]; IO mode=ap_memory:ce=0
Port [ lstm_weights_1_txt_0]:  wired=0; compound=1; hidden=1; nouse=0; global=1; static=1; extern=0; dir=0; type=1; pingpong=0; private_global=1; MemPort=[1]; IO mode=ap_memory:ce=0
---------------- STG Properties END ------------------

---------------- Datapath Model BEGIN ----------------

<LifeTime>
<method=bitvector/>
j_1                       (alloca           ) [ 010]
store_ln64                (store            ) [ 000]
br_ln0                    (br               ) [ 000]
j                         (load             ) [ 000]
icmp_ln64                 (icmp             ) [ 010]
empty                     (speclooptripcount) [ 000]
add_ln64                  (add              ) [ 000]
br_ln64                   (br               ) [ 000]
zext_ln64                 (zext             ) [ 011]
lstm_weights_1_txt_0_addr (getelementptr    ) [ 011]
store_ln64                (store            ) [ 000]
specpipeline_ln64         (specpipeline     ) [ 000]
specloopname_ln64         (specloopname     ) [ 000]
matrix_row_addr           (getelementptr    ) [ 000]
lstm_weights_1_txt_0_load (load             ) [ 000]
sext_ln65                 (sext             ) [ 000]
store_ln65                (store            ) [ 000]
br_ln64                   (br               ) [ 000]
ret_ln0                   (ret              ) [ 000]
</LifeTime>

<model>

<comp_list>
<comp id="0" class="1000" name="matrix_row">
<pin_list>
<pin id="1" dir="1" index="0" bw="1" slack="0"/>
</pin_list>
<bind>
<StgValue><ssdm name="matrix_row"/><MemPortTyVec>0 3 </MemPortTyVec>
</StgValue>
</bind>
</comp>

<comp id="2" class="1000" name="lstm_weights_1_txt_0">
<pin_list>
<pin id="3" dir="1" index="0" bw="1" slack="0"/>
</pin_list>
<bind>
<StgValue><ssdm name="lstm_weights_1_txt_0"/><MemPortTyVec>1 </MemPortTyVec>
</StgValue>
</bind>
</comp>

<comp id="4" class="1001" name="const_4">
<pin_list>
<pin id="5" dir="1" index="0" bw="1" slack="0"/>
</pin_list>
<bind>
<StgValue><ssdm name=""/></StgValue>
</bind>
</comp>

<comp id="6" class="1001" name="const_6">
<pin_list>
<pin id="7" dir="1" index="0" bw="1" slack="0"/>
</pin_list>
<bind>
<StgValue><ssdm name=""/></StgValue>
</bind>
</comp>

<comp id="8" class="1001" name="const_8">
<pin_list>
<pin id="9" dir="1" index="0" bw="1" slack="0"/>
</pin_list>
<bind>
<StgValue><ssdm name=""/></StgValue>
</bind>
</comp>

<comp id="10" class="1001" name="const_10">
<pin_list>
<pin id="11" dir="1" index="0" bw="1" slack="2147483647"/>
</pin_list>
<bind>
<StgValue><ssdm name="_ssdm_op_SpecLoopTripCount"/></StgValue>
</bind>
</comp>

<comp id="12" class="1001" name="const_12">
<pin_list>
<pin id="13" dir="1" index="0" bw="1" slack="2147483647"/>
</pin_list>
<bind>
<StgValue><ssdm name=""/></StgValue>
</bind>
</comp>

<comp id="14" class="1001" name="const_14">
<pin_list>
<pin id="15" dir="1" index="0" bw="1" slack="0"/>
</pin_list>
<bind>
<StgValue><ssdm name=""/></StgValue>
</bind>
</comp>

<comp id="16" class="1001" name="const_16">
<pin_list>
<pin id="17" dir="1" index="0" bw="1" slack="0"/>
</pin_list>
<bind>
<StgValue><ssdm name=""/></StgValue>
</bind>
</comp>

<comp id="18" class="1001" name="const_18">
<pin_list>
<pin id="19" dir="1" index="0" bw="1" slack="2147483647"/>
</pin_list>
<bind>
<StgValue><ssdm name="_ssdm_op_SpecPipeline"/></StgValue>
</bind>
</comp>

<comp id="20" class="1001" name="const_20">
<pin_list>
<pin id="21" dir="1" index="0" bw="1" slack="2147483647"/>
</pin_list>
<bind>
<StgValue><ssdm name=""/></StgValue>
</bind>
</comp>

<comp id="22" class="1001" name="const_22">
<pin_list>
<pin id="23" dir="1" index="0" bw="1" slack="2147483647"/>
</pin_list>
<bind>
<StgValue><ssdm name=""/></StgValue>
</bind>
</comp>

<comp id="24" class="1001" name="const_24">
<pin_list>
<pin id="25" dir="1" index="0" bw="1" slack="2147483647"/>
</pin_list>
<bind>
<StgValue><ssdm name="empty_0"/></StgValue>
</bind>
</comp>

<comp id="26" class="1001" name="const_26">
<pin_list>
<pin id="27" dir="1" index="0" bw="1" slack="2147483647"/>
</pin_list>
<bind>
<StgValue><ssdm name="_ssdm_op_SpecLoopName"/></StgValue>
</bind>
</comp>

<comp id="28" class="1001" name="const_28">
<pin_list>
<pin id="29" dir="1" index="0" bw="1" slack="2147483647"/>
</pin_list>
<bind>
<StgValue><ssdm name="empty_16"/></StgValue>
</bind>
</comp>

<comp id="30" class="1004" name="j_1_fu_30">
<pin_list>
<pin id="31" dir="0" index="0" bw="1" slack="0"/>
<pin id="32" dir="1" index="1" bw="8" slack="0"/>
</pin_list>
<bind>
<opcode="alloca(26) " fcode="alloca"/>
<opset="j_1/1 "/>
</bind>
</comp>

<comp id="34" class="1004" name="lstm_weights_1_txt_0_addr_gep_fu_34">
<pin_list>
<pin id="35" dir="0" index="0" bw="15" slack="0"/>
<pin id="36" dir="0" index="1" bw="1" slack="0"/>
<pin id="37" dir="0" index="2" bw="8" slack="0"/>
<pin id="38" dir="1" index="3" bw="8" slack="0"/>
</pin_list>
<bind>
<opcode="getelementptr(29) " fcode="getelementptr"/>
<opset="lstm_weights_1_txt_0_addr/1 "/>
</bind>
</comp>

<comp id="41" class="1004" name="grp_access_fu_41">
<pin_list>
<pin id="42" dir="0" index="0" bw="8" slack="0"/>
<pin id="43" dir="0" index="1" bw="15" slack="2147483647"/>
<pin id="44" dir="0" index="2" bw="0" slack="2147483647"/>
<pin id="45" dir="1" index="3" bw="15" slack="0"/>
</pin_list>
<bind>
<opcode="load(27) " fcode="load"/>
<opset="lstm_weights_1_txt_0_load/1 "/>
</bind>
</comp>

<comp id="47" class="1004" name="matrix_row_addr_gep_fu_47">
<pin_list>
<pin id="48" dir="0" index="0" bw="16" slack="0"/>
<pin id="49" dir="0" index="1" bw="1" slack="0"/>
<pin id="50" dir="0" index="2" bw="8" slack="1"/>
<pin id="51" dir="1" index="3" bw="8" slack="0"/>
</pin_list>
<bind>
<opcode="getelementptr(29) " fcode="getelementptr"/>
<opset="matrix_row_addr/2 "/>
</bind>
</comp>

<comp id="54" class="1004" name="store_ln65_access_fu_54">
<pin_list>
<pin id="55" dir="0" index="0" bw="8" slack="0"/>
<pin id="56" dir="0" index="1" bw="16" slack="0"/>
<pin id="57" dir="0" index="2" bw="0" slack="2147483647"/>
<pin id="58" dir="1" index="3" bw="16" slack="2147483647"/>
</pin_list>
<bind>
<opcode="store(28) " fcode="store"/>
<opset="store_ln65/2 "/>
</bind>
</comp>

<comp id="60" class="1004" name="store_ln64_store_fu_60">
<pin_list>
<pin id="61" dir="0" index="0" bw="1" slack="0"/>
<pin id="62" dir="0" index="1" bw="8" slack="0"/>
<pin id="63" dir="1" index="2" bw="0" slack="2147483647"/>
</pin_list>
<bind>
<opcode="store(28) " fcode="store"/>
<opset="store_ln64/1 "/>
</bind>
</comp>

<comp id="65" class="1004" name="j_load_fu_65">
<pin_list>
<pin id="66" dir="0" index="0" bw="8" slack="0"/>
<pin id="67" dir="1" index="1" bw="8" slack="0"/>
</pin_list>
<bind>
<opcode="load(27) " fcode="load"/>
<opset="j/1 "/>
</bind>
</comp>

<comp id="68" class="1004" name="icmp_ln64_fu_68">
<pin_list>
<pin id="69" dir="0" index="0" bw="8" slack="0"/>
<pin id="70" dir="0" index="1" bw="8" slack="0"/>
<pin id="71" dir="1" index="2" bw="1" slack="2147483647"/>
</pin_list>
<bind>
<opcode="icmp(45) " fcode="icmp"/>
<opset="icmp_ln64/1 "/>
</bind>
</comp>

<comp id="74" class="1004" name="add_ln64_fu_74">
<pin_list>
<pin id="75" dir="0" index="0" bw="8" slack="0"/>
<pin id="76" dir="0" index="1" bw="1" slack="0"/>
<pin id="77" dir="1" index="2" bw="8" slack="0"/>
</pin_list>
<bind>
<opcode="add(8) " fcode="add"/>
<opset="add_ln64/1 "/>
</bind>
</comp>

<comp id="80" class="1004" name="zext_ln64_fu_80">
<pin_list>
<pin id="81" dir="0" index="0" bw="8" slack="0"/>
<pin id="82" dir="1" index="1" bw="64" slack="0"/>
</pin_list>
<bind>
<opcode="zext(34) " fcode="zext"/>
<opset="zext_ln64/1 "/>
</bind>
</comp>

<comp id="85" class="1004" name="store_ln64_store_fu_85">
<pin_list>
<pin id="86" dir="0" index="0" bw="8" slack="0"/>
<pin id="87" dir="0" index="1" bw="8" slack="0"/>
<pin id="88" dir="1" index="2" bw="0" slack="2147483647"/>
</pin_list>
<bind>
<opcode="store(28) " fcode="store"/>
<opset="store_ln64/1 "/>
</bind>
</comp>

<comp id="90" class="1004" name="sext_ln65_fu_90">
<pin_list>
<pin id="91" dir="0" index="0" bw="15" slack="0"/>
<pin id="92" dir="1" index="1" bw="16" slack="0"/>
</pin_list>
<bind>
<opcode="sext(35) " fcode="sext"/>
<opset="sext_ln65/2 "/>
</bind>
</comp>

<comp id="95" class="1005" name="j_1_reg_95">
<pin_list>
<pin id="96" dir="0" index="0" bw="8" slack="0"/>
<pin id="97" dir="1" index="1" bw="8" slack="0"/>
</pin_list>
<bind>
<opset="j_1 "/>
</bind>
</comp>

<comp id="105" class="1005" name="zext_ln64_reg_105">
<pin_list>
<pin id="106" dir="0" index="0" bw="64" slack="1"/>
<pin id="107" dir="1" index="1" bw="64" slack="1"/>
</pin_list>
<bind>
<opset="zext_ln64 "/>
</bind>
</comp>

<comp id="110" class="1005" name="lstm_weights_1_txt_0_addr_reg_110">
<pin_list>
<pin id="111" dir="0" index="0" bw="8" slack="1"/>
<pin id="112" dir="1" index="1" bw="8" slack="1"/>
</pin_list>
<bind>
<opset="lstm_weights_1_txt_0_addr "/>
</bind>
</comp>

</comp_list>

<net_list>
<net id="33"><net_src comp="4" pin="0"/><net_sink comp="30" pin=0"/></net>

<net id="39"><net_src comp="2" pin="0"/><net_sink comp="34" pin=0"/></net>

<net id="40"><net_src comp="16" pin="0"/><net_sink comp="34" pin=1"/></net>

<net id="46"><net_src comp="34" pin="3"/><net_sink comp="41" pin=0"/></net>

<net id="52"><net_src comp="0" pin="0"/><net_sink comp="47" pin=0"/></net>

<net id="53"><net_src comp="16" pin="0"/><net_sink comp="47" pin=1"/></net>

<net id="59"><net_src comp="47" pin="3"/><net_sink comp="54" pin=0"/></net>

<net id="64"><net_src comp="6" pin="0"/><net_sink comp="60" pin=0"/></net>

<net id="72"><net_src comp="65" pin="1"/><net_sink comp="68" pin=0"/></net>

<net id="73"><net_src comp="8" pin="0"/><net_sink comp="68" pin=1"/></net>

<net id="78"><net_src comp="65" pin="1"/><net_sink comp="74" pin=0"/></net>

<net id="79"><net_src comp="14" pin="0"/><net_sink comp="74" pin=1"/></net>

<net id="83"><net_src comp="65" pin="1"/><net_sink comp="80" pin=0"/></net>

<net id="84"><net_src comp="80" pin="1"/><net_sink comp="34" pin=2"/></net>

<net id="89"><net_src comp="74" pin="2"/><net_sink comp="85" pin=0"/></net>

<net id="93"><net_src comp="41" pin="3"/><net_sink comp="90" pin=0"/></net>

<net id="94"><net_src comp="90" pin="1"/><net_sink comp="54" pin=1"/></net>

<net id="98"><net_src comp="30" pin="1"/><net_sink comp="95" pin=0"/></net>

<net id="99"><net_src comp="95" pin="1"/><net_sink comp="60" pin=1"/></net>

<net id="100"><net_src comp="95" pin="1"/><net_sink comp="65" pin=0"/></net>

<net id="101"><net_src comp="95" pin="1"/><net_sink comp="85" pin=1"/></net>

<net id="108"><net_src comp="80" pin="1"/><net_sink comp="105" pin=0"/></net>

<net id="109"><net_src comp="105" pin="1"/><net_sink comp="47" pin=2"/></net>

<net id="113"><net_src comp="34" pin="3"/><net_sink comp="110" pin=0"/></net>

<net id="114"><net_src comp="110" pin="1"/><net_sink comp="41" pin=0"/></net>

</net_list>

</model> 
---------------- Datapath Model END ------------------

* FSMD analyzer results:
  - Output states:
	Port: matrix_row | {2 }
	Port: lstm_weights_1_txt_0 | {}
 - Input state : 
	Port: lstm_function_Pipeline_VITIS_LOOP_64_2 : lstm_weights_1_txt_0 | {1 2 }
  - Chain level:
	State 1
		store_ln64 : 1
		j : 1
		icmp_ln64 : 2
		add_ln64 : 2
		br_ln64 : 3
		zext_ln64 : 2
		lstm_weights_1_txt_0_addr : 3
		lstm_weights_1_txt_0_load : 4
		store_ln64 : 3
	State 2
		sext_ln65 : 1
		store_ln65 : 2


============================================================
+ Verbose Summary: Datapath Resource usage 
============================================================

* Functional unit list:
|----------|-----------------|---------|---------|
| Operation| Functional Unit |    FF   |   LUT   |
|----------|-----------------|---------|---------|
|   icmp   | icmp_ln64_fu_68 |    0    |    15   |
|----------|-----------------|---------|---------|
|    add   |  add_ln64_fu_74 |    0    |    15   |
|----------|-----------------|---------|---------|
|   zext   | zext_ln64_fu_80 |    0    |    0    |
|----------|-----------------|---------|---------|
|   sext   | sext_ln65_fu_90 |    0    |    0    |
|----------|-----------------|---------|---------|
|   Total  |                 |    0    |    30   |
|----------|-----------------|---------|---------|

Memories:
N/A

* Register list:
+---------------------------------+--------+
|                                 |   FF   |
+---------------------------------+--------+
|            j_1_reg_95           |    8   |
|lstm_weights_1_txt_0_addr_reg_110|    8   |
|        zext_ln64_reg_105        |   64   |
+---------------------------------+--------+
|              Total              |   80   |
+---------------------------------+--------+

* Multiplexer (MUX) list: 
|------------------|------|------|------|--------||---------||---------||---------|
|       Comp       |  Pin | Size |  BW  | S x BW ||  Delay  ||    FF   ||   LUT   |
|------------------|------|------|------|--------||---------||---------||---------|
| grp_access_fu_41 |  p0  |   2  |   8  |   16   ||    0    ||    9    |
|------------------|------|------|------|--------||---------||---------||---------|
|       Total      |      |      |      |   16   ||  0.833  ||    0    ||    9    |
|------------------|------|------|------|--------||---------||---------||---------|



* Summary:
+-----------+--------+--------+--------+
|           |  Delay |   FF   |   LUT  |
+-----------+--------+--------+--------+
|  Function |    -   |    0   |   30   |
|   Memory  |    -   |    -   |    -   |
|Multiplexer|    0   |    0   |    9   |
|  Register |    -   |   80   |    -   |
+-----------+--------+--------+--------+
|   Total   |    0   |   80   |   39   |
+-----------+--------+--------+--------+
