

================================================================
== Vitis HLS Report for 'lstm_function_Pipeline_VITIS_LOOP_93_5'
================================================================
* Date:           Fri Mar 28 16:04:55 2025

* Version:        2024.2 (Build 5238294 on Nov  8 2024)
* Project:        new_hls_component
* Solution:       hls (Vivado IP Flow Target)
* Product family: kintex7
* Target device:  xc7k160t-fbg676-2L


================================================================
== Performance Estimates
================================================================
+ Timing: 
    * Summary: 
    +--------+----------+----------+------------+
    |  Clock |  Target  | Estimated| Uncertainty|
    +--------+----------+----------+------------+
    |ap_clk  |  10.00 ns|  9.000 ns|     1.00 ns|
    +--------+----------+----------+------------+

+ Latency: 
    * Summary: 
    +---------+---------+----------+----------+-----+-----+------------------------------------------------+
    |  Latency (cycles) |  Latency (absolute) |  Interval |                    Pipeline                    |
    |   min   |   max   |    min   |    max   | min | max |                      Type                      |
    +---------+---------+----------+----------+-----+-----+------------------------------------------------+
    |       16|      206|  0.160 us|  2.060 us|   11|  201|  loop auto-rewind stp (delay=0 clock cycles(s))|
    +---------+---------+----------+----------+-----+-----+------------------------------------------------+

    + Detail: 
        * Instance: 
        N/A

        * Loop: 
        +-------------------+---------+---------+----------+-----------+-----------+----------+----------+
        |                   |  Latency (cycles) | Iteration|  Initiation Interval  |   Trip   |          |
        |     Loop Name     |   min   |   max   |  Latency |  achieved |   target  |   Count  | Pipelined|
        +-------------------+---------+---------+----------+-----------+-----------+----------+----------+
        |- VITIS_LOOP_93_5  |       14|      204|         6|          1|          1|  10 ~ 200|       yes|
        +-------------------+---------+---------+----------+-----------+-----------+----------+----------+

============================================================
+ Verbose Summary: Synthesis Manager
============================================================
InlineROM: 1
ExposeGlobal: 0
============================================================
+ Verbose Summary: CDFG Model
============================================================
IsTopModel: 0
ResetActiveHigh: 1
IsCombinational: 0
IsDatapathOnly: 0
HasWiredReturn: 1
HasMFsm: 2
HasVarLatency: 1
IsPipeline: 0
IsRtlPipelined: 0
IsInstanceOverlapped: 0
IsDontTouch: 0
HasImplIP: 0
IsGatedGlobalClock: 0

+ Individual pipeline summary: 
  * Pipeline-0: initiation interval (II) = 1, depth = 6


============================================================
+ Verbose Summary: Schedule
============================================================
* Number of FSM states : 6
* Pipeline : 1
  Pipeline-0 : II = 1, D = 6, States = { 1 2 3 4 5 6 }
* Dataflow Pipeline: 0

* FSM state transitions: 
1 --> 2 
2 --> 3 
3 --> 4 
4 --> 5 
5 --> 6 
6 --> 

* FSM state operations: 

State 1 <SV = 0> <Delay = 3.07>
ST_1 : Operation 9 [1/1] (0.00ns)   --->   "%empty = alloca i32 1"   --->   Operation 9 'alloca' 'empty' <Predicate = true> <Delay = 0.00>
ST_1 : Operation 10 [1/1] (0.00ns)   --->   "%j = alloca i32 1" [lstm_new.cpp:93]   --->   Operation 10 'alloca' 'j' <Predicate = true> <Delay = 0.00>
ST_1 : Operation 11 [1/1] (0.00ns)   --->   "%circulant_matrix_199_load_read = read i16 @_ssdm_op_Read.ap_auto.i16, i16 %circulant_matrix_199_load"   --->   Operation 11 'read' 'circulant_matrix_199_load_read' <Predicate = true> <Delay = 0.00>
ST_1 : Operation 12 [1/1] (0.00ns)   --->   "%circulant_matrix_198_load_read = read i16 @_ssdm_op_Read.ap_auto.i16, i16 %circulant_matrix_198_load"   --->   Operation 12 'read' 'circulant_matrix_198_load_read' <Predicate = true> <Delay = 0.00>
ST_1 : Operation 13 [1/1] (0.00ns)   --->   "%circulant_matrix_197_load_read = read i16 @_ssdm_op_Read.ap_auto.i16, i16 %circulant_matrix_197_load"   --->   Operation 13 'read' 'circulant_matrix_197_load_read' <Predicate = true> <Delay = 0.00>
ST_1 : Operation 14 [1/1] (0.00ns)   --->   "%circulant_matrix_196_load_read = read i16 @_ssdm_op_Read.ap_auto.i16, i16 %circulant_matrix_196_load"   --->   Operation 14 'read' 'circulant_matrix_196_load_read' <Predicate = true> <Delay = 0.00>
ST_1 : Operation 15 [1/1] (0.00ns)   --->   "%circulant_matrix_195_load_read = read i16 @_ssdm_op_Read.ap_auto.i16, i16 %circulant_matrix_195_load"   --->   Operation 15 'read' 'circulant_matrix_195_load_read' <Predicate = true> <Delay = 0.00>
ST_1 : Operation 16 [1/1] (0.00ns)   --->   "%circulant_matrix_194_load_read = read i16 @_ssdm_op_Read.ap_auto.i16, i16 %circulant_matrix_194_load"   --->   Operation 16 'read' 'circulant_matrix_194_load_read' <Predicate = true> <Delay = 0.00>
ST_1 : Operation 17 [1/1] (0.00ns)   --->   "%circulant_matrix_193_load_read = read i16 @_ssdm_op_Read.ap_auto.i16, i16 %circulant_matrix_193_load"   --->   Operation 17 'read' 'circulant_matrix_193_load_read' <Predicate = true> <Delay = 0.00>
ST_1 : Operation 18 [1/1] (0.00ns)   --->   "%circulant_matrix_192_load_read = read i16 @_ssdm_op_Read.ap_auto.i16, i16 %circulant_matrix_192_load"   --->   Operation 18 'read' 'circulant_matrix_192_load_read' <Predicate = true> <Delay = 0.00>
ST_1 : Operation 19 [1/1] (0.00ns)   --->   "%circulant_matrix_191_load_read = read i16 @_ssdm_op_Read.ap_auto.i16, i16 %circulant_matrix_191_load"   --->   Operation 19 'read' 'circulant_matrix_191_load_read' <Predicate = true> <Delay = 0.00>
ST_1 : Operation 20 [1/1] (0.00ns)   --->   "%circulant_matrix_190_load_read = read i16 @_ssdm_op_Read.ap_auto.i16, i16 %circulant_matrix_190_load"   --->   Operation 20 'read' 'circulant_matrix_190_load_read' <Predicate = true> <Delay = 0.00>
ST_1 : Operation 21 [1/1] (0.00ns)   --->   "%circulant_matrix_189_load_read = read i16 @_ssdm_op_Read.ap_auto.i16, i16 %circulant_matrix_189_load"   --->   Operation 21 'read' 'circulant_matrix_189_load_read' <Predicate = true> <Delay = 0.00>
ST_1 : Operation 22 [1/1] (0.00ns)   --->   "%circulant_matrix_188_load_read = read i16 @_ssdm_op_Read.ap_auto.i16, i16 %circulant_matrix_188_load"   --->   Operation 22 'read' 'circulant_matrix_188_load_read' <Predicate = true> <Delay = 0.00>
ST_1 : Operation 23 [1/1] (0.00ns)   --->   "%circulant_matrix_187_load_read = read i16 @_ssdm_op_Read.ap_auto.i16, i16 %circulant_matrix_187_load"   --->   Operation 23 'read' 'circulant_matrix_187_load_read' <Predicate = true> <Delay = 0.00>
ST_1 : Operation 24 [1/1] (0.00ns)   --->   "%circulant_matrix_186_load_read = read i16 @_ssdm_op_Read.ap_auto.i16, i16 %circulant_matrix_186_load"   --->   Operation 24 'read' 'circulant_matrix_186_load_read' <Predicate = true> <Delay = 0.00>
ST_1 : Operation 25 [1/1] (0.00ns)   --->   "%circulant_matrix_185_load_read = read i16 @_ssdm_op_Read.ap_auto.i16, i16 %circulant_matrix_185_load"   --->   Operation 25 'read' 'circulant_matrix_185_load_read' <Predicate = true> <Delay = 0.00>
ST_1 : Operation 26 [1/1] (0.00ns)   --->   "%circulant_matrix_184_load_read = read i16 @_ssdm_op_Read.ap_auto.i16, i16 %circulant_matrix_184_load"   --->   Operation 26 'read' 'circulant_matrix_184_load_read' <Predicate = true> <Delay = 0.00>
ST_1 : Operation 27 [1/1] (0.00ns)   --->   "%circulant_matrix_183_load_read = read i16 @_ssdm_op_Read.ap_auto.i16, i16 %circulant_matrix_183_load"   --->   Operation 27 'read' 'circulant_matrix_183_load_read' <Predicate = true> <Delay = 0.00>
ST_1 : Operation 28 [1/1] (0.00ns)   --->   "%circulant_matrix_182_load_read = read i16 @_ssdm_op_Read.ap_auto.i16, i16 %circulant_matrix_182_load"   --->   Operation 28 'read' 'circulant_matrix_182_load_read' <Predicate = true> <Delay = 0.00>
ST_1 : Operation 29 [1/1] (0.00ns)   --->   "%circulant_matrix_181_load_read = read i16 @_ssdm_op_Read.ap_auto.i16, i16 %circulant_matrix_181_load"   --->   Operation 29 'read' 'circulant_matrix_181_load_read' <Predicate = true> <Delay = 0.00>
ST_1 : Operation 30 [1/1] (0.00ns)   --->   "%circulant_matrix_180_load_read = read i16 @_ssdm_op_Read.ap_auto.i16, i16 %circulant_matrix_180_load"   --->   Operation 30 'read' 'circulant_matrix_180_load_read' <Predicate = true> <Delay = 0.00>
ST_1 : Operation 31 [1/1] (0.00ns)   --->   "%circulant_matrix_179_load_read = read i16 @_ssdm_op_Read.ap_auto.i16, i16 %circulant_matrix_179_load"   --->   Operation 31 'read' 'circulant_matrix_179_load_read' <Predicate = true> <Delay = 0.00>
ST_1 : Operation 32 [1/1] (0.00ns)   --->   "%circulant_matrix_178_load_read = read i16 @_ssdm_op_Read.ap_auto.i16, i16 %circulant_matrix_178_load"   --->   Operation 32 'read' 'circulant_matrix_178_load_read' <Predicate = true> <Delay = 0.00>
ST_1 : Operation 33 [1/1] (0.00ns)   --->   "%circulant_matrix_177_load_read = read i16 @_ssdm_op_Read.ap_auto.i16, i16 %circulant_matrix_177_load"   --->   Operation 33 'read' 'circulant_matrix_177_load_read' <Predicate = true> <Delay = 0.00>
ST_1 : Operation 34 [1/1] (0.00ns)   --->   "%circulant_matrix_176_load_read = read i16 @_ssdm_op_Read.ap_auto.i16, i16 %circulant_matrix_176_load"   --->   Operation 34 'read' 'circulant_matrix_176_load_read' <Predicate = true> <Delay = 0.00>
ST_1 : Operation 35 [1/1] (0.00ns)   --->   "%circulant_matrix_175_load_read = read i16 @_ssdm_op_Read.ap_auto.i16, i16 %circulant_matrix_175_load"   --->   Operation 35 'read' 'circulant_matrix_175_load_read' <Predicate = true> <Delay = 0.00>
ST_1 : Operation 36 [1/1] (0.00ns)   --->   "%circulant_matrix_174_load_read = read i16 @_ssdm_op_Read.ap_auto.i16, i16 %circulant_matrix_174_load"   --->   Operation 36 'read' 'circulant_matrix_174_load_read' <Predicate = true> <Delay = 0.00>
ST_1 : Operation 37 [1/1] (0.00ns)   --->   "%circulant_matrix_173_load_read = read i16 @_ssdm_op_Read.ap_auto.i16, i16 %circulant_matrix_173_load"   --->   Operation 37 'read' 'circulant_matrix_173_load_read' <Predicate = true> <Delay = 0.00>
ST_1 : Operation 38 [1/1] (0.00ns)   --->   "%circulant_matrix_172_load_read = read i16 @_ssdm_op_Read.ap_auto.i16, i16 %circulant_matrix_172_load"   --->   Operation 38 'read' 'circulant_matrix_172_load_read' <Predicate = true> <Delay = 0.00>
ST_1 : Operation 39 [1/1] (0.00ns)   --->   "%circulant_matrix_171_load_read = read i16 @_ssdm_op_Read.ap_auto.i16, i16 %circulant_matrix_171_load"   --->   Operation 39 'read' 'circulant_matrix_171_load_read' <Predicate = true> <Delay = 0.00>
ST_1 : Operation 40 [1/1] (0.00ns)   --->   "%circulant_matrix_170_load_read = read i16 @_ssdm_op_Read.ap_auto.i16, i16 %circulant_matrix_170_load"   --->   Operation 40 'read' 'circulant_matrix_170_load_read' <Predicate = true> <Delay = 0.00>
ST_1 : Operation 41 [1/1] (0.00ns)   --->   "%circulant_matrix_169_load_read = read i16 @_ssdm_op_Read.ap_auto.i16, i16 %circulant_matrix_169_load"   --->   Operation 41 'read' 'circulant_matrix_169_load_read' <Predicate = true> <Delay = 0.00>
ST_1 : Operation 42 [1/1] (0.00ns)   --->   "%circulant_matrix_168_load_read = read i16 @_ssdm_op_Read.ap_auto.i16, i16 %circulant_matrix_168_load"   --->   Operation 42 'read' 'circulant_matrix_168_load_read' <Predicate = true> <Delay = 0.00>
ST_1 : Operation 43 [1/1] (0.00ns)   --->   "%circulant_matrix_167_load_read = read i16 @_ssdm_op_Read.ap_auto.i16, i16 %circulant_matrix_167_load"   --->   Operation 43 'read' 'circulant_matrix_167_load_read' <Predicate = true> <Delay = 0.00>
ST_1 : Operation 44 [1/1] (0.00ns)   --->   "%circulant_matrix_166_load_read = read i16 @_ssdm_op_Read.ap_auto.i16, i16 %circulant_matrix_166_load"   --->   Operation 44 'read' 'circulant_matrix_166_load_read' <Predicate = true> <Delay = 0.00>
ST_1 : Operation 45 [1/1] (0.00ns)   --->   "%circulant_matrix_165_load_read = read i16 @_ssdm_op_Read.ap_auto.i16, i16 %circulant_matrix_165_load"   --->   Operation 45 'read' 'circulant_matrix_165_load_read' <Predicate = true> <Delay = 0.00>
ST_1 : Operation 46 [1/1] (0.00ns)   --->   "%circulant_matrix_164_load_read = read i16 @_ssdm_op_Read.ap_auto.i16, i16 %circulant_matrix_164_load"   --->   Operation 46 'read' 'circulant_matrix_164_load_read' <Predicate = true> <Delay = 0.00>
ST_1 : Operation 47 [1/1] (0.00ns)   --->   "%circulant_matrix_163_load_read = read i16 @_ssdm_op_Read.ap_auto.i16, i16 %circulant_matrix_163_load"   --->   Operation 47 'read' 'circulant_matrix_163_load_read' <Predicate = true> <Delay = 0.00>
ST_1 : Operation 48 [1/1] (0.00ns)   --->   "%circulant_matrix_162_load_read = read i16 @_ssdm_op_Read.ap_auto.i16, i16 %circulant_matrix_162_load"   --->   Operation 48 'read' 'circulant_matrix_162_load_read' <Predicate = true> <Delay = 0.00>
ST_1 : Operation 49 [1/1] (0.00ns)   --->   "%circulant_matrix_161_load_read = read i16 @_ssdm_op_Read.ap_auto.i16, i16 %circulant_matrix_161_load"   --->   Operation 49 'read' 'circulant_matrix_161_load_read' <Predicate = true> <Delay = 0.00>
ST_1 : Operation 50 [1/1] (0.00ns)   --->   "%circulant_matrix_160_load_read = read i16 @_ssdm_op_Read.ap_auto.i16, i16 %circulant_matrix_160_load"   --->   Operation 50 'read' 'circulant_matrix_160_load_read' <Predicate = true> <Delay = 0.00>
ST_1 : Operation 51 [1/1] (0.00ns)   --->   "%circulant_matrix_159_load_read = read i16 @_ssdm_op_Read.ap_auto.i16, i16 %circulant_matrix_159_load"   --->   Operation 51 'read' 'circulant_matrix_159_load_read' <Predicate = true> <Delay = 0.00>
ST_1 : Operation 52 [1/1] (0.00ns)   --->   "%circulant_matrix_158_load_read = read i16 @_ssdm_op_Read.ap_auto.i16, i16 %circulant_matrix_158_load"   --->   Operation 52 'read' 'circulant_matrix_158_load_read' <Predicate = true> <Delay = 0.00>
ST_1 : Operation 53 [1/1] (0.00ns)   --->   "%circulant_matrix_157_load_read = read i16 @_ssdm_op_Read.ap_auto.i16, i16 %circulant_matrix_157_load"   --->   Operation 53 'read' 'circulant_matrix_157_load_read' <Predicate = true> <Delay = 0.00>
ST_1 : Operation 54 [1/1] (0.00ns)   --->   "%circulant_matrix_156_load_read = read i16 @_ssdm_op_Read.ap_auto.i16, i16 %circulant_matrix_156_load"   --->   Operation 54 'read' 'circulant_matrix_156_load_read' <Predicate = true> <Delay = 0.00>
ST_1 : Operation 55 [1/1] (0.00ns)   --->   "%circulant_matrix_155_load_read = read i16 @_ssdm_op_Read.ap_auto.i16, i16 %circulant_matrix_155_load"   --->   Operation 55 'read' 'circulant_matrix_155_load_read' <Predicate = true> <Delay = 0.00>
ST_1 : Operation 56 [1/1] (0.00ns)   --->   "%circulant_matrix_154_load_read = read i16 @_ssdm_op_Read.ap_auto.i16, i16 %circulant_matrix_154_load"   --->   Operation 56 'read' 'circulant_matrix_154_load_read' <Predicate = true> <Delay = 0.00>
ST_1 : Operation 57 [1/1] (0.00ns)   --->   "%circulant_matrix_153_load_read = read i16 @_ssdm_op_Read.ap_auto.i16, i16 %circulant_matrix_153_load"   --->   Operation 57 'read' 'circulant_matrix_153_load_read' <Predicate = true> <Delay = 0.00>
ST_1 : Operation 58 [1/1] (0.00ns)   --->   "%circulant_matrix_152_load_read = read i16 @_ssdm_op_Read.ap_auto.i16, i16 %circulant_matrix_152_load"   --->   Operation 58 'read' 'circulant_matrix_152_load_read' <Predicate = true> <Delay = 0.00>
ST_1 : Operation 59 [1/1] (0.00ns)   --->   "%circulant_matrix_151_load_read = read i16 @_ssdm_op_Read.ap_auto.i16, i16 %circulant_matrix_151_load"   --->   Operation 59 'read' 'circulant_matrix_151_load_read' <Predicate = true> <Delay = 0.00>
ST_1 : Operation 60 [1/1] (0.00ns)   --->   "%circulant_matrix_150_load_read = read i16 @_ssdm_op_Read.ap_auto.i16, i16 %circulant_matrix_150_load"   --->   Operation 60 'read' 'circulant_matrix_150_load_read' <Predicate = true> <Delay = 0.00>
ST_1 : Operation 61 [1/1] (0.00ns)   --->   "%circulant_matrix_149_load_read = read i16 @_ssdm_op_Read.ap_auto.i16, i16 %circulant_matrix_149_load"   --->   Operation 61 'read' 'circulant_matrix_149_load_read' <Predicate = true> <Delay = 0.00>
ST_1 : Operation 62 [1/1] (0.00ns)   --->   "%circulant_matrix_148_load_read = read i16 @_ssdm_op_Read.ap_auto.i16, i16 %circulant_matrix_148_load"   --->   Operation 62 'read' 'circulant_matrix_148_load_read' <Predicate = true> <Delay = 0.00>
ST_1 : Operation 63 [1/1] (0.00ns)   --->   "%circulant_matrix_147_load_read = read i16 @_ssdm_op_Read.ap_auto.i16, i16 %circulant_matrix_147_load"   --->   Operation 63 'read' 'circulant_matrix_147_load_read' <Predicate = true> <Delay = 0.00>
ST_1 : Operation 64 [1/1] (0.00ns)   --->   "%circulant_matrix_146_load_read = read i16 @_ssdm_op_Read.ap_auto.i16, i16 %circulant_matrix_146_load"   --->   Operation 64 'read' 'circulant_matrix_146_load_read' <Predicate = true> <Delay = 0.00>
ST_1 : Operation 65 [1/1] (0.00ns)   --->   "%circulant_matrix_145_load_read = read i16 @_ssdm_op_Read.ap_auto.i16, i16 %circulant_matrix_145_load"   --->   Operation 65 'read' 'circulant_matrix_145_load_read' <Predicate = true> <Delay = 0.00>
ST_1 : Operation 66 [1/1] (0.00ns)   --->   "%circulant_matrix_144_load_read = read i16 @_ssdm_op_Read.ap_auto.i16, i16 %circulant_matrix_144_load"   --->   Operation 66 'read' 'circulant_matrix_144_load_read' <Predicate = true> <Delay = 0.00>
ST_1 : Operation 67 [1/1] (0.00ns)   --->   "%circulant_matrix_143_load_read = read i16 @_ssdm_op_Read.ap_auto.i16, i16 %circulant_matrix_143_load"   --->   Operation 67 'read' 'circulant_matrix_143_load_read' <Predicate = true> <Delay = 0.00>
ST_1 : Operation 68 [1/1] (0.00ns)   --->   "%circulant_matrix_142_load_read = read i16 @_ssdm_op_Read.ap_auto.i16, i16 %circulant_matrix_142_load"   --->   Operation 68 'read' 'circulant_matrix_142_load_read' <Predicate = true> <Delay = 0.00>
ST_1 : Operation 69 [1/1] (0.00ns)   --->   "%circulant_matrix_141_load_read = read i16 @_ssdm_op_Read.ap_auto.i16, i16 %circulant_matrix_141_load"   --->   Operation 69 'read' 'circulant_matrix_141_load_read' <Predicate = true> <Delay = 0.00>
ST_1 : Operation 70 [1/1] (0.00ns)   --->   "%circulant_matrix_140_load_read = read i16 @_ssdm_op_Read.ap_auto.i16, i16 %circulant_matrix_140_load"   --->   Operation 70 'read' 'circulant_matrix_140_load_read' <Predicate = true> <Delay = 0.00>
ST_1 : Operation 71 [1/1] (0.00ns)   --->   "%circulant_matrix_139_load_read = read i16 @_ssdm_op_Read.ap_auto.i16, i16 %circulant_matrix_139_load"   --->   Operation 71 'read' 'circulant_matrix_139_load_read' <Predicate = true> <Delay = 0.00>
ST_1 : Operation 72 [1/1] (0.00ns)   --->   "%circulant_matrix_138_load_read = read i16 @_ssdm_op_Read.ap_auto.i16, i16 %circulant_matrix_138_load"   --->   Operation 72 'read' 'circulant_matrix_138_load_read' <Predicate = true> <Delay = 0.00>
ST_1 : Operation 73 [1/1] (0.00ns)   --->   "%circulant_matrix_137_load_read = read i16 @_ssdm_op_Read.ap_auto.i16, i16 %circulant_matrix_137_load"   --->   Operation 73 'read' 'circulant_matrix_137_load_read' <Predicate = true> <Delay = 0.00>
ST_1 : Operation 74 [1/1] (0.00ns)   --->   "%circulant_matrix_136_load_read = read i16 @_ssdm_op_Read.ap_auto.i16, i16 %circulant_matrix_136_load"   --->   Operation 74 'read' 'circulant_matrix_136_load_read' <Predicate = true> <Delay = 0.00>
ST_1 : Operation 75 [1/1] (0.00ns)   --->   "%circulant_matrix_135_load_read = read i16 @_ssdm_op_Read.ap_auto.i16, i16 %circulant_matrix_135_load"   --->   Operation 75 'read' 'circulant_matrix_135_load_read' <Predicate = true> <Delay = 0.00>
ST_1 : Operation 76 [1/1] (0.00ns)   --->   "%circulant_matrix_134_load_read = read i16 @_ssdm_op_Read.ap_auto.i16, i16 %circulant_matrix_134_load"   --->   Operation 76 'read' 'circulant_matrix_134_load_read' <Predicate = true> <Delay = 0.00>
ST_1 : Operation 77 [1/1] (0.00ns)   --->   "%circulant_matrix_133_load_read = read i16 @_ssdm_op_Read.ap_auto.i16, i16 %circulant_matrix_133_load"   --->   Operation 77 'read' 'circulant_matrix_133_load_read' <Predicate = true> <Delay = 0.00>
ST_1 : Operation 78 [1/1] (0.00ns)   --->   "%circulant_matrix_132_load_read = read i16 @_ssdm_op_Read.ap_auto.i16, i16 %circulant_matrix_132_load"   --->   Operation 78 'read' 'circulant_matrix_132_load_read' <Predicate = true> <Delay = 0.00>
ST_1 : Operation 79 [1/1] (0.00ns)   --->   "%circulant_matrix_131_load_read = read i16 @_ssdm_op_Read.ap_auto.i16, i16 %circulant_matrix_131_load"   --->   Operation 79 'read' 'circulant_matrix_131_load_read' <Predicate = true> <Delay = 0.00>
ST_1 : Operation 80 [1/1] (0.00ns)   --->   "%circulant_matrix_130_load_read = read i16 @_ssdm_op_Read.ap_auto.i16, i16 %circulant_matrix_130_load"   --->   Operation 80 'read' 'circulant_matrix_130_load_read' <Predicate = true> <Delay = 0.00>
ST_1 : Operation 81 [1/1] (0.00ns)   --->   "%circulant_matrix_129_load_read = read i16 @_ssdm_op_Read.ap_auto.i16, i16 %circulant_matrix_129_load"   --->   Operation 81 'read' 'circulant_matrix_129_load_read' <Predicate = true> <Delay = 0.00>
ST_1 : Operation 82 [1/1] (0.00ns)   --->   "%circulant_matrix_128_load_read = read i16 @_ssdm_op_Read.ap_auto.i16, i16 %circulant_matrix_128_load"   --->   Operation 82 'read' 'circulant_matrix_128_load_read' <Predicate = true> <Delay = 0.00>
ST_1 : Operation 83 [1/1] (0.00ns)   --->   "%circulant_matrix_127_load_read = read i16 @_ssdm_op_Read.ap_auto.i16, i16 %circulant_matrix_127_load"   --->   Operation 83 'read' 'circulant_matrix_127_load_read' <Predicate = true> <Delay = 0.00>
ST_1 : Operation 84 [1/1] (0.00ns)   --->   "%circulant_matrix_126_load_read = read i16 @_ssdm_op_Read.ap_auto.i16, i16 %circulant_matrix_126_load"   --->   Operation 84 'read' 'circulant_matrix_126_load_read' <Predicate = true> <Delay = 0.00>
ST_1 : Operation 85 [1/1] (0.00ns)   --->   "%circulant_matrix_125_load_read = read i16 @_ssdm_op_Read.ap_auto.i16, i16 %circulant_matrix_125_load"   --->   Operation 85 'read' 'circulant_matrix_125_load_read' <Predicate = true> <Delay = 0.00>
ST_1 : Operation 86 [1/1] (0.00ns)   --->   "%circulant_matrix_124_load_read = read i16 @_ssdm_op_Read.ap_auto.i16, i16 %circulant_matrix_124_load"   --->   Operation 86 'read' 'circulant_matrix_124_load_read' <Predicate = true> <Delay = 0.00>
ST_1 : Operation 87 [1/1] (0.00ns)   --->   "%circulant_matrix_123_load_read = read i16 @_ssdm_op_Read.ap_auto.i16, i16 %circulant_matrix_123_load"   --->   Operation 87 'read' 'circulant_matrix_123_load_read' <Predicate = true> <Delay = 0.00>
ST_1 : Operation 88 [1/1] (0.00ns)   --->   "%circulant_matrix_122_load_read = read i16 @_ssdm_op_Read.ap_auto.i16, i16 %circulant_matrix_122_load"   --->   Operation 88 'read' 'circulant_matrix_122_load_read' <Predicate = true> <Delay = 0.00>
ST_1 : Operation 89 [1/1] (0.00ns)   --->   "%circulant_matrix_121_load_read = read i16 @_ssdm_op_Read.ap_auto.i16, i16 %circulant_matrix_121_load"   --->   Operation 89 'read' 'circulant_matrix_121_load_read' <Predicate = true> <Delay = 0.00>
ST_1 : Operation 90 [1/1] (0.00ns)   --->   "%circulant_matrix_120_load_read = read i16 @_ssdm_op_Read.ap_auto.i16, i16 %circulant_matrix_120_load"   --->   Operation 90 'read' 'circulant_matrix_120_load_read' <Predicate = true> <Delay = 0.00>
ST_1 : Operation 91 [1/1] (0.00ns)   --->   "%circulant_matrix_119_load_read = read i16 @_ssdm_op_Read.ap_auto.i16, i16 %circulant_matrix_119_load"   --->   Operation 91 'read' 'circulant_matrix_119_load_read' <Predicate = true> <Delay = 0.00>
ST_1 : Operation 92 [1/1] (0.00ns)   --->   "%circulant_matrix_118_load_read = read i16 @_ssdm_op_Read.ap_auto.i16, i16 %circulant_matrix_118_load"   --->   Operation 92 'read' 'circulant_matrix_118_load_read' <Predicate = true> <Delay = 0.00>
ST_1 : Operation 93 [1/1] (0.00ns)   --->   "%circulant_matrix_117_load_read = read i16 @_ssdm_op_Read.ap_auto.i16, i16 %circulant_matrix_117_load"   --->   Operation 93 'read' 'circulant_matrix_117_load_read' <Predicate = true> <Delay = 0.00>
ST_1 : Operation 94 [1/1] (0.00ns)   --->   "%circulant_matrix_116_load_read = read i16 @_ssdm_op_Read.ap_auto.i16, i16 %circulant_matrix_116_load"   --->   Operation 94 'read' 'circulant_matrix_116_load_read' <Predicate = true> <Delay = 0.00>
ST_1 : Operation 95 [1/1] (0.00ns)   --->   "%circulant_matrix_115_load_read = read i16 @_ssdm_op_Read.ap_auto.i16, i16 %circulant_matrix_115_load"   --->   Operation 95 'read' 'circulant_matrix_115_load_read' <Predicate = true> <Delay = 0.00>
ST_1 : Operation 96 [1/1] (0.00ns)   --->   "%circulant_matrix_114_load_read = read i16 @_ssdm_op_Read.ap_auto.i16, i16 %circulant_matrix_114_load"   --->   Operation 96 'read' 'circulant_matrix_114_load_read' <Predicate = true> <Delay = 0.00>
ST_1 : Operation 97 [1/1] (0.00ns)   --->   "%circulant_matrix_113_load_read = read i16 @_ssdm_op_Read.ap_auto.i16, i16 %circulant_matrix_113_load"   --->   Operation 97 'read' 'circulant_matrix_113_load_read' <Predicate = true> <Delay = 0.00>
ST_1 : Operation 98 [1/1] (0.00ns)   --->   "%circulant_matrix_112_load_read = read i16 @_ssdm_op_Read.ap_auto.i16, i16 %circulant_matrix_112_load"   --->   Operation 98 'read' 'circulant_matrix_112_load_read' <Predicate = true> <Delay = 0.00>
ST_1 : Operation 99 [1/1] (0.00ns)   --->   "%circulant_matrix_111_load_read = read i16 @_ssdm_op_Read.ap_auto.i16, i16 %circulant_matrix_111_load"   --->   Operation 99 'read' 'circulant_matrix_111_load_read' <Predicate = true> <Delay = 0.00>
ST_1 : Operation 100 [1/1] (0.00ns)   --->   "%circulant_matrix_110_load_read = read i16 @_ssdm_op_Read.ap_auto.i16, i16 %circulant_matrix_110_load"   --->   Operation 100 'read' 'circulant_matrix_110_load_read' <Predicate = true> <Delay = 0.00>
ST_1 : Operation 101 [1/1] (0.00ns)   --->   "%circulant_matrix_109_load_read = read i16 @_ssdm_op_Read.ap_auto.i16, i16 %circulant_matrix_109_load"   --->   Operation 101 'read' 'circulant_matrix_109_load_read' <Predicate = true> <Delay = 0.00>
ST_1 : Operation 102 [1/1] (0.00ns)   --->   "%circulant_matrix_108_load_read = read i16 @_ssdm_op_Read.ap_auto.i16, i16 %circulant_matrix_108_load"   --->   Operation 102 'read' 'circulant_matrix_108_load_read' <Predicate = true> <Delay = 0.00>
ST_1 : Operation 103 [1/1] (0.00ns)   --->   "%circulant_matrix_107_load_read = read i16 @_ssdm_op_Read.ap_auto.i16, i16 %circulant_matrix_107_load"   --->   Operation 103 'read' 'circulant_matrix_107_load_read' <Predicate = true> <Delay = 0.00>
ST_1 : Operation 104 [1/1] (0.00ns)   --->   "%circulant_matrix_106_load_read = read i16 @_ssdm_op_Read.ap_auto.i16, i16 %circulant_matrix_106_load"   --->   Operation 104 'read' 'circulant_matrix_106_load_read' <Predicate = true> <Delay = 0.00>
ST_1 : Operation 105 [1/1] (0.00ns)   --->   "%circulant_matrix_105_load_read = read i16 @_ssdm_op_Read.ap_auto.i16, i16 %circulant_matrix_105_load"   --->   Operation 105 'read' 'circulant_matrix_105_load_read' <Predicate = true> <Delay = 0.00>
ST_1 : Operation 106 [1/1] (0.00ns)   --->   "%circulant_matrix_104_load_read = read i16 @_ssdm_op_Read.ap_auto.i16, i16 %circulant_matrix_104_load"   --->   Operation 106 'read' 'circulant_matrix_104_load_read' <Predicate = true> <Delay = 0.00>
ST_1 : Operation 107 [1/1] (0.00ns)   --->   "%circulant_matrix_103_load_read = read i16 @_ssdm_op_Read.ap_auto.i16, i16 %circulant_matrix_103_load"   --->   Operation 107 'read' 'circulant_matrix_103_load_read' <Predicate = true> <Delay = 0.00>
ST_1 : Operation 108 [1/1] (0.00ns)   --->   "%circulant_matrix_102_load_read = read i16 @_ssdm_op_Read.ap_auto.i16, i16 %circulant_matrix_102_load"   --->   Operation 108 'read' 'circulant_matrix_102_load_read' <Predicate = true> <Delay = 0.00>
ST_1 : Operation 109 [1/1] (0.00ns)   --->   "%circulant_matrix_101_load_read = read i16 @_ssdm_op_Read.ap_auto.i16, i16 %circulant_matrix_101_load"   --->   Operation 109 'read' 'circulant_matrix_101_load_read' <Predicate = true> <Delay = 0.00>
ST_1 : Operation 110 [1/1] (0.00ns)   --->   "%circulant_matrix_100_load_read = read i16 @_ssdm_op_Read.ap_auto.i16, i16 %circulant_matrix_100_load"   --->   Operation 110 'read' 'circulant_matrix_100_load_read' <Predicate = true> <Delay = 0.00>
ST_1 : Operation 111 [1/1] (0.00ns)   --->   "%circulant_matrix_99_load_read = read i16 @_ssdm_op_Read.ap_auto.i16, i16 %circulant_matrix_99_load"   --->   Operation 111 'read' 'circulant_matrix_99_load_read' <Predicate = true> <Delay = 0.00>
ST_1 : Operation 112 [1/1] (0.00ns)   --->   "%circulant_matrix_98_load_read = read i16 @_ssdm_op_Read.ap_auto.i16, i16 %circulant_matrix_98_load"   --->   Operation 112 'read' 'circulant_matrix_98_load_read' <Predicate = true> <Delay = 0.00>
ST_1 : Operation 113 [1/1] (0.00ns)   --->   "%circulant_matrix_97_load_read = read i16 @_ssdm_op_Read.ap_auto.i16, i16 %circulant_matrix_97_load"   --->   Operation 113 'read' 'circulant_matrix_97_load_read' <Predicate = true> <Delay = 0.00>
ST_1 : Operation 114 [1/1] (0.00ns)   --->   "%circulant_matrix_96_load_read = read i16 @_ssdm_op_Read.ap_auto.i16, i16 %circulant_matrix_96_load"   --->   Operation 114 'read' 'circulant_matrix_96_load_read' <Predicate = true> <Delay = 0.00>
ST_1 : Operation 115 [1/1] (0.00ns)   --->   "%circulant_matrix_95_load_read = read i16 @_ssdm_op_Read.ap_auto.i16, i16 %circulant_matrix_95_load"   --->   Operation 115 'read' 'circulant_matrix_95_load_read' <Predicate = true> <Delay = 0.00>
ST_1 : Operation 116 [1/1] (0.00ns)   --->   "%circulant_matrix_94_load_read = read i16 @_ssdm_op_Read.ap_auto.i16, i16 %circulant_matrix_94_load"   --->   Operation 116 'read' 'circulant_matrix_94_load_read' <Predicate = true> <Delay = 0.00>
ST_1 : Operation 117 [1/1] (0.00ns)   --->   "%circulant_matrix_93_load_read = read i16 @_ssdm_op_Read.ap_auto.i16, i16 %circulant_matrix_93_load"   --->   Operation 117 'read' 'circulant_matrix_93_load_read' <Predicate = true> <Delay = 0.00>
ST_1 : Operation 118 [1/1] (0.00ns)   --->   "%circulant_matrix_92_load_read = read i16 @_ssdm_op_Read.ap_auto.i16, i16 %circulant_matrix_92_load"   --->   Operation 118 'read' 'circulant_matrix_92_load_read' <Predicate = true> <Delay = 0.00>
ST_1 : Operation 119 [1/1] (0.00ns)   --->   "%circulant_matrix_91_load_read = read i16 @_ssdm_op_Read.ap_auto.i16, i16 %circulant_matrix_91_load"   --->   Operation 119 'read' 'circulant_matrix_91_load_read' <Predicate = true> <Delay = 0.00>
ST_1 : Operation 120 [1/1] (0.00ns)   --->   "%circulant_matrix_90_load_read = read i16 @_ssdm_op_Read.ap_auto.i16, i16 %circulant_matrix_90_load"   --->   Operation 120 'read' 'circulant_matrix_90_load_read' <Predicate = true> <Delay = 0.00>
ST_1 : Operation 121 [1/1] (0.00ns)   --->   "%circulant_matrix_89_load_read = read i16 @_ssdm_op_Read.ap_auto.i16, i16 %circulant_matrix_89_load"   --->   Operation 121 'read' 'circulant_matrix_89_load_read' <Predicate = true> <Delay = 0.00>
ST_1 : Operation 122 [1/1] (0.00ns)   --->   "%circulant_matrix_88_load_read = read i16 @_ssdm_op_Read.ap_auto.i16, i16 %circulant_matrix_88_load"   --->   Operation 122 'read' 'circulant_matrix_88_load_read' <Predicate = true> <Delay = 0.00>
ST_1 : Operation 123 [1/1] (0.00ns)   --->   "%circulant_matrix_87_load_read = read i16 @_ssdm_op_Read.ap_auto.i16, i16 %circulant_matrix_87_load"   --->   Operation 123 'read' 'circulant_matrix_87_load_read' <Predicate = true> <Delay = 0.00>
ST_1 : Operation 124 [1/1] (0.00ns)   --->   "%circulant_matrix_86_load_read = read i16 @_ssdm_op_Read.ap_auto.i16, i16 %circulant_matrix_86_load"   --->   Operation 124 'read' 'circulant_matrix_86_load_read' <Predicate = true> <Delay = 0.00>
ST_1 : Operation 125 [1/1] (0.00ns)   --->   "%circulant_matrix_85_load_read = read i16 @_ssdm_op_Read.ap_auto.i16, i16 %circulant_matrix_85_load"   --->   Operation 125 'read' 'circulant_matrix_85_load_read' <Predicate = true> <Delay = 0.00>
ST_1 : Operation 126 [1/1] (0.00ns)   --->   "%circulant_matrix_84_load_read = read i16 @_ssdm_op_Read.ap_auto.i16, i16 %circulant_matrix_84_load"   --->   Operation 126 'read' 'circulant_matrix_84_load_read' <Predicate = true> <Delay = 0.00>
ST_1 : Operation 127 [1/1] (0.00ns)   --->   "%circulant_matrix_83_load_read = read i16 @_ssdm_op_Read.ap_auto.i16, i16 %circulant_matrix_83_load"   --->   Operation 127 'read' 'circulant_matrix_83_load_read' <Predicate = true> <Delay = 0.00>
ST_1 : Operation 128 [1/1] (0.00ns)   --->   "%circulant_matrix_82_load_read = read i16 @_ssdm_op_Read.ap_auto.i16, i16 %circulant_matrix_82_load"   --->   Operation 128 'read' 'circulant_matrix_82_load_read' <Predicate = true> <Delay = 0.00>
ST_1 : Operation 129 [1/1] (0.00ns)   --->   "%circulant_matrix_81_load_read = read i16 @_ssdm_op_Read.ap_auto.i16, i16 %circulant_matrix_81_load"   --->   Operation 129 'read' 'circulant_matrix_81_load_read' <Predicate = true> <Delay = 0.00>
ST_1 : Operation 130 [1/1] (0.00ns)   --->   "%circulant_matrix_80_load_read = read i16 @_ssdm_op_Read.ap_auto.i16, i16 %circulant_matrix_80_load"   --->   Operation 130 'read' 'circulant_matrix_80_load_read' <Predicate = true> <Delay = 0.00>
ST_1 : Operation 131 [1/1] (0.00ns)   --->   "%circulant_matrix_79_load_read = read i16 @_ssdm_op_Read.ap_auto.i16, i16 %circulant_matrix_79_load"   --->   Operation 131 'read' 'circulant_matrix_79_load_read' <Predicate = true> <Delay = 0.00>
ST_1 : Operation 132 [1/1] (0.00ns)   --->   "%circulant_matrix_78_load_read = read i16 @_ssdm_op_Read.ap_auto.i16, i16 %circulant_matrix_78_load"   --->   Operation 132 'read' 'circulant_matrix_78_load_read' <Predicate = true> <Delay = 0.00>
ST_1 : Operation 133 [1/1] (0.00ns)   --->   "%circulant_matrix_77_load_read = read i16 @_ssdm_op_Read.ap_auto.i16, i16 %circulant_matrix_77_load"   --->   Operation 133 'read' 'circulant_matrix_77_load_read' <Predicate = true> <Delay = 0.00>
ST_1 : Operation 134 [1/1] (0.00ns)   --->   "%circulant_matrix_76_load_read = read i16 @_ssdm_op_Read.ap_auto.i16, i16 %circulant_matrix_76_load"   --->   Operation 134 'read' 'circulant_matrix_76_load_read' <Predicate = true> <Delay = 0.00>
ST_1 : Operation 135 [1/1] (0.00ns)   --->   "%circulant_matrix_75_load_read = read i16 @_ssdm_op_Read.ap_auto.i16, i16 %circulant_matrix_75_load"   --->   Operation 135 'read' 'circulant_matrix_75_load_read' <Predicate = true> <Delay = 0.00>
ST_1 : Operation 136 [1/1] (0.00ns)   --->   "%circulant_matrix_74_load_read = read i16 @_ssdm_op_Read.ap_auto.i16, i16 %circulant_matrix_74_load"   --->   Operation 136 'read' 'circulant_matrix_74_load_read' <Predicate = true> <Delay = 0.00>
ST_1 : Operation 137 [1/1] (0.00ns)   --->   "%circulant_matrix_73_load_read = read i16 @_ssdm_op_Read.ap_auto.i16, i16 %circulant_matrix_73_load"   --->   Operation 137 'read' 'circulant_matrix_73_load_read' <Predicate = true> <Delay = 0.00>
ST_1 : Operation 138 [1/1] (0.00ns)   --->   "%circulant_matrix_72_load_read = read i16 @_ssdm_op_Read.ap_auto.i16, i16 %circulant_matrix_72_load"   --->   Operation 138 'read' 'circulant_matrix_72_load_read' <Predicate = true> <Delay = 0.00>
ST_1 : Operation 139 [1/1] (0.00ns)   --->   "%circulant_matrix_71_load_read = read i16 @_ssdm_op_Read.ap_auto.i16, i16 %circulant_matrix_71_load"   --->   Operation 139 'read' 'circulant_matrix_71_load_read' <Predicate = true> <Delay = 0.00>
ST_1 : Operation 140 [1/1] (0.00ns)   --->   "%circulant_matrix_70_load_read = read i16 @_ssdm_op_Read.ap_auto.i16, i16 %circulant_matrix_70_load"   --->   Operation 140 'read' 'circulant_matrix_70_load_read' <Predicate = true> <Delay = 0.00>
ST_1 : Operation 141 [1/1] (0.00ns)   --->   "%circulant_matrix_69_load_read = read i16 @_ssdm_op_Read.ap_auto.i16, i16 %circulant_matrix_69_load"   --->   Operation 141 'read' 'circulant_matrix_69_load_read' <Predicate = true> <Delay = 0.00>
ST_1 : Operation 142 [1/1] (0.00ns)   --->   "%circulant_matrix_68_load_read = read i16 @_ssdm_op_Read.ap_auto.i16, i16 %circulant_matrix_68_load"   --->   Operation 142 'read' 'circulant_matrix_68_load_read' <Predicate = true> <Delay = 0.00>
ST_1 : Operation 143 [1/1] (0.00ns)   --->   "%circulant_matrix_67_load_read = read i16 @_ssdm_op_Read.ap_auto.i16, i16 %circulant_matrix_67_load"   --->   Operation 143 'read' 'circulant_matrix_67_load_read' <Predicate = true> <Delay = 0.00>
ST_1 : Operation 144 [1/1] (0.00ns)   --->   "%circulant_matrix_66_load_read = read i16 @_ssdm_op_Read.ap_auto.i16, i16 %circulant_matrix_66_load"   --->   Operation 144 'read' 'circulant_matrix_66_load_read' <Predicate = true> <Delay = 0.00>
ST_1 : Operation 145 [1/1] (0.00ns)   --->   "%circulant_matrix_65_load_read = read i16 @_ssdm_op_Read.ap_auto.i16, i16 %circulant_matrix_65_load"   --->   Operation 145 'read' 'circulant_matrix_65_load_read' <Predicate = true> <Delay = 0.00>
ST_1 : Operation 146 [1/1] (0.00ns)   --->   "%circulant_matrix_64_load_read = read i16 @_ssdm_op_Read.ap_auto.i16, i16 %circulant_matrix_64_load"   --->   Operation 146 'read' 'circulant_matrix_64_load_read' <Predicate = true> <Delay = 0.00>
ST_1 : Operation 147 [1/1] (0.00ns)   --->   "%circulant_matrix_63_load_read = read i16 @_ssdm_op_Read.ap_auto.i16, i16 %circulant_matrix_63_load"   --->   Operation 147 'read' 'circulant_matrix_63_load_read' <Predicate = true> <Delay = 0.00>
ST_1 : Operation 148 [1/1] (0.00ns)   --->   "%circulant_matrix_62_load_read = read i16 @_ssdm_op_Read.ap_auto.i16, i16 %circulant_matrix_62_load"   --->   Operation 148 'read' 'circulant_matrix_62_load_read' <Predicate = true> <Delay = 0.00>
ST_1 : Operation 149 [1/1] (0.00ns)   --->   "%circulant_matrix_61_load_read = read i16 @_ssdm_op_Read.ap_auto.i16, i16 %circulant_matrix_61_load"   --->   Operation 149 'read' 'circulant_matrix_61_load_read' <Predicate = true> <Delay = 0.00>
ST_1 : Operation 150 [1/1] (0.00ns)   --->   "%circulant_matrix_60_load_read = read i16 @_ssdm_op_Read.ap_auto.i16, i16 %circulant_matrix_60_load"   --->   Operation 150 'read' 'circulant_matrix_60_load_read' <Predicate = true> <Delay = 0.00>
ST_1 : Operation 151 [1/1] (0.00ns)   --->   "%circulant_matrix_59_load_read = read i16 @_ssdm_op_Read.ap_auto.i16, i16 %circulant_matrix_59_load"   --->   Operation 151 'read' 'circulant_matrix_59_load_read' <Predicate = true> <Delay = 0.00>
ST_1 : Operation 152 [1/1] (0.00ns)   --->   "%circulant_matrix_58_load_read = read i16 @_ssdm_op_Read.ap_auto.i16, i16 %circulant_matrix_58_load"   --->   Operation 152 'read' 'circulant_matrix_58_load_read' <Predicate = true> <Delay = 0.00>
ST_1 : Operation 153 [1/1] (0.00ns)   --->   "%circulant_matrix_57_load_read = read i16 @_ssdm_op_Read.ap_auto.i16, i16 %circulant_matrix_57_load"   --->   Operation 153 'read' 'circulant_matrix_57_load_read' <Predicate = true> <Delay = 0.00>
ST_1 : Operation 154 [1/1] (0.00ns)   --->   "%circulant_matrix_56_load_read = read i16 @_ssdm_op_Read.ap_auto.i16, i16 %circulant_matrix_56_load"   --->   Operation 154 'read' 'circulant_matrix_56_load_read' <Predicate = true> <Delay = 0.00>
ST_1 : Operation 155 [1/1] (0.00ns)   --->   "%circulant_matrix_55_load_read = read i16 @_ssdm_op_Read.ap_auto.i16, i16 %circulant_matrix_55_load"   --->   Operation 155 'read' 'circulant_matrix_55_load_read' <Predicate = true> <Delay = 0.00>
ST_1 : Operation 156 [1/1] (0.00ns)   --->   "%circulant_matrix_54_load_read = read i16 @_ssdm_op_Read.ap_auto.i16, i16 %circulant_matrix_54_load"   --->   Operation 156 'read' 'circulant_matrix_54_load_read' <Predicate = true> <Delay = 0.00>
ST_1 : Operation 157 [1/1] (0.00ns)   --->   "%circulant_matrix_53_load_read = read i16 @_ssdm_op_Read.ap_auto.i16, i16 %circulant_matrix_53_load"   --->   Operation 157 'read' 'circulant_matrix_53_load_read' <Predicate = true> <Delay = 0.00>
ST_1 : Operation 158 [1/1] (0.00ns)   --->   "%circulant_matrix_52_load_read = read i16 @_ssdm_op_Read.ap_auto.i16, i16 %circulant_matrix_52_load"   --->   Operation 158 'read' 'circulant_matrix_52_load_read' <Predicate = true> <Delay = 0.00>
ST_1 : Operation 159 [1/1] (0.00ns)   --->   "%circulant_matrix_51_load_read = read i16 @_ssdm_op_Read.ap_auto.i16, i16 %circulant_matrix_51_load"   --->   Operation 159 'read' 'circulant_matrix_51_load_read' <Predicate = true> <Delay = 0.00>
ST_1 : Operation 160 [1/1] (0.00ns)   --->   "%circulant_matrix_50_load_read = read i16 @_ssdm_op_Read.ap_auto.i16, i16 %circulant_matrix_50_load"   --->   Operation 160 'read' 'circulant_matrix_50_load_read' <Predicate = true> <Delay = 0.00>
ST_1 : Operation 161 [1/1] (0.00ns)   --->   "%circulant_matrix_49_load_read = read i16 @_ssdm_op_Read.ap_auto.i16, i16 %circulant_matrix_49_load"   --->   Operation 161 'read' 'circulant_matrix_49_load_read' <Predicate = true> <Delay = 0.00>
ST_1 : Operation 162 [1/1] (0.00ns)   --->   "%circulant_matrix_48_load_read = read i16 @_ssdm_op_Read.ap_auto.i16, i16 %circulant_matrix_48_load"   --->   Operation 162 'read' 'circulant_matrix_48_load_read' <Predicate = true> <Delay = 0.00>
ST_1 : Operation 163 [1/1] (0.00ns)   --->   "%circulant_matrix_47_load_read = read i16 @_ssdm_op_Read.ap_auto.i16, i16 %circulant_matrix_47_load"   --->   Operation 163 'read' 'circulant_matrix_47_load_read' <Predicate = true> <Delay = 0.00>
ST_1 : Operation 164 [1/1] (0.00ns)   --->   "%circulant_matrix_46_load_read = read i16 @_ssdm_op_Read.ap_auto.i16, i16 %circulant_matrix_46_load"   --->   Operation 164 'read' 'circulant_matrix_46_load_read' <Predicate = true> <Delay = 0.00>
ST_1 : Operation 165 [1/1] (0.00ns)   --->   "%circulant_matrix_45_load_read = read i16 @_ssdm_op_Read.ap_auto.i16, i16 %circulant_matrix_45_load"   --->   Operation 165 'read' 'circulant_matrix_45_load_read' <Predicate = true> <Delay = 0.00>
ST_1 : Operation 166 [1/1] (0.00ns)   --->   "%circulant_matrix_44_load_read = read i16 @_ssdm_op_Read.ap_auto.i16, i16 %circulant_matrix_44_load"   --->   Operation 166 'read' 'circulant_matrix_44_load_read' <Predicate = true> <Delay = 0.00>
ST_1 : Operation 167 [1/1] (0.00ns)   --->   "%circulant_matrix_43_load_read = read i16 @_ssdm_op_Read.ap_auto.i16, i16 %circulant_matrix_43_load"   --->   Operation 167 'read' 'circulant_matrix_43_load_read' <Predicate = true> <Delay = 0.00>
ST_1 : Operation 168 [1/1] (0.00ns)   --->   "%circulant_matrix_42_load_read = read i16 @_ssdm_op_Read.ap_auto.i16, i16 %circulant_matrix_42_load"   --->   Operation 168 'read' 'circulant_matrix_42_load_read' <Predicate = true> <Delay = 0.00>
ST_1 : Operation 169 [1/1] (0.00ns)   --->   "%circulant_matrix_41_load_read = read i16 @_ssdm_op_Read.ap_auto.i16, i16 %circulant_matrix_41_load"   --->   Operation 169 'read' 'circulant_matrix_41_load_read' <Predicate = true> <Delay = 0.00>
ST_1 : Operation 170 [1/1] (0.00ns)   --->   "%circulant_matrix_40_load_read = read i16 @_ssdm_op_Read.ap_auto.i16, i16 %circulant_matrix_40_load"   --->   Operation 170 'read' 'circulant_matrix_40_load_read' <Predicate = true> <Delay = 0.00>
ST_1 : Operation 171 [1/1] (0.00ns)   --->   "%circulant_matrix_39_load_read = read i16 @_ssdm_op_Read.ap_auto.i16, i16 %circulant_matrix_39_load"   --->   Operation 171 'read' 'circulant_matrix_39_load_read' <Predicate = true> <Delay = 0.00>
ST_1 : Operation 172 [1/1] (0.00ns)   --->   "%circulant_matrix_38_load_read = read i16 @_ssdm_op_Read.ap_auto.i16, i16 %circulant_matrix_38_load"   --->   Operation 172 'read' 'circulant_matrix_38_load_read' <Predicate = true> <Delay = 0.00>
ST_1 : Operation 173 [1/1] (0.00ns)   --->   "%circulant_matrix_37_load_read = read i16 @_ssdm_op_Read.ap_auto.i16, i16 %circulant_matrix_37_load"   --->   Operation 173 'read' 'circulant_matrix_37_load_read' <Predicate = true> <Delay = 0.00>
ST_1 : Operation 174 [1/1] (0.00ns)   --->   "%circulant_matrix_36_load_read = read i16 @_ssdm_op_Read.ap_auto.i16, i16 %circulant_matrix_36_load"   --->   Operation 174 'read' 'circulant_matrix_36_load_read' <Predicate = true> <Delay = 0.00>
ST_1 : Operation 175 [1/1] (0.00ns)   --->   "%circulant_matrix_35_load_read = read i16 @_ssdm_op_Read.ap_auto.i16, i16 %circulant_matrix_35_load"   --->   Operation 175 'read' 'circulant_matrix_35_load_read' <Predicate = true> <Delay = 0.00>
ST_1 : Operation 176 [1/1] (0.00ns)   --->   "%circulant_matrix_34_load_read = read i16 @_ssdm_op_Read.ap_auto.i16, i16 %circulant_matrix_34_load"   --->   Operation 176 'read' 'circulant_matrix_34_load_read' <Predicate = true> <Delay = 0.00>
ST_1 : Operation 177 [1/1] (0.00ns)   --->   "%circulant_matrix_33_load_read = read i16 @_ssdm_op_Read.ap_auto.i16, i16 %circulant_matrix_33_load"   --->   Operation 177 'read' 'circulant_matrix_33_load_read' <Predicate = true> <Delay = 0.00>
ST_1 : Operation 178 [1/1] (0.00ns)   --->   "%circulant_matrix_32_load_read = read i16 @_ssdm_op_Read.ap_auto.i16, i16 %circulant_matrix_32_load"   --->   Operation 178 'read' 'circulant_matrix_32_load_read' <Predicate = true> <Delay = 0.00>
ST_1 : Operation 179 [1/1] (0.00ns)   --->   "%circulant_matrix_31_load_read = read i16 @_ssdm_op_Read.ap_auto.i16, i16 %circulant_matrix_31_load"   --->   Operation 179 'read' 'circulant_matrix_31_load_read' <Predicate = true> <Delay = 0.00>
ST_1 : Operation 180 [1/1] (0.00ns)   --->   "%circulant_matrix_30_load_read = read i16 @_ssdm_op_Read.ap_auto.i16, i16 %circulant_matrix_30_load"   --->   Operation 180 'read' 'circulant_matrix_30_load_read' <Predicate = true> <Delay = 0.00>
ST_1 : Operation 181 [1/1] (0.00ns)   --->   "%circulant_matrix_29_load_read = read i16 @_ssdm_op_Read.ap_auto.i16, i16 %circulant_matrix_29_load"   --->   Operation 181 'read' 'circulant_matrix_29_load_read' <Predicate = true> <Delay = 0.00>
ST_1 : Operation 182 [1/1] (0.00ns)   --->   "%circulant_matrix_28_load_read = read i16 @_ssdm_op_Read.ap_auto.i16, i16 %circulant_matrix_28_load"   --->   Operation 182 'read' 'circulant_matrix_28_load_read' <Predicate = true> <Delay = 0.00>
ST_1 : Operation 183 [1/1] (0.00ns)   --->   "%circulant_matrix_27_load_read = read i16 @_ssdm_op_Read.ap_auto.i16, i16 %circulant_matrix_27_load"   --->   Operation 183 'read' 'circulant_matrix_27_load_read' <Predicate = true> <Delay = 0.00>
ST_1 : Operation 184 [1/1] (0.00ns)   --->   "%circulant_matrix_26_load_read = read i16 @_ssdm_op_Read.ap_auto.i16, i16 %circulant_matrix_26_load"   --->   Operation 184 'read' 'circulant_matrix_26_load_read' <Predicate = true> <Delay = 0.00>
ST_1 : Operation 185 [1/1] (0.00ns)   --->   "%circulant_matrix_25_load_read = read i16 @_ssdm_op_Read.ap_auto.i16, i16 %circulant_matrix_25_load"   --->   Operation 185 'read' 'circulant_matrix_25_load_read' <Predicate = true> <Delay = 0.00>
ST_1 : Operation 186 [1/1] (0.00ns)   --->   "%circulant_matrix_24_load_read = read i16 @_ssdm_op_Read.ap_auto.i16, i16 %circulant_matrix_24_load"   --->   Operation 186 'read' 'circulant_matrix_24_load_read' <Predicate = true> <Delay = 0.00>
ST_1 : Operation 187 [1/1] (0.00ns)   --->   "%circulant_matrix_23_load_read = read i16 @_ssdm_op_Read.ap_auto.i16, i16 %circulant_matrix_23_load"   --->   Operation 187 'read' 'circulant_matrix_23_load_read' <Predicate = true> <Delay = 0.00>
ST_1 : Operation 188 [1/1] (0.00ns)   --->   "%circulant_matrix_22_load_read = read i16 @_ssdm_op_Read.ap_auto.i16, i16 %circulant_matrix_22_load"   --->   Operation 188 'read' 'circulant_matrix_22_load_read' <Predicate = true> <Delay = 0.00>
ST_1 : Operation 189 [1/1] (0.00ns)   --->   "%circulant_matrix_21_load_read = read i16 @_ssdm_op_Read.ap_auto.i16, i16 %circulant_matrix_21_load"   --->   Operation 189 'read' 'circulant_matrix_21_load_read' <Predicate = true> <Delay = 0.00>
ST_1 : Operation 190 [1/1] (0.00ns)   --->   "%circulant_matrix_20_load_read = read i16 @_ssdm_op_Read.ap_auto.i16, i16 %circulant_matrix_20_load"   --->   Operation 190 'read' 'circulant_matrix_20_load_read' <Predicate = true> <Delay = 0.00>
ST_1 : Operation 191 [1/1] (0.00ns)   --->   "%circulant_matrix_19_load_read = read i16 @_ssdm_op_Read.ap_auto.i16, i16 %circulant_matrix_19_load"   --->   Operation 191 'read' 'circulant_matrix_19_load_read' <Predicate = true> <Delay = 0.00>
ST_1 : Operation 192 [1/1] (0.00ns)   --->   "%circulant_matrix_18_load_read = read i16 @_ssdm_op_Read.ap_auto.i16, i16 %circulant_matrix_18_load"   --->   Operation 192 'read' 'circulant_matrix_18_load_read' <Predicate = true> <Delay = 0.00>
ST_1 : Operation 193 [1/1] (0.00ns)   --->   "%circulant_matrix_17_load_read = read i16 @_ssdm_op_Read.ap_auto.i16, i16 %circulant_matrix_17_load"   --->   Operation 193 'read' 'circulant_matrix_17_load_read' <Predicate = true> <Delay = 0.00>
ST_1 : Operation 194 [1/1] (0.00ns)   --->   "%circulant_matrix_16_load_read = read i16 @_ssdm_op_Read.ap_auto.i16, i16 %circulant_matrix_16_load"   --->   Operation 194 'read' 'circulant_matrix_16_load_read' <Predicate = true> <Delay = 0.00>
ST_1 : Operation 195 [1/1] (0.00ns)   --->   "%circulant_matrix_15_load_read = read i16 @_ssdm_op_Read.ap_auto.i16, i16 %circulant_matrix_15_load"   --->   Operation 195 'read' 'circulant_matrix_15_load_read' <Predicate = true> <Delay = 0.00>
ST_1 : Operation 196 [1/1] (0.00ns)   --->   "%circulant_matrix_14_load_read = read i16 @_ssdm_op_Read.ap_auto.i16, i16 %circulant_matrix_14_load"   --->   Operation 196 'read' 'circulant_matrix_14_load_read' <Predicate = true> <Delay = 0.00>
ST_1 : Operation 197 [1/1] (0.00ns)   --->   "%circulant_matrix_13_load_read = read i16 @_ssdm_op_Read.ap_auto.i16, i16 %circulant_matrix_13_load"   --->   Operation 197 'read' 'circulant_matrix_13_load_read' <Predicate = true> <Delay = 0.00>
ST_1 : Operation 198 [1/1] (0.00ns)   --->   "%circulant_matrix_12_load_read = read i16 @_ssdm_op_Read.ap_auto.i16, i16 %circulant_matrix_12_load"   --->   Operation 198 'read' 'circulant_matrix_12_load_read' <Predicate = true> <Delay = 0.00>
ST_1 : Operation 199 [1/1] (0.00ns)   --->   "%circulant_matrix_11_load_read = read i16 @_ssdm_op_Read.ap_auto.i16, i16 %circulant_matrix_11_load"   --->   Operation 199 'read' 'circulant_matrix_11_load_read' <Predicate = true> <Delay = 0.00>
ST_1 : Operation 200 [1/1] (0.00ns)   --->   "%circulant_matrix_10_load_read = read i16 @_ssdm_op_Read.ap_auto.i16, i16 %circulant_matrix_10_load"   --->   Operation 200 'read' 'circulant_matrix_10_load_read' <Predicate = true> <Delay = 0.00>
ST_1 : Operation 201 [1/1] (0.00ns)   --->   "%circulant_matrix_9_load_read = read i16 @_ssdm_op_Read.ap_auto.i16, i16 %circulant_matrix_9_load"   --->   Operation 201 'read' 'circulant_matrix_9_load_read' <Predicate = true> <Delay = 0.00>
ST_1 : Operation 202 [1/1] (0.00ns)   --->   "%circulant_matrix_8_load_read = read i16 @_ssdm_op_Read.ap_auto.i16, i16 %circulant_matrix_8_load"   --->   Operation 202 'read' 'circulant_matrix_8_load_read' <Predicate = true> <Delay = 0.00>
ST_1 : Operation 203 [1/1] (0.00ns)   --->   "%circulant_matrix_7_load_read = read i16 @_ssdm_op_Read.ap_auto.i16, i16 %circulant_matrix_7_load"   --->   Operation 203 'read' 'circulant_matrix_7_load_read' <Predicate = true> <Delay = 0.00>
ST_1 : Operation 204 [1/1] (0.00ns)   --->   "%circulant_matrix_6_load_read = read i16 @_ssdm_op_Read.ap_auto.i16, i16 %circulant_matrix_6_load"   --->   Operation 204 'read' 'circulant_matrix_6_load_read' <Predicate = true> <Delay = 0.00>
ST_1 : Operation 205 [1/1] (0.00ns)   --->   "%circulant_matrix_5_load_read = read i16 @_ssdm_op_Read.ap_auto.i16, i16 %circulant_matrix_5_load"   --->   Operation 205 'read' 'circulant_matrix_5_load_read' <Predicate = true> <Delay = 0.00>
ST_1 : Operation 206 [1/1] (0.00ns)   --->   "%circulant_matrix_4_load_read = read i16 @_ssdm_op_Read.ap_auto.i16, i16 %circulant_matrix_4_load"   --->   Operation 206 'read' 'circulant_matrix_4_load_read' <Predicate = true> <Delay = 0.00>
ST_1 : Operation 207 [1/1] (0.00ns)   --->   "%circulant_matrix_3_load_read = read i16 @_ssdm_op_Read.ap_auto.i16, i16 %circulant_matrix_3_load"   --->   Operation 207 'read' 'circulant_matrix_3_load_read' <Predicate = true> <Delay = 0.00>
ST_1 : Operation 208 [1/1] (0.00ns)   --->   "%circulant_matrix_2_load_read = read i16 @_ssdm_op_Read.ap_auto.i16, i16 %circulant_matrix_2_load"   --->   Operation 208 'read' 'circulant_matrix_2_load_read' <Predicate = true> <Delay = 0.00>
ST_1 : Operation 209 [1/1] (0.00ns)   --->   "%circulant_matrix_1_load_read = read i16 @_ssdm_op_Read.ap_auto.i16, i16 %circulant_matrix_1_load"   --->   Operation 209 'read' 'circulant_matrix_1_load_read' <Predicate = true> <Delay = 0.00>
ST_1 : Operation 210 [1/1] (0.00ns)   --->   "%circulant_matrix_load_read = read i16 @_ssdm_op_Read.ap_auto.i16, i16 %circulant_matrix_load"   --->   Operation 210 'read' 'circulant_matrix_load_read' <Predicate = true> <Delay = 0.00>
ST_1 : Operation 211 [1/1] (0.00ns)   --->   "%p_cast_cast_read = read i63 @_ssdm_op_Read.ap_auto.i63, i63 %p_cast_cast"   --->   Operation 211 'read' 'p_cast_cast_read' <Predicate = true> <Delay = 0.00>
ST_1 : Operation 212 [1/1] (0.00ns)   --->   "%sext_ln8_1_read = read i7 @_ssdm_op_Read.ap_auto.i7, i7 %sext_ln8_1"   --->   Operation 212 'read' 'sext_ln8_1_read' <Predicate = true> <Delay = 0.00>
ST_1 : Operation 213 [1/1] (0.00ns)   --->   "%p_cast_cast_cast = sext i63 %p_cast_cast_read"   --->   Operation 213 'sext' 'p_cast_cast_cast' <Predicate = true> <Delay = 0.00>
ST_1 : Operation 214 [1/1] (0.00ns)   --->   "%sext_ln8_1_cast = sext i7 %sext_ln8_1_read"   --->   Operation 214 'sext' 'sext_ln8_1_cast' <Predicate = true> <Delay = 0.00>
ST_1 : Operation 215 [1/1] (0.00ns)   --->   "%specinterface_ln0 = specinterface void @_ssdm_op_SpecInterface, i16 %gmem, void @empty, i32 0, i32 0, void @empty_0, i32 0, i32 0, void @empty_1, void @empty_2, void @empty_0, i32 16, i32 16, i32 16, i32 16, void @empty_0, void @empty_0, i32 4294967295, i32 0, i32 0"   --->   Operation 215 'specinterface' 'specinterface_ln0' <Predicate = true> <Delay = 0.00>
ST_1 : Operation 216 [1/1] (0.83ns)   --->   "%store_ln93 = store i8 0, i8 %j" [lstm_new.cpp:93]   --->   Operation 216 'store' 'store_ln93' <Predicate = true> <Delay = 0.83>
ST_1 : Operation 217 [1/1] (0.83ns)   --->   "%store_ln0 = store i16 0, i16 %empty"   --->   Operation 217 'store' 'store_ln0' <Predicate = true> <Delay = 0.83>
ST_1 : Operation 218 [1/1] (0.00ns)   --->   "%br_ln0 = br void %for.body44"   --->   Operation 218 'br' 'br_ln0' <Predicate = true> <Delay = 0.00>
ST_1 : Operation 219 [1/1] (0.00ns)   --->   "%j_1 = load i8 %j" [lstm_new.cpp:93]   --->   Operation 219 'load' 'j_1' <Predicate = true> <Delay = 0.00>
ST_1 : Operation 220 [1/1] (0.00ns)   --->   "%specbitsmap_ln0 = specbitsmap void @_ssdm_op_SpecBitsMap, i16 %gmem"   --->   Operation 220 'specbitsmap' 'specbitsmap_ln0' <Predicate = true> <Delay = 0.00>
ST_1 : Operation 221 [1/1] (1.35ns)   --->   "%icmp_ln93 = icmp_eq  i8 %j_1, i8 %sext_ln8_1_cast" [lstm_new.cpp:93]   --->   Operation 221 'icmp' 'icmp_ln93' <Predicate = true> <Delay = 1.35> <CoreInst = "Cmp">   --->   Core 9 'Cmp' <Latency = 0> <II = 1> <Delay = 1.35> <FuncUnit> <Opcode : 'seteq' 'setne' 'setle' 'setge' 'setlt' 'setgt'> <InPorts = 2> <OutPorts = 1>
ST_1 : Operation 222 [1/1] (0.00ns)   --->   "%empty_25 = speclooptripcount i32 @_ssdm_op_SpecLoopTripCount, i64 10, i64 200, i64 0"   --->   Operation 222 'speclooptripcount' 'empty_25' <Predicate = true> <Delay = 0.00>
ST_1 : Operation 223 [1/1] (1.35ns)   --->   "%add_ln93 = add i8 %j_1, i8 1" [lstm_new.cpp:93]   --->   Operation 223 'add' 'add_ln93' <Predicate = true> <Delay = 1.35> <CoreInst = "Adder">   --->   Core 1 'Adder' <Latency = 0> <II = 1> <Delay = 1.35> <FuncUnit> <Opcode : 'add' 'sub'> <InPorts = 2> <OutPorts = 1>
ST_1 : Operation 224 [1/1] (0.00ns)   --->   "%br_ln93 = br i1 %icmp_ln93, void %for.body44.split, void %for.cond41.for.inc57_crit_edge.exitStub" [lstm_new.cpp:93]   --->   Operation 224 'br' 'br_ln93' <Predicate = true> <Delay = 0.00>
ST_1 : Operation 225 [1/1] (2.24ns)   --->   "%tmp = sparsemux i16 @_ssdm_op_SparseMux.ap_auto.200i16.i16.i8, i8 0, i16 %circulant_matrix_load_read, i8 1, i16 %circulant_matrix_1_load_read, i8 2, i16 %circulant_matrix_2_load_read, i8 3, i16 %circulant_matrix_3_load_read, i8 4, i16 %circulant_matrix_4_load_read, i8 5, i16 %circulant_matrix_5_load_read, i8 6, i16 %circulant_matrix_6_load_read, i8 7, i16 %circulant_matrix_7_load_read, i8 8, i16 %circulant_matrix_8_load_read, i8 9, i16 %circulant_matrix_9_load_read, i8 10, i16 %circulant_matrix_10_load_read, i8 11, i16 %circulant_matrix_11_load_read, i8 12, i16 %circulant_matrix_12_load_read, i8 13, i16 %circulant_matrix_13_load_read, i8 14, i16 %circulant_matrix_14_load_read, i8 15, i16 %circulant_matrix_15_load_read, i8 16, i16 %circulant_matrix_16_load_read, i8 17, i16 %circulant_matrix_17_load_read, i8 18, i16 %circulant_matrix_18_load_read, i8 19, i16 %circulant_matrix_19_load_read, i8 20, i16 %circulant_matrix_20_load_read, i8 21, i16 %circulant_matrix_21_load_read, i8 22, i16 %circulant_matrix_22_load_read, i8 23, i16 %circulant_matrix_23_load_read, i8 24, i16 %circulant_matrix_24_load_read, i8 25, i16 %circulant_matrix_25_load_read, i8 26, i16 %circulant_matrix_26_load_read, i8 27, i16 %circulant_matrix_27_load_read, i8 28, i16 %circulant_matrix_28_load_read, i8 29, i16 %circulant_matrix_29_load_read, i8 30, i16 %circulant_matrix_30_load_read, i8 31, i16 %circulant_matrix_31_load_read, i8 32, i16 %circulant_matrix_32_load_read, i8 33, i16 %circulant_matrix_33_load_read, i8 34, i16 %circulant_matrix_34_load_read, i8 35, i16 %circulant_matrix_35_load_read, i8 36, i16 %circulant_matrix_36_load_read, i8 37, i16 %circulant_matrix_37_load_read, i8 38, i16 %circulant_matrix_38_load_read, i8 39, i16 %circulant_matrix_39_load_read, i8 40, i16 %circulant_matrix_40_load_read, i8 41, i16 %circulant_matrix_41_load_read, i8 42, i16 %circulant_matrix_42_load_read, i8 43, i16 %circulant_matrix_43_load_read, i8 44, i16 %circulant_matrix_44_load_read, i8 45, i16 %circulant_matrix_45_load_read, i8 46, i16 %circulant_matrix_46_load_read, i8 47, i16 %circulant_matrix_47_load_read, i8 48, i16 %circulant_matrix_48_load_read, i8 49, i16 %circulant_matrix_49_load_read, i8 50, i16 %circulant_matrix_50_load_read, i8 51, i16 %circulant_matrix_51_load_read, i8 52, i16 %circulant_matrix_52_load_read, i8 53, i16 %circulant_matrix_53_load_read, i8 54, i16 %circulant_matrix_54_load_read, i8 55, i16 %circulant_matrix_55_load_read, i8 56, i16 %circulant_matrix_56_load_read, i8 57, i16 %circulant_matrix_57_load_read, i8 58, i16 %circulant_matrix_58_load_read, i8 59, i16 %circulant_matrix_59_load_read, i8 60, i16 %circulant_matrix_60_load_read, i8 61, i16 %circulant_matrix_61_load_read, i8 62, i16 %circulant_matrix_62_load_read, i8 63, i16 %circulant_matrix_63_load_read, i8 64, i16 %circulant_matrix_64_load_read, i8 65, i16 %circulant_matrix_65_load_read, i8 66, i16 %circulant_matrix_66_load_read, i8 67, i16 %circulant_matrix_67_load_read, i8 68, i16 %circulant_matrix_68_load_read, i8 69, i16 %circulant_matrix_69_load_read, i8 70, i16 %circulant_matrix_70_load_read, i8 71, i16 %circulant_matrix_71_load_read, i8 72, i16 %circulant_matrix_72_load_read, i8 73, i16 %circulant_matrix_73_load_read, i8 74, i16 %circulant_matrix_74_load_read, i8 75, i16 %circulant_matrix_75_load_read, i8 76, i16 %circulant_matrix_76_load_read, i8 77, i16 %circulant_matrix_77_load_read, i8 78, i16 %circulant_matrix_78_load_read, i8 79, i16 %circulant_matrix_79_load_read, i8 80, i16 %circulant_matrix_80_load_read, i8 81, i16 %circulant_matrix_81_load_read, i8 82, i16 %circulant_matrix_82_load_read, i8 83, i16 %circulant_matrix_83_load_read, i8 84, i16 %circulant_matrix_84_load_read, i8 85, i16 %circulant_matrix_85_load_read, i8 86, i16 %circulant_matrix_86_load_read, i8 87, i16 %circulant_matrix_87_load_read, i8 88, i16 %circulant_matrix_88_load_read, i8 89, i16 %circulant_matrix_89_load_read, i8 90, i16 %circulant_matrix_90_load_read, i8 91, i16 %circulant_matrix_91_load_read, i8 92, i16 %circulant_matrix_92_load_read, i8 93, i16 %circulant_matrix_93_load_read, i8 94, i16 %circulant_matrix_94_load_read, i8 95, i16 %circulant_matrix_95_load_read, i8 96, i16 %circulant_matrix_96_load_read, i8 97, i16 %circulant_matrix_97_load_read, i8 98, i16 %circulant_matrix_98_load_read, i8 99, i16 %circulant_matrix_99_load_read, i8 100, i16 %circulant_matrix_100_load_read, i8 101, i16 %circulant_matrix_101_load_read, i8 102, i16 %circulant_matrix_102_load_read, i8 103, i16 %circulant_matrix_103_load_read, i8 104, i16 %circulant_matrix_104_load_read, i8 105, i16 %circulant_matrix_105_load_read, i8 106, i16 %circulant_matrix_106_load_read, i8 107, i16 %circulant_matrix_107_load_read, i8 108, i16 %circulant_matrix_108_load_read, i8 109, i16 %circulant_matrix_109_load_read, i8 110, i16 %circulant_matrix_110_load_read, i8 111, i16 %circulant_matrix_111_load_read, i8 112, i16 %circulant_matrix_112_load_read, i8 113, i16 %circulant_matrix_113_load_read, i8 114, i16 %circulant_matrix_114_load_read, i8 115, i16 %circulant_matrix_115_load_read, i8 116, i16 %circulant_matrix_116_load_read, i8 117, i16 %circulant_matrix_117_load_read, i8 118, i16 %circulant_matrix_118_load_read, i8 119, i16 %circulant_matrix_119_load_read, i8 120, i16 %circulant_matrix_120_load_read, i8 121, i16 %circulant_matrix_121_load_read, i8 122, i16 %circulant_matrix_122_load_read, i8 123, i16 %circulant_matrix_123_load_read, i8 124, i16 %circulant_matrix_124_load_read, i8 125, i16 %circulant_matrix_125_load_read, i8 126, i16 %circulant_matrix_126_load_read, i8 127, i16 %circulant_matrix_127_load_read, i8 128, i16 %circulant_matrix_128_load_read, i8 129, i16 %circulant_matrix_129_load_read, i8 130, i16 %circulant_matrix_130_load_read, i8 131, i16 %circulant_matrix_131_load_read, i8 132, i16 %circulant_matrix_132_load_read, i8 133, i16 %circulant_matrix_133_load_read, i8 134, i16 %circulant_matrix_134_load_read, i8 135, i16 %circulant_matrix_135_load_read, i8 136, i16 %circulant_matrix_136_load_read, i8 137, i16 %circulant_matrix_137_load_read, i8 138, i16 %circulant_matrix_138_load_read, i8 139, i16 %circulant_matrix_139_load_read, i8 140, i16 %circulant_matrix_140_load_read, i8 141, i16 %circulant_matrix_141_load_read, i8 142, i16 %circulant_matrix_142_load_read, i8 143, i16 %circulant_matrix_143_load_read, i8 144, i16 %circulant_matrix_144_load_read, i8 145, i16 %circulant_matrix_145_load_read, i8 146, i16 %circulant_matrix_146_load_read, i8 147, i16 %circulant_matrix_147_load_read, i8 148, i16 %circulant_matrix_148_load_read, i8 149, i16 %circulant_matrix_149_load_read, i8 150, i16 %circulant_matrix_150_load_read, i8 151, i16 %circulant_matrix_151_load_read, i8 152, i16 %circulant_matrix_152_load_read, i8 153, i16 %circulant_matrix_153_load_read, i8 154, i16 %circulant_matrix_154_load_read, i8 155, i16 %circulant_matrix_155_load_read, i8 156, i16 %circulant_matrix_156_load_read, i8 157, i16 %circulant_matrix_157_load_read, i8 158, i16 %circulant_matrix_158_load_read, i8 159, i16 %circulant_matrix_159_load_read, i8 160, i16 %circulant_matrix_160_load_read, i8 161, i16 %circulant_matrix_161_load_read, i8 162, i16 %circulant_matrix_162_load_read, i8 163, i16 %circulant_matrix_163_load_read, i8 164, i16 %circulant_matrix_164_load_read, i8 165, i16 %circulant_matrix_165_load_read, i8 166, i16 %circulant_matrix_166_load_read, i8 167, i16 %circulant_matrix_167_load_read, i8 168, i16 %circulant_matrix_168_load_read, i8 169, i16 %circulant_matrix_169_load_read, i8 170, i16 %circulant_matrix_170_load_read, i8 171, i16 %circulant_matrix_171_load_read, i8 172, i16 %circulant_matrix_172_load_read, i8 173, i16 %circulant_matrix_173_load_read, i8 174, i16 %circulant_matrix_174_load_read, i8 175, i16 %circulant_matrix_175_load_read, i8 176, i16 %circulant_matrix_176_load_read, i8 177, i16 %circulant_matrix_177_load_read, i8 178, i16 %circulant_matrix_178_load_read, i8 179, i16 %circulant_matrix_179_load_read, i8 180, i16 %circulant_matrix_180_load_read, i8 181, i16 %circulant_matrix_181_load_read, i8 182, i16 %circulant_matrix_182_load_read, i8 183, i16 %circulant_matrix_183_load_read, i8 184, i16 %circulant_matrix_184_load_read, i8 185, i16 %circulant_matrix_185_load_read, i8 186, i16 %circulant_matrix_186_load_read, i8 187, i16 %circulant_matrix_187_load_read, i8 188, i16 %circulant_matrix_188_load_read, i8 189, i16 %circulant_matrix_189_load_read, i8 190, i16 %circulant_matrix_190_load_read, i8 191, i16 %circulant_matrix_191_load_read, i8 192, i16 %circulant_matrix_192_load_read, i8 193, i16 %circulant_matrix_193_load_read, i8 194, i16 %circulant_matrix_194_load_read, i8 195, i16 %circulant_matrix_195_load_read, i8 196, i16 %circulant_matrix_196_load_read, i8 197, i16 %circulant_matrix_197_load_read, i8 198, i16 %circulant_matrix_198_load_read, i8 199, i16 %circulant_matrix_199_load_read, i16 0, i8 %j_1" [lstm_new.cpp:95]   --->   Operation 225 'sparsemux' 'tmp' <Predicate = (!icmp_ln93)> <Delay = 2.24> <CoreInst = "BinarySparseMux_DontCare">   --->   Core 137 'BinarySparseMux_DontCare' <Latency = 0> <II = 1> <Delay = 2.24> <FuncUnit> <Opcode : 'sparsemux'> <InPorts = 2> <OutPorts = 1>
ST_1 : Operation 226 [1/1] (0.83ns)   --->   "%store_ln93 = store i8 %add_ln93, i8 %j" [lstm_new.cpp:93]   --->   Operation 226 'store' 'store_ln93' <Predicate = (!icmp_ln93)> <Delay = 0.83>

State 2 <SV = 1> <Delay = 9.00>
ST_2 : Operation 227 [1/1] (0.00ns)   --->   "%gmem_addr = getelementptr i16 %gmem, i64 %p_cast_cast_cast"   --->   Operation 227 'getelementptr' 'gmem_addr' <Predicate = true> <Delay = 0.00>
ST_2 : Operation 228 [1/1] (9.00ns)   --->   "%gmem_addr_read = read i16 @_ssdm_op_Read.m_axi.p1i16, i16 %gmem_addr" [lstm_new.cpp:95]   --->   Operation 228 'read' 'gmem_addr_read' <Predicate = true> <Delay = 9.00> <CoreInst = "m_axi">   --->   Core 111 'm_axi' <Latency = 3> <II = 1> <Delay = 1.00> <Adapter> <Opcode : 'read' 'write' 'readreq' 'writereq' 'writeresp'>

State 3 <SV = 2> <Delay = 1.02>
ST_3 : Operation 229 [1/1] (0.00ns)   --->   "%sext_ln95 = sext i16 %tmp" [lstm_new.cpp:95]   --->   Operation 229 'sext' 'sext_ln95' <Predicate = true> <Delay = 0.00>
ST_3 : Operation 230 [1/1] (0.00ns)   --->   "%sext_ln95_1 = sext i16 %gmem_addr_read" [lstm_new.cpp:95]   --->   Operation 230 'sext' 'sext_ln95_1' <Predicate = true> <Delay = 0.00>
ST_3 : Operation 231 [3/3] (1.02ns) (grouped into DSP with root node add_ln95)   --->   "%mul_ln95 = mul i24 %sext_ln95_1, i24 %sext_ln95" [lstm_new.cpp:95]   --->   Operation 231 'mul' 'mul_ln95' <Predicate = true> <Delay = 1.02> <CoreInst = "DSP48">   --->   Core 116 'DSP48' <Latency = 3> <II = 1> <Delay = 1.54> <IPBlock> <Opcode : '' 'add' 'sub' 'mul' 'select'> <InPorts = 0> <OutPorts = 1> <Sync> <CReg>

State 4 <SV = 3> <Delay = 1.02>
ST_4 : Operation 232 [2/3] (1.02ns) (grouped into DSP with root node add_ln95)   --->   "%mul_ln95 = mul i24 %sext_ln95_1, i24 %sext_ln95" [lstm_new.cpp:95]   --->   Operation 232 'mul' 'mul_ln95' <Predicate = true> <Delay = 1.02> <CoreInst = "DSP48">   --->   Core 116 'DSP48' <Latency = 3> <II = 1> <Delay = 1.54> <IPBlock> <Opcode : '' 'add' 'sub' 'mul' 'select'> <InPorts = 0> <OutPorts = 1> <Sync> <CReg>

State 5 <SV = 4> <Delay = 1.49>
ST_5 : Operation 233 [1/1] (0.00ns)   --->   "%p_load205 = load i16 %empty" [lstm_new.cpp:95]   --->   Operation 233 'load' 'p_load205' <Predicate = true> <Delay = 0.00>
ST_5 : Operation 234 [1/3] (0.00ns) (grouped into DSP with root node add_ln95)   --->   "%mul_ln95 = mul i24 %sext_ln95_1, i24 %sext_ln95" [lstm_new.cpp:95]   --->   Operation 234 'mul' 'mul_ln95' <Predicate = true> <Delay = 0.00> <CoreInst = "DSP48">   --->   Core 116 'DSP48' <Latency = 3> <II = 1> <Delay = 1.54> <IPBlock> <Opcode : '' 'add' 'sub' 'mul' 'select'> <InPorts = 0> <OutPorts = 1> <Sync> <CReg>
ST_5 : Operation 235 [1/1] (0.00ns)   --->   "%shl_ln = bitconcatenate i24 @_ssdm_op_BitConcatenate.i24.i16.i8, i16 %p_load205, i8 0" [lstm_new.cpp:95]   --->   Operation 235 'bitconcatenate' 'shl_ln' <Predicate = true> <Delay = 0.00>
ST_5 : Operation 236 [2/2] (1.49ns) (root node of the DSP)   --->   "%add_ln95 = add i24 %shl_ln, i24 %mul_ln95" [lstm_new.cpp:95]   --->   Operation 236 'add' 'add_ln95' <Predicate = true> <Delay = 1.49> <CoreInst = "DSP48">   --->   Core 116 'DSP48' <Latency = 3> <II = 1> <Delay = 1.54> <IPBlock> <Opcode : '' 'add' 'sub' 'mul' 'select'> <InPorts = 0> <OutPorts = 1> <Sync> <CReg>
ST_5 : Operation 243 [1/1] (0.00ns)   --->   "%p_load = load i16 %empty"   --->   Operation 243 'load' 'p_load' <Predicate = (icmp_ln93)> <Delay = 0.00>
ST_5 : Operation 244 [1/1] (0.00ns)   --->   "%write_ln0 = write void @_ssdm_op_Write.ap_auto.i16P0A, i16 %p_out, i16 %p_load"   --->   Operation 244 'write' 'write_ln0' <Predicate = (icmp_ln93)> <Delay = 0.00>
ST_5 : Operation 245 [1/1] (0.83ns)   --->   "%ret_ln0 = ret"   --->   Operation 245 'ret' 'ret_ln0' <Predicate = (icmp_ln93)> <Delay = 0.83>

State 6 <SV = 5> <Delay = 2.32>
ST_6 : Operation 237 [1/1] (0.00ns)   --->   "%specpipeline_ln94 = specpipeline void @_ssdm_op_SpecPipeline, i32 4294967295, i32 0, i32 0, i32 0, void @empty_0" [lstm_new.cpp:94]   --->   Operation 237 'specpipeline' 'specpipeline_ln94' <Predicate = true> <Delay = 0.00>
ST_6 : Operation 238 [1/1] (0.00ns)   --->   "%specloopname_ln93 = specloopname void @_ssdm_op_SpecLoopName, void @empty_13" [lstm_new.cpp:93]   --->   Operation 238 'specloopname' 'specloopname_ln93' <Predicate = true> <Delay = 0.00>
ST_6 : Operation 239 [1/2] (1.49ns) (root node of the DSP)   --->   "%add_ln95 = add i24 %shl_ln, i24 %mul_ln95" [lstm_new.cpp:95]   --->   Operation 239 'add' 'add_ln95' <Predicate = true> <Delay = 1.49> <CoreInst = "DSP48">   --->   Core 116 'DSP48' <Latency = 3> <II = 1> <Delay = 1.54> <IPBlock> <Opcode : '' 'add' 'sub' 'mul' 'select'> <InPorts = 0> <OutPorts = 1> <Sync> <CReg>
ST_6 : Operation 240 [1/1] (0.00ns)   --->   "%trunc_ln2 = partselect i16 @_ssdm_op_PartSelect.i16.i24.i32.i32, i24 %add_ln95, i32 8, i32 23" [lstm_new.cpp:95]   --->   Operation 240 'partselect' 'trunc_ln2' <Predicate = true> <Delay = 0.00>
ST_6 : Operation 241 [1/1] (0.83ns)   --->   "%store_ln95 = store i16 %trunc_ln2, i16 %empty" [lstm_new.cpp:95]   --->   Operation 241 'store' 'store_ln95' <Predicate = true> <Delay = 0.83>
ST_6 : Operation 242 [1/1] (0.00ns)   --->   "%br_ln93 = br void %for.body44" [lstm_new.cpp:93]   --->   Operation 242 'br' 'br_ln93' <Predicate = true> <Delay = 0.00>


============================================================
+ Verbose Summary: Timing violations
============================================================
Target clock period: 10.000ns, clock uncertainty: 1.000ns.

 <State 1>: 3.079ns
The critical path consists of the following:
	'store' operation 0 bit ('store_ln93', lstm_new.cpp:93) of constant 0 on local variable 'j', lstm_new.cpp:93 [412]  (0.833 ns)
	'load' operation 8 bit ('j', lstm_new.cpp:93) on local variable 'j', lstm_new.cpp:93 [416]  (0.000 ns)
	'sparsemux' operation 16 bit ('tmp', lstm_new.cpp:95) [427]  (2.246 ns)

 <State 2>: 9.000ns
The critical path consists of the following:
	'getelementptr' operation 16 bit ('gmem_addr') [424]  (0.000 ns)
	bus read operation ('gmem_addr_read', lstm_new.cpp:95) on port 'gmem' (lstm_new.cpp:95) [429]  (9.000 ns)

 <State 3>: 1.020ns
The critical path consists of the following:
	'mul' operation 24 bit of DSP[433] ('mul_ln95', lstm_new.cpp:95) [431]  (1.020 ns)

 <State 4>: 1.020ns
The critical path consists of the following:
	'mul' operation 24 bit of DSP[433] ('mul_ln95', lstm_new.cpp:95) [431]  (1.020 ns)

 <State 5>: 1.490ns
The critical path consists of the following:
	'load' operation 16 bit ('p_load205', lstm_new.cpp:95) on local variable 'empty' [423]  (0.000 ns)
	'add' operation 24 bit of DSP[433] ('add_ln95', lstm_new.cpp:95) [433]  (1.490 ns)

 <State 6>: 2.323ns
The critical path consists of the following:
	'add' operation 24 bit of DSP[433] ('add_ln95', lstm_new.cpp:95) [433]  (1.490 ns)
	'store' operation 0 bit ('store_ln95', lstm_new.cpp:95) of variable 'trunc_ln2', lstm_new.cpp:95 on local variable 'empty' [436]  (0.833 ns)


============================================================
+ Verbose Summary: Binding
============================================================
N/A
* FSMD analyzer results:
  - Output states:
 - Input state : 
  - Chain level:
	State 1
	State 2
	State 3
	State 4
	State 5
	State 6


============================================================
+ Verbose Summary: Datapath Resource usage 
============================================================
N/A
