C:\Users\Abbas_Sheik\Desktop\LSTM_FPGA\new_hls_component\new_hls_component\hls\.autopilot\db\lstm_new.pp.0.cpp:5638:5: warning: Added loop label VITIS_LOOP_676_1:   [xilinx-label-all-loops]
    for (unsigned i = low; i != high+1; ++i) {
    ^~~
    VITIS_LOOP_676_1: 
C:\Users\Abbas_Sheik\Desktop\LSTM_FPGA\new_hls_component\new_hls_component\hls\.autopilot\db\lstm_new.pp.0.cpp:5638:5: note: FIX-IT applied suggested code changes
C:\Users\Abbas_Sheik\Desktop\LSTM_FPGA\new_hls_component\new_hls_component\hls\.autopilot\db\lstm_new.pp.0.cpp:5652:5: warning: Added loop label VITIS_LOOP_690_1:   [xilinx-label-all-loops]
    for (unsigned i = low; i != high+1; ++i) {
    ^~~
    VITIS_LOOP_690_1: 
C:\Users\Abbas_Sheik\Desktop\LSTM_FPGA\new_hls_component\new_hls_component\hls\.autopilot\db\lstm_new.pp.0.cpp:5652:5: note: FIX-IT applied suggested code changes
C:\Users\Abbas_Sheik\Desktop\LSTM_FPGA\new_hls_component\new_hls_component\hls\.autopilot\db\lstm_new.pp.0.cpp:5666:5: warning: Added loop label VITIS_LOOP_704_1:   [xilinx-label-all-loops]
    for (unsigned i = low; i != high+1; ++i) {
    ^~~
    VITIS_LOOP_704_1: 
C:\Users\Abbas_Sheik\Desktop\LSTM_FPGA\new_hls_component\new_hls_component\hls\.autopilot\db\lstm_new.pp.0.cpp:5666:5: note: FIX-IT applied suggested code changes
C:\Users\Abbas_Sheik\Desktop\LSTM_FPGA\new_hls_component\new_hls_component\hls\.autopilot\db\lstm_new.pp.0.cpp:7288:7: warning: Added loop label VITIS_LOOP_1248_1:   [xilinx-label-all-loops]
      for (i = 0; i < __N - 1; ++i) {
      ^~~
      VITIS_LOOP_1248_1: 
C:\Users\Abbas_Sheik\Desktop\LSTM_FPGA\new_hls_component\new_hls_component\hls\.autopilot\db\lstm_new.pp.0.cpp:7288:7: note: FIX-IT applied suggested code changes
C:\Users\Abbas_Sheik\Desktop\LSTM_FPGA\new_hls_component\new_hls_component\hls\.autopilot\db\lstm_new.pp.0.cpp:9903:13: warning: Added loop label VITIS_LOOP_59_1:   [xilinx-label-all-loops]
            for (int j = 0; j < cols; j++) {
            ^~~
            VITIS_LOOP_59_1: 
C:\Users\Abbas_Sheik\Desktop\LSTM_FPGA\new_hls_component\new_hls_component\hls\.autopilot\db\lstm_new.pp.0.cpp:9903:13: note: FIX-IT applied suggested code changes
C:\Users\Abbas_Sheik\Desktop\LSTM_FPGA\new_hls_component\new_hls_component\hls\.autopilot\db\lstm_new.pp.0.cpp:9908:13: warning: Added loop label VITIS_LOOP_64_2:   [xilinx-label-all-loops]
            for (int j = 0; j < cols; j++) {
            ^~~
            VITIS_LOOP_64_2: 
C:\Users\Abbas_Sheik\Desktop\LSTM_FPGA\new_hls_component\new_hls_component\hls\.autopilot\db\lstm_new.pp.0.cpp:9908:13: note: FIX-IT applied suggested code changes
C:\Users\Abbas_Sheik\Desktop\LSTM_FPGA\new_hls_component\new_hls_component\hls\.autopilot\db\lstm_new.pp.0.cpp:9913:13: warning: Added loop label VITIS_LOOP_69_3:   [xilinx-label-all-loops]
            for (int j = 0; j < cols; j++) {
            ^~~
            VITIS_LOOP_69_3: 
C:\Users\Abbas_Sheik\Desktop\LSTM_FPGA\new_hls_component\new_hls_component\hls\.autopilot\db\lstm_new.pp.0.cpp:9913:13: note: FIX-IT applied suggested code changes
C:\Users\Abbas_Sheik\Desktop\LSTM_FPGA\new_hls_component\new_hls_component\hls\.autopilot\db\lstm_new.pp.0.cpp:9923:5: warning: Added loop label VITIS_LOOP_90_4:   [xilinx-label-all-loops]
    for (int i = 0; i < rows; i++) {
    ^~~
    VITIS_LOOP_90_4: 
C:\Users\Abbas_Sheik\Desktop\LSTM_FPGA\new_hls_component\new_hls_component\hls\.autopilot\db\lstm_new.pp.0.cpp:9923:5: note: FIX-IT applied suggested code changes
C:\Users\Abbas_Sheik\Desktop\LSTM_FPGA\new_hls_component\new_hls_component\hls\.autopilot\db\lstm_new.pp.0.cpp:9926:9: warning: Added loop label VITIS_LOOP_93_5:   [xilinx-label-all-loops]
        for (int j = 0; j < cols; j++) {
        ^~~
        VITIS_LOOP_93_5: 
C:\Users\Abbas_Sheik\Desktop\LSTM_FPGA\new_hls_component\new_hls_component\hls\.autopilot\db\lstm_new.pp.0.cpp:9926:9: note: FIX-IT applied suggested code changes
C:\Users\Abbas_Sheik\Desktop\LSTM_FPGA\new_hls_component\new_hls_component\hls\.autopilot\db\lstm_new.pp.0.cpp:9937:5: warning: Added loop label VITIS_LOOP_104_6:   [xilinx-label-all-loops]
    for (int i = 0; i < rows; i++) {
    ^~~
    VITIS_LOOP_104_6: 
C:\Users\Abbas_Sheik\Desktop\LSTM_FPGA\new_hls_component\new_hls_component\hls\.autopilot\db\lstm_new.pp.0.cpp:9937:5: note: FIX-IT applied suggested code changes
