C:\Users\Abbas_Sheik\Desktop\LSTM_FPGA\new_hls_component\new_hls_component\hls\.autopilot\db\updated_weights.pp.0.cpp:2269:5: warning: Added loop label VITIS_LOOP_676_1:   [xilinx-label-all-loops]
    for (unsigned i = low; i != high+1; ++i) {
    ^~~
    VITIS_LOOP_676_1: 
C:\Users\Abbas_Sheik\Desktop\LSTM_FPGA\new_hls_component\new_hls_component\hls\.autopilot\db\updated_weights.pp.0.cpp:2269:5: note: FIX-IT applied suggested code changes
C:\Users\Abbas_Sheik\Desktop\LSTM_FPGA\new_hls_component\new_hls_component\hls\.autopilot\db\updated_weights.pp.0.cpp:2283:5: warning: Added loop label VITIS_LOOP_690_1:   [xilinx-label-all-loops]
    for (unsigned i = low; i != high+1; ++i) {
    ^~~
    VITIS_LOOP_690_1: 
C:\Users\Abbas_Sheik\Desktop\LSTM_FPGA\new_hls_component\new_hls_component\hls\.autopilot\db\updated_weights.pp.0.cpp:2283:5: note: FIX-IT applied suggested code changes
C:\Users\Abbas_Sheik\Desktop\LSTM_FPGA\new_hls_component\new_hls_component\hls\.autopilot\db\updated_weights.pp.0.cpp:2297:5: warning: Added loop label VITIS_LOOP_704_1:   [xilinx-label-all-loops]
    for (unsigned i = low; i != high+1; ++i) {
    ^~~
    VITIS_LOOP_704_1: 
C:\Users\Abbas_Sheik\Desktop\LSTM_FPGA\new_hls_component\new_hls_component\hls\.autopilot\db\updated_weights.pp.0.cpp:2297:5: note: FIX-IT applied suggested code changes
C:\Users\Abbas_Sheik\Desktop\LSTM_FPGA\new_hls_component\new_hls_component\hls\.autopilot\db\updated_weights.pp.0.cpp:3919:7: warning: Added loop label VITIS_LOOP_1248_1:   [xilinx-label-all-loops]
      for (i = 0; i < __N - 1; ++i) {
      ^~~
      VITIS_LOOP_1248_1: 
C:\Users\Abbas_Sheik\Desktop\LSTM_FPGA\new_hls_component\new_hls_component\hls\.autopilot\db\updated_weights.pp.0.cpp:3919:7: note: FIX-IT applied suggested code changes
