2025-03-25 12:28:35 [error] : [Config Editor] Error: 3 INVALID_ARGUMENT: Could not find platform at  
2025-03-25 16:16:38 [info] : [Debug Manager] Starting launch in 'debug' mode using configuration: {"name":"new_hls_component","type":"gdb","request":"launch","target":"${workspaceFolder}\\new_hls_component\\new_hls_component\\hls\\csim\\build\\csim.exe","cwd":"${workspaceFolder}\\new_hls_component\\new_hls_component\\hls\\csim\\build","gdbpath":"${env:XILINX_HLS}\\tps\\win64\\msys64\\mingw64\\bin\\gdb.exe","debugger_args":["--init-command=${env:XILINX_HLS}\\tps\\win64\\msys64\\mingw64\\bin\\gdbinit"],"valuesFormatting":"prettyPrinters","env":{"PATH":"D:\\xilinx\\Vitis\\2024.2\\win64\\tools\\fpo_v7_1;D:\\xilinx\\Vitis\\2024.2\\win64\\tools\\fft_v9_1;D:\\xilinx\\Vitis\\2024.2\\win64\\tools\\fir_v7_0;D:\\xilinx\\Vitis\\2024.2\\win64\\tools\\dds_v6_0;D:\\xilinx\\Vitis\\2024.2\\tps\\mingw\\10.0.0\\win64.o\\nt\\bin"},"__configUri":"file:///c%3A/Users/Abbas_Sheik/Desktop/LSTM_FPGA/new_hls_component/_ide/launch.json"} 
2025-03-25 16:16:42 [info] : [Debug Manager] Added breakpoint:main 
2025-03-25 16:16:52 [info] : [Debug Manager] Launch session has terminated on the configuration 'new_hls_component [new_hls_component]' 
2025-03-25 16:17:48 [info] : [Debug Manager] Starting launch in 'debug' mode using configuration: {"name":"new_hls_component","type":"gdb","request":"launch","target":"${workspaceFolder}\\new_hls_component\\new_hls_component\\hls\\csim\\build\\csim.exe","cwd":"${workspaceFolder}\\new_hls_component\\new_hls_component\\hls\\csim\\build","gdbpath":"${env:XILINX_HLS}\\tps\\win64\\msys64\\mingw64\\bin\\gdb.exe","debugger_args":["--init-command=${env:XILINX_HLS}\\tps\\win64\\msys64\\mingw64\\bin\\gdbinit"],"valuesFormatting":"prettyPrinters","env":{"PATH":"D:\\xilinx\\Vitis\\2024.2\\win64\\tools\\fpo_v7_1;D:\\xilinx\\Vitis\\2024.2\\win64\\tools\\fft_v9_1;D:\\xilinx\\Vitis\\2024.2\\win64\\tools\\fir_v7_0;D:\\xilinx\\Vitis\\2024.2\\win64\\tools\\dds_v6_0;D:\\xilinx\\Vitis\\2024.2\\tps\\mingw\\10.0.0\\win64.o\\nt\\bin"},"__configUri":"file:///c%3A/Users/Abbas_Sheik/Desktop/LSTM_FPGA/new_hls_component/_ide/launch.json"} 
2025-03-25 16:17:50 [info] : [Debug Manager] Launch session has terminated on the configuration 'new_hls_component [new_hls_component]' 
2025-03-25 16:23:22 [info] : [Debug Manager] Starting launch in 'debug' mode using configuration: {"name":"new_hls_component","type":"gdb","request":"launch","target":"${workspaceFolder}\\new_hls_component\\new_hls_component\\hls\\csim\\build\\csim.exe","cwd":"${workspaceFolder}\\new_hls_component\\new_hls_component\\hls\\csim\\build","gdbpath":"${env:XILINX_HLS}\\tps\\win64\\msys64\\mingw64\\bin\\gdb.exe","debugger_args":["--init-command=${env:XILINX_HLS}\\tps\\win64\\msys64\\mingw64\\bin\\gdbinit"],"valuesFormatting":"prettyPrinters","env":{"PATH":"D:\\xilinx\\Vitis\\2024.2\\win64\\tools\\fpo_v7_1;D:\\xilinx\\Vitis\\2024.2\\win64\\tools\\fft_v9_1;D:\\xilinx\\Vitis\\2024.2\\win64\\tools\\fir_v7_0;D:\\xilinx\\Vitis\\2024.2\\win64\\tools\\dds_v6_0;D:\\xilinx\\Vitis\\2024.2\\tps\\mingw\\10.0.0\\win64.o\\nt\\bin"},"__configUri":"file:///c%3A/Users/Abbas_Sheik/Desktop/LSTM_FPGA/new_hls_component/_ide/launch.json"} 
2025-03-25 16:23:28 [info] : [Debug Manager] Launch session has terminated on the configuration 'new_hls_component [new_hls_component]' 
2025-03-25 16:48:48 [info] : [Debug Manager] Starting launch in 'debug' mode using configuration: {"name":"new_hls_component","type":"gdb","request":"launch","target":"${workspaceFolder}\\new_hls_component\\new_hls_component\\hls\\csim\\build\\csim.exe","cwd":"${workspaceFolder}\\new_hls_component\\new_hls_component\\hls\\csim\\build","gdbpath":"${env:XILINX_HLS}\\tps\\win64\\msys64\\mingw64\\bin\\gdb.exe","debugger_args":["--init-command=${env:XILINX_HLS}\\tps\\win64\\msys64\\mingw64\\bin\\gdbinit"],"valuesFormatting":"prettyPrinters","env":{"PATH":"D:\\xilinx\\Vitis\\2024.2\\win64\\tools\\fpo_v7_1;D:\\xilinx\\Vitis\\2024.2\\win64\\tools\\fft_v9_1;D:\\xilinx\\Vitis\\2024.2\\win64\\tools\\fir_v7_0;D:\\xilinx\\Vitis\\2024.2\\win64\\tools\\dds_v6_0;D:\\xilinx\\Vitis\\2024.2\\tps\\mingw\\10.0.0\\win64.o\\nt\\bin"},"__configUri":"file:///c%3A/Users/Abbas_Sheik/Desktop/LSTM_FPGA/new_hls_component/_ide/launch.json"} 
2025-03-25 16:48:52 [info] : [Debug Manager] Launch session has terminated on the configuration 'new_hls_component [new_hls_component]' 
2025-03-25 17:57:01 [info] : [Debug Manager] Starting launch in 'debug' mode using configuration: {"name":"new_hls_component","type":"gdb","request":"launch","target":"${workspaceFolder}\\new_hls_component\\new_hls_component\\hls\\csim\\build\\csim.exe","cwd":"${workspaceFolder}\\new_hls_component\\new_hls_component\\hls\\csim\\build","gdbpath":"${env:XILINX_HLS}\\tps\\win64\\msys64\\mingw64\\bin\\gdb.exe","debugger_args":["--init-command=${env:XILINX_HLS}\\tps\\win64\\msys64\\mingw64\\bin\\gdbinit"],"valuesFormatting":"prettyPrinters","env":{"PATH":"D:\\xilinx\\Vitis\\2024.2\\win64\\tools\\fpo_v7_1;D:\\xilinx\\Vitis\\2024.2\\win64\\tools\\fft_v9_1;D:\\xilinx\\Vitis\\2024.2\\win64\\tools\\fir_v7_0;D:\\xilinx\\Vitis\\2024.2\\win64\\tools\\dds_v6_0;D:\\xilinx\\Vitis\\2024.2\\tps\\mingw\\10.0.0\\win64.o\\nt\\bin"},"__configUri":"file:///c%3A/Users/Abbas_Sheik/Desktop/LSTM_FPGA/new_hls_component/_ide/launch.json"} 
2025-03-25 17:57:05 [info] : [Debug Manager] Launch session has terminated on the configuration 'new_hls_component [new_hls_component]' 
2025-03-25 18:57:24 [info] : [Debug Manager] Starting launch in 'debug' mode using configuration: {"name":"new_hls_component","type":"gdb","request":"launch","target":"${workspaceFolder}\\new_hls_component\\new_hls_component\\hls\\csim\\build\\csim.exe","cwd":"${workspaceFolder}\\new_hls_component\\new_hls_component\\hls\\csim\\build","gdbpath":"${env:XILINX_HLS}\\tps\\win64\\msys64\\mingw64\\bin\\gdb.exe","debugger_args":["--init-command=${env:XILINX_HLS}\\tps\\win64\\msys64\\mingw64\\bin\\gdbinit"],"valuesFormatting":"prettyPrinters","env":{"PATH":"D:\\xilinx\\Vitis\\2024.2\\win64\\tools\\fpo_v7_1;D:\\xilinx\\Vitis\\2024.2\\win64\\tools\\fft_v9_1;D:\\xilinx\\Vitis\\2024.2\\win64\\tools\\fir_v7_0;D:\\xilinx\\Vitis\\2024.2\\win64\\tools\\dds_v6_0;D:\\xilinx\\Vitis\\2024.2\\tps\\mingw\\10.0.0\\win64.o\\nt\\bin"},"__configUri":"file:///c%3A/Users/Abbas_Sheik/Desktop/LSTM_FPGA/new_hls_component/_ide/launch.json"} 
2025-03-25 18:57:28 [info] : [Debug Manager] Launch session has terminated on the configuration 'new_hls_component [new_hls_component]' 
2025-03-25 19:05:10 [info] : [Debug Manager] Starting launch in 'debug' mode using configuration: {"name":"new_hls_component","type":"gdb","request":"launch","target":"${workspaceFolder}\\new_hls_component\\new_hls_component\\hls\\csim\\build\\csim.exe","cwd":"${workspaceFolder}\\new_hls_component\\new_hls_component\\hls\\csim\\build","gdbpath":"${env:XILINX_HLS}\\tps\\win64\\msys64\\mingw64\\bin\\gdb.exe","debugger_args":["--init-command=${env:XILINX_HLS}\\tps\\win64\\msys64\\mingw64\\bin\\gdbinit"],"valuesFormatting":"prettyPrinters","env":{"PATH":"D:\\xilinx\\Vitis\\2024.2\\win64\\tools\\fpo_v7_1;D:\\xilinx\\Vitis\\2024.2\\win64\\tools\\fft_v9_1;D:\\xilinx\\Vitis\\2024.2\\win64\\tools\\fir_v7_0;D:\\xilinx\\Vitis\\2024.2\\win64\\tools\\dds_v6_0;D:\\xilinx\\Vitis\\2024.2\\tps\\mingw\\10.0.0\\win64.o\\nt\\bin"},"__configUri":"file:///c%3A/Users/Abbas_Sheik/Desktop/LSTM_FPGA/new_hls_component/_ide/launch.json"} 
2025-03-25 19:05:14 [info] : [Debug Manager] Launch session has terminated on the configuration 'new_hls_component [new_hls_component]' 
2025-03-25 19:14:25 [info] : [Debug Manager] Starting launch in 'debug' mode using configuration: {"name":"new_hls_component","type":"gdb","request":"launch","target":"${workspaceFolder}\\new_hls_component\\new_hls_component\\hls\\csim\\build\\csim.exe","cwd":"${workspaceFolder}\\new_hls_component\\new_hls_component\\hls\\csim\\build","gdbpath":"${env:XILINX_HLS}\\tps\\win64\\msys64\\mingw64\\bin\\gdb.exe","debugger_args":["--init-command=${env:XILINX_HLS}\\tps\\win64\\msys64\\mingw64\\bin\\gdbinit"],"valuesFormatting":"prettyPrinters","env":{"PATH":"D:\\xilinx\\Vitis\\2024.2\\win64\\tools\\fpo_v7_1;D:\\xilinx\\Vitis\\2024.2\\win64\\tools\\fft_v9_1;D:\\xilinx\\Vitis\\2024.2\\win64\\tools\\fir_v7_0;D:\\xilinx\\Vitis\\2024.2\\win64\\tools\\dds_v6_0;D:\\xilinx\\Vitis\\2024.2\\tps\\mingw\\10.0.0\\win64.o\\nt\\bin"},"__configUri":"file:///c%3A/Users/Abbas_Sheik/Desktop/LSTM_FPGA/new_hls_component/_ide/launch.json"} 
2025-03-25 19:14:29 [info] : [Debug Manager] Launch session has terminated on the configuration 'new_hls_component [new_hls_component]' 
2025-03-25 19:17:36 [info] : [Debug Manager] Starting launch in 'debug' mode using configuration: {"name":"new_hls_component","type":"gdb","request":"launch","target":"${workspaceFolder}\\new_hls_component\\new_hls_component\\hls\\csim\\build\\csim.exe","cwd":"${workspaceFolder}\\new_hls_component\\new_hls_component\\hls\\csim\\build","gdbpath":"${env:XILINX_HLS}\\tps\\win64\\msys64\\mingw64\\bin\\gdb.exe","debugger_args":["--init-command=${env:XILINX_HLS}\\tps\\win64\\msys64\\mingw64\\bin\\gdbinit"],"valuesFormatting":"prettyPrinters","env":{"PATH":"D:\\xilinx\\Vitis\\2024.2\\win64\\tools\\fpo_v7_1;D:\\xilinx\\Vitis\\2024.2\\win64\\tools\\fft_v9_1;D:\\xilinx\\Vitis\\2024.2\\win64\\tools\\fir_v7_0;D:\\xilinx\\Vitis\\2024.2\\win64\\tools\\dds_v6_0;D:\\xilinx\\Vitis\\2024.2\\tps\\mingw\\10.0.0\\win64.o\\nt\\bin"},"__configUri":"file:///c%3A/Users/Abbas_Sheik/Desktop/LSTM_FPGA/new_hls_component/_ide/launch.json"} 
2025-03-25 19:17:42 [info] : [Debug Manager] Launch session has terminated on the configuration 'new_hls_component [new_hls_component]' 
2025-03-25 19:33:38 [info] : [Debug Manager] Starting launch in 'debug' mode using configuration: {"name":"new_hls_component","type":"gdb","request":"launch","target":"${workspaceFolder}\\new_hls_component\\new_hls_component\\hls\\csim\\build\\csim.exe","cwd":"${workspaceFolder}\\new_hls_component\\new_hls_component\\hls\\csim\\build","gdbpath":"${env:XILINX_HLS}\\tps\\win64\\msys64\\mingw64\\bin\\gdb.exe","debugger_args":["--init-command=${env:XILINX_HLS}\\tps\\win64\\msys64\\mingw64\\bin\\gdbinit"],"valuesFormatting":"prettyPrinters","env":{"PATH":"D:\\xilinx\\Vitis\\2024.2\\win64\\tools\\fpo_v7_1;D:\\xilinx\\Vitis\\2024.2\\win64\\tools\\fft_v9_1;D:\\xilinx\\Vitis\\2024.2\\win64\\tools\\fir_v7_0;D:\\xilinx\\Vitis\\2024.2\\win64\\tools\\dds_v6_0;D:\\xilinx\\Vitis\\2024.2\\tps\\mingw\\10.0.0\\win64.o\\nt\\bin"},"__configUri":"file:///c%3A/Users/Abbas_Sheik/Desktop/LSTM_FPGA/new_hls_component/_ide/launch.json"} 
2025-03-25 19:33:44 [info] : [Debug Manager] Launch session has terminated on the configuration 'new_hls_component [new_hls_component]' 
2025-03-25 20:10:52 [info] : [Debug Manager] Starting launch in 'debug' mode using configuration: {"name":"new_hls_component","type":"gdb","request":"launch","target":"${workspaceFolder}\\new_hls_component\\new_hls_component\\hls\\csim\\build\\csim.exe","cwd":"${workspaceFolder}\\new_hls_component\\new_hls_component\\hls\\csim\\build","gdbpath":"${env:XILINX_HLS}\\tps\\win64\\msys64\\mingw64\\bin\\gdb.exe","debugger_args":["--init-command=${env:XILINX_HLS}\\tps\\win64\\msys64\\mingw64\\bin\\gdbinit"],"valuesFormatting":"prettyPrinters","env":{"PATH":"D:\\xilinx\\Vitis\\2024.2\\win64\\tools\\fpo_v7_1;D:\\xilinx\\Vitis\\2024.2\\win64\\tools\\fft_v9_1;D:\\xilinx\\Vitis\\2024.2\\win64\\tools\\fir_v7_0;D:\\xilinx\\Vitis\\2024.2\\win64\\tools\\dds_v6_0;D:\\xilinx\\Vitis\\2024.2\\tps\\mingw\\10.0.0\\win64.o\\nt\\bin"},"__configUri":"file:///c%3A/Users/Abbas_Sheik/Desktop/LSTM_FPGA/new_hls_component/_ide/launch.json"} 
2025-03-25 20:10:56 [info] : [Debug Manager] Launch session has terminated on the configuration 'new_hls_component [new_hls_component]' 
2025-03-25 20:22:41 [info] : [Debug Manager] Starting launch in 'debug' mode using configuration: {"name":"new_hls_component","type":"gdb","request":"launch","target":"${workspaceFolder}\\new_hls_component\\new_hls_component\\hls\\csim\\build\\csim.exe","cwd":"${workspaceFolder}\\new_hls_component\\new_hls_component\\hls\\csim\\build","gdbpath":"${env:XILINX_HLS}\\tps\\win64\\msys64\\mingw64\\bin\\gdb.exe","debugger_args":["--init-command=${env:XILINX_HLS}\\tps\\win64\\msys64\\mingw64\\bin\\gdbinit"],"valuesFormatting":"prettyPrinters","env":{"PATH":"D:\\xilinx\\Vitis\\2024.2\\win64\\tools\\fpo_v7_1;D:\\xilinx\\Vitis\\2024.2\\win64\\tools\\fft_v9_1;D:\\xilinx\\Vitis\\2024.2\\win64\\tools\\fir_v7_0;D:\\xilinx\\Vitis\\2024.2\\win64\\tools\\dds_v6_0;D:\\xilinx\\Vitis\\2024.2\\tps\\mingw\\10.0.0\\win64.o\\nt\\bin"},"__configUri":"file:///c%3A/Users/Abbas_Sheik/Desktop/LSTM_FPGA/new_hls_component/_ide/launch.json"} 
2025-03-25 20:22:45 [info] : [Debug Manager] Launch session has terminated on the configuration 'new_hls_component [new_hls_component]' 
2025-03-25 20:24:50 [info] : [Debug Manager] Starting launch in 'debug' mode using configuration: {"name":"new_hls_component","type":"gdb","request":"launch","target":"${workspaceFolder}\\new_hls_component\\new_hls_component\\hls\\csim\\build\\csim.exe","cwd":"${workspaceFolder}\\new_hls_component\\new_hls_component\\hls\\csim\\build","gdbpath":"${env:XILINX_HLS}\\tps\\win64\\msys64\\mingw64\\bin\\gdb.exe","debugger_args":["--init-command=${env:XILINX_HLS}\\tps\\win64\\msys64\\mingw64\\bin\\gdbinit"],"valuesFormatting":"prettyPrinters","env":{"PATH":"D:\\xilinx\\Vitis\\2024.2\\win64\\tools\\fpo_v7_1;D:\\xilinx\\Vitis\\2024.2\\win64\\tools\\fft_v9_1;D:\\xilinx\\Vitis\\2024.2\\win64\\tools\\fir_v7_0;D:\\xilinx\\Vitis\\2024.2\\win64\\tools\\dds_v6_0;D:\\xilinx\\Vitis\\2024.2\\tps\\mingw\\10.0.0\\win64.o\\nt\\bin"},"__configUri":"file:///c%3A/Users/Abbas_Sheik/Desktop/LSTM_FPGA/new_hls_component/_ide/launch.json"} 
2025-03-25 20:24:53 [info] : [Debug Manager] Launch session has terminated on the configuration 'new_hls_component [new_hls_component]' 
2025-03-25 21:10:20 [error] : [Hls Flow Server] Build error occurred and the stream has ended. 
2025-03-25 21:10:33 [error] : [Hls Flow Server] Build error occurred and the stream has ended. 
2025-03-25 21:10:57 [error] : [Hls Flow Server] Build error occurred and the stream has ended. 
2025-03-25 21:11:00 [error] : [Hls Flow Server] Build error occurred and the stream has ended. 
2025-03-25 21:11:00 [error] : [Hls Flow Server] Build error occurred and the stream has ended. 
2025-03-25 21:11:00 [error] : [Hls Flow Server] Build error occurred and the stream has ended. 
2025-03-25 21:11:00 [error] : [Hls Flow Server] Build error occurred and the stream has ended. 
2025-03-25 21:11:04 [error] : [Hls Flow Server] Build error occurred and the stream has ended. 
2025-03-25 21:11:06 [error] : [Hls Flow Server] Build error occurred and the stream has ended. 
2025-03-25 21:26:01 [error] : [Hls Flow Server] Build error occurred and the stream has ended. 
2025-03-25 21:56:59 [error] : [Hls Flow Server] Build error occurred and the stream has ended. 
2025-03-25 21:57:00 [error] : [Hls Flow Server] Build error occurred and the stream has ended. 
2025-03-25 22:25:29 [error] : [Hls Flow Server] Build error occurred and the stream has ended. 
2025-03-25 22:25:37 [error] : [Hls Flow Server] Build error occurred and the stream has ended. 
2025-03-25 23:26:23 [error] : [Hls Flow Server] Build error occurred and the stream has ended. 
2025-03-25 23:26:26 [error] : [Hls Flow Server] Build error occurred and the stream has ended. 
2025-03-25 23:26:28 [error] : [Hls Flow Server] Build error occurred and the stream has ended. 
2025-03-25 23:34:38 [error] : [Hls Flow Server] Build error occurred and the stream has ended. 
2025-03-26 04:06:19 [error] : [Hls Flow Server] Build error occurred and the stream has ended. 
2025-03-26 04:07:02 [error] : [Hls Flow Server] Build error occurred and the stream has ended. 
2025-03-26 04:08:26 [error] : [Hls Flow Server] Build error occurred and the stream has ended. 
2025-03-26 04:11:06 [error] : [Config Editor] Error: 3 INVALID_ARGUMENT: Could not find platform at  
2025-03-26 04:12:40 [error] : [Hls Flow Server] Build error occurred and the stream has ended. 
2025-03-26 04:12:41 [error] : [Hls Flow Server] Build error occurred and the stream has ended. 
2025-03-26 04:12:42 [error] : [Hls Flow Server] Build error occurred and the stream has ended. 
2025-03-26 04:12:42 [error] : [Hls Flow Server] Build error occurred and the stream has ended. 
2025-03-26 04:12:43 [error] : [Hls Flow Server] Build error occurred and the stream has ended. 
2025-03-26 04:30:49 [error] : [Hls Flow Server] Build error occurred and the stream has ended. 
2025-03-26 04:30:50 [error] : [Hls Flow Server] Build error occurred and the stream has ended. 
2025-03-26 04:30:50 [error] : [Hls Flow Server] Build error occurred and the stream has ended. 
2025-03-26 04:30:50 [error] : [Hls Flow Server] Build error occurred and the stream has ended. 
2025-03-26 04:30:50 [error] : [Hls Flow Server] Build error occurred and the stream has ended. 
2025-03-26 04:30:51 [error] : [Hls Flow Server] Build error occurred and the stream has ended. 
2025-03-26 04:30:51 [error] : [Hls Flow Server] Build error occurred and the stream has ended. 
2025-03-26 04:30:52 [error] : [Hls Flow Server] Build error occurred and the stream has ended. 
2025-03-26 04:30:53 [error] : [Hls Flow Server] Build error occurred and the stream has ended. 
2025-03-26 05:17:23 [error] : [Hls Flow Server] Build error occurred and the stream has ended. 
2025-03-26 09:33:09 [error] : [Hls Flow Server] Build error occurred and the stream has ended. 
2025-03-26 09:35:17 [error] : [Hls Flow Server] Build error occurred and the stream has ended. 
2025-03-26 09:36:13 [error] : [Hls Flow Server] Build error occurred and the stream has ended. 
2025-03-26 09:36:14 [error] : [Hls Flow Server] Build error occurred and the stream has ended. 
2025-03-26 09:36:14 [error] : [Hls Flow Server] Build error occurred and the stream has ended. 
2025-03-26 09:36:14 [error] : [Hls Flow Server] Build error occurred and the stream has ended. 
2025-03-26 09:36:15 [error] : [Hls Flow Server] Build error occurred and the stream has ended. 
2025-03-26 09:36:15 [error] : [Hls Flow Server] Build error occurred and the stream has ended. 
2025-03-26 09:36:16 [error] : [Hls Flow Server] Build error occurred and the stream has ended. 
2025-03-26 09:36:16 [error] : [Hls Flow Server] Build error occurred and the stream has ended. 
2025-03-26 09:36:16 [error] : [Hls Flow Server] Build error occurred and the stream has ended. 
2025-03-26 09:52:30 [error] : [Config Editor] Error: 3 INVALID_ARGUMENT: Could not find platform at  
2025-03-26 10:02:39 [error] : [Hls Flow Server] Build error occurred and the stream has ended. 
2025-03-26 10:15:28 [error] : [Hls Flow Server] Build error occurred and the stream has ended. 
2025-03-26 10:15:51 [error] : [Hls Flow Server] Build error occurred and the stream has ended. 
2025-03-26 10:15:53 [error] : [Hls Flow Server] Build error occurred and the stream has ended. 
2025-03-26 10:15:54 [error] : [Hls Flow Server] Build error occurred and the stream has ended. 
2025-03-26 10:15:54 [error] : [Hls Flow Server] Build error occurred and the stream has ended. 
2025-03-26 10:15:54 [error] : [Hls Flow Server] Build error occurred and the stream has ended. 
2025-03-26 10:15:55 [error] : [Hls Flow Server] Build error occurred and the stream has ended. 
2025-03-26 10:22:14 [error] : [Hls Flow Server] Build error occurred and the stream has ended. 
2025-03-26 10:26:28 [error] : [Hls Flow Server] Build error occurred and the stream has ended. 
2025-03-26 10:27:39 [error] : [Config Editor] Error: 3 INVALID_ARGUMENT: Could not find platform at  
2025-03-26 10:41:08 [info] : [Debug Manager] Starting launch in 'debug' mode using configuration: {"name":"new_hls_component","type":"gdb","request":"launch","target":"${workspaceFolder}\\new_hls_component\\new_hls_component\\hls\\csim\\build\\csim.exe","cwd":"${workspaceFolder}\\new_hls_component\\new_hls_component\\hls\\csim\\build","gdbpath":"${env:XILINX_HLS}\\tps\\win64\\msys64\\mingw64\\bin\\gdb.exe","debugger_args":["--init-command=${env:XILINX_HLS}\\tps\\win64\\msys64\\mingw64\\bin\\gdbinit"],"valuesFormatting":"prettyPrinters","env":{"PATH":"D:\\xilinx\\Vitis\\2024.2\\win64\\tools\\fpo_v7_1;D:\\xilinx\\Vitis\\2024.2\\win64\\tools\\fft_v9_1;D:\\xilinx\\Vitis\\2024.2\\win64\\tools\\fir_v7_0;D:\\xilinx\\Vitis\\2024.2\\win64\\tools\\dds_v6_0;D:\\xilinx\\Vitis\\2024.2\\tps\\mingw\\10.0.0\\win64.o\\nt\\bin"},"__configUri":"file:///c%3A/Users/Abbas_Sheik/Desktop/LSTM_FPGA/new_hls_component/_ide/launch.json"} 
2025-03-26 10:41:08 [info] : [Debug Manager] Starting launch in 'debug' mode using configuration: {"name":"new_hls_component","type":"gdb","request":"launch","target":"${workspaceFolder}\\new_hls_component\\new_hls_component\\hls\\csim\\build\\csim.exe","cwd":"${workspaceFolder}\\new_hls_component\\new_hls_component\\hls\\csim\\build","gdbpath":"${env:XILINX_HLS}\\tps\\win64\\msys64\\mingw64\\bin\\gdb.exe","debugger_args":["--init-command=${env:XILINX_HLS}\\tps\\win64\\msys64\\mingw64\\bin\\gdbinit"],"valuesFormatting":"prettyPrinters","env":{"PATH":"D:\\xilinx\\Vitis\\2024.2\\win64\\tools\\fpo_v7_1;D:\\xilinx\\Vitis\\2024.2\\win64\\tools\\fft_v9_1;D:\\xilinx\\Vitis\\2024.2\\win64\\tools\\fir_v7_0;D:\\xilinx\\Vitis\\2024.2\\win64\\tools\\dds_v6_0;D:\\xilinx\\Vitis\\2024.2\\tps\\mingw\\10.0.0\\win64.o\\nt\\bin"},"__configUri":"file:///c%3A/Users/Abbas_Sheik/Desktop/LSTM_FPGA/new_hls_component/_ide/launch.json"} 
2025-03-26 10:41:08 [info] : [Debug Manager] Starting launch in 'debug' mode using configuration: {"name":"new_hls_component","type":"gdb","request":"launch","target":"${workspaceFolder}\\new_hls_component\\new_hls_component\\hls\\csim\\build\\csim.exe","cwd":"${workspaceFolder}\\new_hls_component\\new_hls_component\\hls\\csim\\build","gdbpath":"${env:XILINX_HLS}\\tps\\win64\\msys64\\mingw64\\bin\\gdb.exe","debugger_args":["--init-command=${env:XILINX_HLS}\\tps\\win64\\msys64\\mingw64\\bin\\gdbinit"],"valuesFormatting":"prettyPrinters","env":{"PATH":"D:\\xilinx\\Vitis\\2024.2\\win64\\tools\\fpo_v7_1;D:\\xilinx\\Vitis\\2024.2\\win64\\tools\\fft_v9_1;D:\\xilinx\\Vitis\\2024.2\\win64\\tools\\fir_v7_0;D:\\xilinx\\Vitis\\2024.2\\win64\\tools\\dds_v6_0;D:\\xilinx\\Vitis\\2024.2\\tps\\mingw\\10.0.0\\win64.o\\nt\\bin"},"__configUri":"file:///c%3A/Users/Abbas_Sheik/Desktop/LSTM_FPGA/new_hls_component/_ide/launch.json"} 
2025-03-26 10:41:08 [info] : [Debug Manager] Starting launch in 'debug' mode using configuration: {"name":"new_hls_component","type":"gdb","request":"launch","target":"${workspaceFolder}\\new_hls_component\\new_hls_component\\hls\\csim\\build\\csim.exe","cwd":"${workspaceFolder}\\new_hls_component\\new_hls_component\\hls\\csim\\build","gdbpath":"${env:XILINX_HLS}\\tps\\win64\\msys64\\mingw64\\bin\\gdb.exe","debugger_args":["--init-command=${env:XILINX_HLS}\\tps\\win64\\msys64\\mingw64\\bin\\gdbinit"],"valuesFormatting":"prettyPrinters","env":{"PATH":"D:\\xilinx\\Vitis\\2024.2\\win64\\tools\\fpo_v7_1;D:\\xilinx\\Vitis\\2024.2\\win64\\tools\\fft_v9_1;D:\\xilinx\\Vitis\\2024.2\\win64\\tools\\fir_v7_0;D:\\xilinx\\Vitis\\2024.2\\win64\\tools\\dds_v6_0;D:\\xilinx\\Vitis\\2024.2\\tps\\mingw\\10.0.0\\win64.o\\nt\\bin"},"__configUri":"file:///c%3A/Users/Abbas_Sheik/Desktop/LSTM_FPGA/new_hls_component/_ide/launch.json"} 
2025-03-26 10:41:18 [info] : [Debug Manager] Launch session has terminated on the configuration 'new_hls_component [new_hls_component]' 
2025-03-26 10:41:18 [info] : [Debug Manager] Launch session has terminated on the configuration 'new_hls_component [new_hls_component]' 
2025-03-26 10:41:18 [info] : [Debug Manager] Launch session has terminated on the configuration 'new_hls_component [new_hls_component]' 
2025-03-26 10:41:18 [info] : [Debug Manager] Launch session has terminated on the configuration 'new_hls_component [new_hls_component]' 
2025-03-26 10:48:33 [info] : [Debug Manager] Starting launch in 'debug' mode using configuration: {"name":"new_hls_component","type":"gdb","request":"launch","target":"${workspaceFolder}\\new_hls_component\\new_hls_component\\hls\\csim\\build\\csim.exe","cwd":"${workspaceFolder}\\new_hls_component\\new_hls_component\\hls\\csim\\build","gdbpath":"${env:XILINX_HLS}\\tps\\win64\\msys64\\mingw64\\bin\\gdb.exe","debugger_args":["--init-command=${env:XILINX_HLS}\\tps\\win64\\msys64\\mingw64\\bin\\gdbinit"],"valuesFormatting":"prettyPrinters","env":{"PATH":"D:\\xilinx\\Vitis\\2024.2\\win64\\tools\\fpo_v7_1;D:\\xilinx\\Vitis\\2024.2\\win64\\tools\\fft_v9_1;D:\\xilinx\\Vitis\\2024.2\\win64\\tools\\fir_v7_0;D:\\xilinx\\Vitis\\2024.2\\win64\\tools\\dds_v6_0;D:\\xilinx\\Vitis\\2024.2\\tps\\mingw\\10.0.0\\win64.o\\nt\\bin"},"__configUri":"file:///c%3A/Users/Abbas_Sheik/Desktop/LSTM_FPGA/new_hls_component/_ide/launch.json"} 
2025-03-26 10:48:37 [info] : [Debug Manager] Launch session has terminated on the configuration 'new_hls_component [new_hls_component]' 
2025-03-26 12:45:27 [info] : [Debug Manager] Starting launch in 'debug' mode using configuration: {"name":"new_hls_component","type":"gdb","request":"launch","target":"${workspaceFolder}\\new_hls_component\\new_hls_component\\hls\\csim\\build\\csim.exe","cwd":"${workspaceFolder}\\new_hls_component\\new_hls_component\\hls\\csim\\build","gdbpath":"${env:XILINX_HLS}\\tps\\win64\\msys64\\mingw64\\bin\\gdb.exe","debugger_args":["--init-command=${env:XILINX_HLS}\\tps\\win64\\msys64\\mingw64\\bin\\gdbinit"],"valuesFormatting":"prettyPrinters","env":{"PATH":"D:\\xilinx\\Vitis\\2024.2\\win64\\tools\\fpo_v7_1;D:\\xilinx\\Vitis\\2024.2\\win64\\tools\\fft_v9_1;D:\\xilinx\\Vitis\\2024.2\\win64\\tools\\fir_v7_0;D:\\xilinx\\Vitis\\2024.2\\win64\\tools\\dds_v6_0;D:\\xilinx\\Vitis\\2024.2\\tps\\mingw\\10.0.0\\win64.o\\nt\\bin"},"__configUri":"file:///c%3A/Users/Abbas_Sheik/Desktop/LSTM_FPGA/new_hls_component/_ide/launch.json"} 
2025-03-26 12:45:37 [info] : [Debug Manager] Launch session has terminated on the configuration 'new_hls_component [new_hls_component]' 
