  **** HLS Build v2024.2 5238294
INFO: [HLS 200-2005] Using work_dir C:/Users/Abbas_Sheik/Desktop/LSTM_FPGA/new_hls_component/new_hls_component 
INFO: [HLS 200-1505] Using default flow_target 'vivado'
Resolution: For help on HLS 200-1505 see docs.xilinx.com/access/sources/dita/topic?Doc_Version=2024.2%20English&url=ug1448-hls-guidance&resourceid=200-1505.html
INFO: [HLS 200-1465] Applying ini 'syn.file=lstm_new.cpp' from C:/Users/Abbas_Sheik/Desktop/LSTM_FPGA/new_hls_component/hls_config.cfg(11)
INFO: [HLS 200-10] Adding design file 'C:/Users/Abbas_Sheik/Desktop/LSTM_FPGA/new_hls_component/lstm_new.cpp' to the project
INFO: [HLS 200-1465] Applying ini 'syn.file=C:/Users/Abbas_Sheik/Desktop/LSTM_FPGA/new_hls_component/updated_weights.cpp' from C:/Users/Abbas_Sheik/Desktop/LSTM_FPGA/new_hls_component/hls_config.cfg(12)
INFO: [HLS 200-10] Adding design file 'C:/Users/Abbas_Sheik/Desktop/LSTM_FPGA/new_hls_component/updated_weights.cpp' to the project
INFO: [HLS 200-1465] Applying ini 'syn.file=C:/Users/Abbas_Sheik/Desktop/LSTM_FPGA/new_hls_component/weights_dimensions.h' from C:/Users/Abbas_Sheik/Desktop/LSTM_FPGA/new_hls_component/hls_config.cfg(13)
INFO: [HLS 200-10] Adding design file 'C:/Users/Abbas_Sheik/Desktop/LSTM_FPGA/new_hls_component/weights_dimensions.h' to the project
INFO: [HLS 200-1465] Applying ini 'syn.file=C:/Users/Abbas_Sheik/Desktop/LSTM_FPGA/new_hls_component/new_updated_weights.h' from C:/Users/Abbas_Sheik/Desktop/LSTM_FPGA/new_hls_component/hls_config.cfg(14)
INFO: [HLS 200-10] Adding design file 'C:/Users/Abbas_Sheik/Desktop/LSTM_FPGA/new_hls_component/new_updated_weights.h' to the project
INFO: [HLS 200-1465] Applying ini 'tb.file=lstm_tb.cpp' from C:/Users/Abbas_Sheik/Desktop/LSTM_FPGA/new_hls_component/hls_config.cfg(10)
INFO: [HLS 200-10] Adding test bench file 'C:/Users/Abbas_Sheik/Desktop/LSTM_FPGA/new_hls_component/lstm_tb.cpp' to the project
INFO: [HLS 200-1465] Applying ini 'flow_target=vivado' from C:/Users/Abbas_Sheik/Desktop/LSTM_FPGA/new_hls_component/hls_config.cfg(4)
INFO: [HLS 200-1505] Using flow_target 'vivado'
Resolution: For help on HLS 200-1505 see docs.xilinx.com/access/sources/dita/topic?Doc_Version=2024.2%20English&url=ug1448-hls-guidance&resourceid=200-1505.html
INFO: [HLS 200-1465] Applying ini 'part=xc7k160tfbg676-2L' from C:/Users/Abbas_Sheik/Desktop/LSTM_FPGA/new_hls_component/hls_config.cfg(1)
INFO: [HLS 200-1611] Setting target device to 'xc7k160t-fbg676-2L'
INFO: [HLS 200-1465] Applying ini 'clock=10ns' from C:/Users/Abbas_Sheik/Desktop/LSTM_FPGA/new_hls_component/hls_config.cfg(7)
INFO: [SYN 201-201] Setting up clock 'default' with a period of 10ns.
INFO: [HLS 200-1465] Applying ini 'clock_uncertainty=1ns' from C:/Users/Abbas_Sheik/Desktop/LSTM_FPGA/new_hls_component/hls_config.cfg(8)
INFO: [SYN 201-201] Setting up clock 'default' with an uncertainty of 1ns.
INFO: [HLS 200-1465] Applying ini 'csim.code_analyzer=1' from C:/Users/Abbas_Sheik/Desktop/LSTM_FPGA/new_hls_component/hls_config.cfg(9)
INFO: [HLS 200-1465] Applying ini 'package.output.format=ip_catalog' from C:/Users/Abbas_Sheik/Desktop/LSTM_FPGA/new_hls_component/hls_config.cfg(5)
ERROR: HLS ini file does not exist: C:/Users/Abbas_Sheik/Desktop/LSTM_FPGA/new_hls_component/new_hls_component/hls-debug.cfg
INFO: [HLS 200-112] Total CPU user time: 3 seconds. Total CPU system time: 1 seconds. Total elapsed time: 5.487 seconds; peak allocated memory: 161.148 MB.
