# 
# Steps log generated by v++
# This log file contains a collection of steps that describe the kernel compilation flow
# Note: Some steps are tagged as internal, these steps are for debugging purposes and 
#       are not expected to be able to run independently.
# 

# The following environment variables are set when running vitis-run
Environment variables :
------------------------------------------
ALLUSERSPROFILE=C:\ProgramData
APPDATA=C:\Users\Abbas_Sheik\AppData\Roaming
arr.length=0
arr.Ubound=-1
CHARPOP=1
CMAKE_OBJECT_PATH_MAX=4096
CommonProgramFiles=C:\Program Files\Common Files
CommonProgramFiles(x86)=C:\Program Files (x86)\Common Files
CommonProgramW6432=C:\Program Files\Common Files
COMPUTERNAME=DESKTOP-D1NO7VK
ComSpec=C:\WINDOWS\system32\cmd.exe
DriverData=C:\Windows\System32\Drivers\DriverData
EFC_8664=1
FPS_BROWSER_APP_PROFILE_STRING=Internet Explorer
FPS_BROWSER_USER_PROFILE_STRING=Default
HDI_APPROOT=D:/xilinx/Vitis/2024.2
HDI_PROCESSOR=i686
HOMEDRIVE=C:
HOMEPATH=\Users\Abbas_Sheik
HW_SERVER_DJTG_DISABLE=1
HW_SERVER_FTDIMGR_DISABLE=1
IDE_SKIP_SERVER_LICENSE=1
INT_VARIABLE_NAME=XILINX_PATH
ISL_IOSTREAMS_RSA=D:/xilinx/Vitis/2024.2/tps/isl
JAVA_EXE=D:/xilinx\Vitis\2024.2\tps\win64\jre11.0.16_1\bin\java.exe
JAVA_HOME=D:/xilinx\Vitis\2024.2\tps\win64\jre11.0.16_1
LC_NUMERIC=C
LOCALAPPDATA=C:\Users\Abbas_Sheik\AppData\Local
LOGONSERVER=\\DESKTOP-D1NO7VK
LOPPER_DTC_FLAGS=-b 0 -@
NOSPLASH=false
NUMBER_OF_PROCESSORS=8
OneDrive=C:\Users\Abbas_Sheik\OneDrive
OneDriveConsumer=C:\Users\Abbas_Sheik\OneDrive
ORIGINAL_XDG_CURRENT_DESKTOP=undefined
OS=Windows_NT
PATH=D:/xilinx/Vivado/2024.2/tps/win64/binutils-2.26/bin;D:/xilinx/Vitis/2024.2/bin/../gnu/aarch64/nt/aarch64-linux/bin;D:/xilinx/Vitis/2024.2/bin/../gnu/ppc64le/4.9.3/win64/bin;D:/xilinx/Vitis/2024.2/bin/../gnu/aarch32/nt/gcc-arm-linux-gnueabi/bin;D:/xilinx/Vitis/2024.2/tps/mingw/6.2.0/win64.o/nt/bin;D:/xilinx/Vivado/2024.2\gnuwin\bin;D:/xilinx/Vivado/2024.2\gnu\microblaze\nt\bin;D:/xilinx/Vitis/2024.2/bin;D:/xilinx/Vitis/2024.2/tps/win64/javafx-sdk-11.0.2/lib;D:/xilinx/Vitis/2024.2/tps/win64/javafx-sdk-11.0.2/bin;D:/xilinx/Vitis/2024.2/lib/win64.o;D:/xilinx/Vitis/2024.2/tps/win64/jre11.0.16_1/bin/server;D:/xilinx/Vitis/2024.2/tps/win64/jre11.0.16_1/bin;D:\xilinx\Vitis\2024.2\tps\win64\lopper-1.1.0-packages\min_sdk\\usr\bin;D:/xilinx\Vitis\2024.2\tps\win64\cmake-3.24.2\bin;D:/xilinx\Vitis\2024.2\gnu\microblaze\nt\bin;D:/xilinx\Vitis\2024.2\gnu\microblaze\linux_toolchain\nt64_le\bin;D:/xilinx\Vitis\2024.2\gnu\aarch32\nt\gcc-arm-linux-gnueabi\bin;D:/xilinx\Vitis\2024.2\gnu\aarch32\nt\gcc-arm-none-eabi\bin;D:/xilinx\Vitis\2024.2\gnu\aarch64\nt\aarch64-linux\bin;D:/xilinx\Vitis\2024.2\gnu\aarch64\nt\aarch64-none\bin;D:/xilinx\Vitis\2024.2\gnu\armr5\nt\gcc-arm-none-eabi\bin;D:/xilinx\Vitis\2024.2\gnuwin\bin;D:/xilinx\Vitis\2024.2\tps\win64\python-3.8.3;D:/xilinx\Vitis\2024.2\tps\win64\libxslt\bin;D:/xilinx/Vivado/2024.2\bin;D:/xilinx/Vitis/2024.2\gnu\arm\nt\bin;D:/xilinx/Vitis/2024.2\gnu\microblaze\linux_toolchain\nt64_be\bin;D:/xilinx/Vitis/2024.2\gnu\riscv\nt\riscv64-unknown-elf\bin;D:/xilinx/Vivado/2024.2\tps\win64\python-3.8.3;D:/xilinx/Vivado/2024.2\tps\win64\git-2.45.0\bin;D:/xilinx/Vivado/2024.2\tps\win64\cmake-3.24.2\bin;D:/xilinx/Vitis/2024.2\win64\tools\clang\bin;C:\Program Files (x86)\Common Files\Oracle\Java\java8path;C:\Program Files (x86)\Common Files\Oracle\Java\javapath;C:\WINDOWS\system32;C:\WINDOWS;C:\WINDOWS\System32\Wbem;C:\WINDOWS\System32\WindowsPowerShell\v1.0\;C:\WINDOWS\System32\OpenSSH\;C:\Program Files (x86)\Flash Magic;C:\Program Files\Git\cmd;C:\Program Files (x86)\STMicroelectronics\STM32 ST-LINK Utility\ST-LINK Utility;C:\Users\Abbas_Sheik\AppData\Local\Programs\Python\Python311\Scripts;C:\Program Files\MATLAB\R2013a\runtime\win64;C:\Program Files\MATLAB\R2013a\bin;C:\Program Files\PuTTY\;C:\Users\Abbas_Sheik\AppData\Local\Programs\Python\Python313\;C:\Users\Abbas_Sheik\AppData\Local\Microsoft\WindowsApps;C:\Users\Abbas_Sheik\AppData\Local\Programs\Microsoft VS Code\bin;C:\Users\Abbas_Sheik\AppData\Local\GitHubDesktop\bin;;C:\intelFPGA_lite\23.1std\questa_fse\win64;C:\PROGRA~2\FLASHM~1;D:/xilinx/Vitis/2024.2\tps\mingw\6.2.0\win64.o\nt\bin;D:/xilinx/Vitis/2024.2\tps\mingw\6.2.0\win64.o\nt\libexec\gcc\x86_64-w64-mingw32\6.2.0
PATHEXT=.COM;.EXE;.BAT;.CMD;.VBS;.VBE;.JS;.JSE;.WSF;.WSH;.MSC
PROCESSOR_ARCHITECTURE=AMD64
PROCESSOR_IDENTIFIER=AMD64 Family 23 Model 24 Stepping 1, AuthenticAMD
PROCESSOR_LEVEL=23
PROCESSOR_REVISION=1801
PRODVERSION_EXE=D:/xilinx/Vitis/2024.2/bin/unwrapped/win64.o/prodversion.exe
ProgramData=C:\ProgramData
ProgramFiles=C:\Program Files
ProgramFiles(x86)=C:\Program Files (x86)
ProgramW6432=C:\Program Files
PROMPT=$P$G
PSModulePath=C:\Program Files\WindowsPowerShell\Modules;C:\WINDOWS\system32\WindowsPowerShell\v1.0\Modules
PUBLIC=C:\Users\Public
PYTHONPATH=;D:/xilinx/Vitis/2024.2\cli;D:/xilinx/Vitis/2024.2\cli\python-packages\win64;D:/xilinx/Vitis/2024.2\cli\python-packages\site-packages;D:/xilinx/Vitis/2024.2\cli\proto;D:/xilinx/Vitis/2024.2\scripts\python_pkg;
python_path=;D:/xilinx/Vitis/2024.2\cli;D:/xilinx/Vitis/2024.2\cli\python-packages\win64;D:/xilinx/Vitis/2024.2\cli\python-packages\site-packages;D:/xilinx/Vitis/2024.2\cli\proto;D:/xilinx/Vitis/2024.2\scripts\python_pkg;
QSYS_ROOTDIR=C:\intelFPGA_lite\23.1std\quartus\sopc_builder\bin
QUARTUS_ROOTDIR=C:\intelFPGA_lite\23.1std\quartus
RDI_APPROOT=D:/xilinx/Vitis/2024.2
RDI_ARGS= --mode hls --csim --config C:\Users\Abbas_Sheik\Desktop\LSTM_FPGA\new_hls_component\hls_config.cfg --work_dir new_hls_component
RDI_ARGS_FUNCTION=RDI_EXEC_DEFAULT
RDI_BASEROOT=D:/xilinx/Vitis
RDI_BINDIR=D:/xilinx/Vitis/2024.2/bin
RDI_BINROOT=D:/xilinx/Vitis/2024.2/bin
RDI_BUILD=yes
RDI_CHECK_PROG=True
RDI_DATADIR=D:/xilinx/Vitis/2024.2/data
RDI_INSTALLROOT=D:/xilinx
RDI_INSTALLVER=2024.2
RDI_INSTALLVERSION=2024.2
RDI_JAVACEFROOT=D:/xilinx/Vitis/2024.2/tps/win64/java-cef-95.0.4638.69
RDI_JAVAFXROOT=D:/xilinx/Vitis/2024.2/tps/win64/javafx-sdk-11.0.2
RDI_JAVAROOT=D:/xilinx/Vitis/2024.2/tps/win64/jre11.0.16_1
RDI_JAVA_VERSION=11.0.16_1
RDI_LIBDIR=D:/xilinx/Vitis/2024.2/lib/win64.o
RDI_MINGW_LIB=D:/xilinx/Vitis/2024.2\tps\mingw\6.2.0\win64.o\nt\bin;D:/xilinx/Vitis/2024.2\tps\mingw\6.2.0\win64.o\nt\libexec\gcc\x86_64-w64-mingw32\6.2.0
RDI_OPT_EXT=.o
RDI_OS_ARCH=64
RDI_PLATFORM=win64
RDI_PREPEND_PATH=D:/xilinx/Vitis/2024.2/bin
RDI_PROG=D:/xilinx/Vitis/2024.2/bin/unwrapped/win64.o/vitis-run.exe
RDI_PROGNAME=vitis-run.exe
RDI_SESSION_INFO=D:\xilinx\Vitis\2024.2\bin:DESKTOP-D1NO7VK-25-03-2025_11-42-36.21
RDI_SHARED_DATA=D:/xilinx/SharedData/2024.2/data
RDI_TPS_ROOT=D:/xilinx/Vivado/2024.2/tps/win64
RDI_USE_JDK11=1
RDI_VERBOSE=False
RT_LIBPATH=D:/xilinx/Vitis/2024.2/scripts/rt/data
RT_TCL_PATH=D:/xilinx/Vitis/2024.2/scripts/rt/base_tcl/tcl
SDKROOT=D:\xilinx\Vitis\2024.2\tps\win64\lopper-1.1.0-packages\min_sdk\
SESSIONNAME=Console
session_string=C:\Users\Abbas_Sheik\Desktop\LSTM_FPGA\new_hls_component:DESKTOP-D1NO7VK-25-03-2025_12-48-19.77
SOPC_KIT_NIOS2=C:\intelFPGA_lite\23.1std\nios2eds
STM32_PRG_PATH=C:\Program Files\STMicroelectronics\STM32Cube\STM32CubeProgrammer\bin
supports_classic_ide=false
SWIG_LIB=D:\xilinx\Vitis\2024.2\tps\win64\lopper-1.1.0-packages\min_sdk\\usr\lib\swig\4.2.1
SYNTH_COMMON=D:/xilinx/Vitis/2024.2/scripts/rt/data
SystemDrive=C:
SystemRoot=C:\WINDOWS
TCL_LIBRARY=D:/xilinx/Vitis/2024.2/tps/tcl/tcl8.6
TCMALLOC_LARGE_ALLOC_REPORT_THRESHOLD=4294967296
TEMP=C:\Users\ABBAS_~1\AppData\Local\Temp
THEIA_APP_PROJECT_PATH=D:\xilinx\Vitis\2024.2\ide\electron-app\win64\resources\app
THEIA_DEFAULT_PLUGINS=local-dir:D:\xilinx\Vitis\2024.2\ide\electron-app\win64\resources\app\plugins
THEIA_ELECTRON_TOKEN={"value":"7ec88e6a-1dfc-4f08-99d9-bb3fff2b3a89"}
THEIA_ELECTRON_VERSION=15.5.7
THEIA_PLUGINS=local-dir:C:\Users\Abbas_Sheik\.theia\plugins
TMP=C:\Users\ABBAS_~1\AppData\Local\Temp
tooldir=tps\win64\git-2.41.0
TOOLS_CLANG=D:/xilinx/Vitis/2024.2\win64\tools\clang
TPS_CMAKE=D:/xilinx/Vivado/2024.2\tps\win64\cmake-3.24.2
TPS_GIT=D:/xilinx/Vivado/2024.2\tps\win64\git-2.45.0
TPS_LIBXSLT=D:/xilinx/Vitis/2024.2\tps\win64\libxslt
TPS_PYTHON=D:/xilinx/Vivado/2024.2\tps\win64\python-3.8.3
USERDOMAIN=DESKTOP-D1NO7VK
USERDOMAIN_ROAMINGPROFILE=DESKTOP-D1NO7VK
USERNAME=Abbas_Sheik
USERPROFILE=C:\Users\Abbas_Sheik
VITISNEW=true
VITIS_HLS_INSTALL=true
VSCODE_API_VERSION=1.53.2
windir=C:\WINDOWS
XILINX_HLS=D:/xilinx/Vitis/2024.2
XILINX_PLANAHEAD=D:/xilinx/Vitis/2024.2
XILINX_SDK=D:/xilinx/Vitis/2024.2
XILINX_VCXX=D:/xilinx/Vitis/2024.2/vcxx
XILINX_VITIS=D:/xilinx\Vitis\2024.2
XILINX_VITIS_GIT=D:/xilinx/Vivado/2024.2\tps\win64\git-2.45.0\bin
XILINX_VITIS_HLS_ENCAPSULATED=1
XILINX_VITIS_VERSION=Vitis v2024.2 (64-bit)
XILINX_VIVADO=D:/xilinx/Vivado/2024.2
XILINX_VIVADO_HLS=D:/xilinx/Vivado/2024.2
XIL_CHECK_TCL_DEBUG=False
XIL_NO_OVERRIDE=0
XIL_SUPPRESS_OVERRIDE_WARNINGS=1
XVREDIST=D:/xilinx/Vitis/2024.2\tps\win64\xvcredist.exe
_RDI_BINROOT=D:\xilinx\Vitis\2024.2\bin
_RDI_CWD=C:\Users\Abbas_Sheik\Desktop\LSTM_FPGA\new_hls_component
_RDI_DONT_SET_XILINX_AS_PATH=True
_RDI_VERSION_PROG=vitis-run
_valid=False
XILINX_CD_CONNECT_ID=50980
XILINX_CD_SESSION=a188af77-1ffd-4556-a0bb-9e16590a60a2


VITIS-RUN command line:
------------------------------------------
D:/xilinx/Vitis/2024.2/bin/unwrapped/win64.o/vitis-run.exe --mode hls --csim --config C:\Users\Abbas_Sheik\Desktop\LSTM_FPGA\new_hls_component\hls_config.cfg --work_dir new_hls_component 

FINAL PROGRAM OPTIONS
--config C:\Users\Abbas_Sheik\Desktop\LSTM_FPGA\new_hls_component\hls_config.cfg
--csim
--hls.clock 10ns
--hls.clock_uncertainty 1ns
--hls.csim.code_analyzer 1
--hls.flow_target vivado
--hls.package.output.format ip_catalog
--hls.package.output.syn false
--hls.syn.file C:\Users\Abbas_Sheik\Downloads\updated_weights.h
--hls.syn.file lstm_new.cpp
--hls.tb.file C:\Users\Abbas_Sheik\Desktop\LSTM_FPGA\new_hls_component
--mode hls
--part xc7k160tfbg676-2L
--work_dir new_hls_component

PARSED COMMAND LINE OPTIONS
--mode hls 
--csim 
--config C:\Users\Abbas_Sheik\Desktop\LSTM_FPGA\new_hls_component\hls_config.cfg 
--work_dir new_hls_component 

PARSED CONFIG FILE (1) OPTIONS
file: C:\Users\Abbas_Sheik\Desktop\LSTM_FPGA\new_hls_component\hls_config.cfg
part xc7k160tfbg676-2L 
hls.flow_target vivado 
hls.package.output.format ip_catalog 
hls.package.output.syn false 
hls.clock 10ns 
hls.clock_uncertainty 1ns 
hls.syn.file C:\Users\Abbas_Sheik\Downloads\updated_weights.h 
hls.syn.file lstm_new.cpp 
hls.csim.code_analyzer 1 
hls.tb.file C:\Users\Abbas_Sheik\Desktop\LSTM_FPGA\new_hls_component 


==========================================
new:  steps log generated by v++ for new launch 
timestamp: 25 Mar 2025 12:48:34

------------------------------------------
VITIS-RUN command line :
------------------------------------------
D:/xilinx/Vitis/2024.2/bin/unwrapped/win64.o/vitis-run.exe --mode hls --csim --config C:\Users\Abbas_Sheik\Desktop\LSTM_FPGA\new_hls_component\hls_config.cfg --work_dir new_hls_component 
  Options from -O    : 
  Options from *.ini : 
  Options from Hw Platform : 

==========================================
new:  steps log generated by v++ for new launch 
timestamp: 25 Mar 2025 15:38:53

------------------------------------------
VITIS-RUN command line :
------------------------------------------
D:/xilinx/Vitis/2024.2/bin/unwrapped/win64.o/vitis-run.exe --mode hls --csim --config C:\Users\Abbas_Sheik\Desktop\LSTM_FPGA\new_hls_component\hls_config.cfg --work_dir new_hls_component 
  Options from -O    : 
  Options from *.ini : 
  Options from Hw Platform : 

==========================================
new:  steps log generated by v++ for new launch 
timestamp: 25 Mar 2025 15:53:39

------------------------------------------
VITIS-RUN command line :
------------------------------------------
D:/xilinx/Vitis/2024.2/bin/unwrapped/win64.o/vitis-run.exe --mode hls --csim --config C:\Users\Abbas_Sheik\Desktop\LSTM_FPGA\new_hls_component\hls_config.cfg --work_dir new_hls_component 
  Options from -O    : 
  Options from *.ini : 
  Options from Hw Platform : 

==========================================
new:  steps log generated by v++ for new launch 
timestamp: 25 Mar 2025 16:07:09

------------------------------------------
VITIS-RUN command line :
------------------------------------------
D:/xilinx/Vitis/2024.2/bin/unwrapped/win64.o/vitis-run.exe --mode hls --csim --config C:\Users\Abbas_Sheik\Desktop\LSTM_FPGA\new_hls_component\new_hls_component\hls-debug.cfg --config C:\Users\Abbas_Sheik\Desktop\LSTM_FPGA\new_hls_component\hls_config.cfg --work_dir new_hls_component 
  Options from -O    : 
  Options from *.ini : 
  Options from Hw Platform : 

==========================================
new:  steps log generated by v++ for new launch 
timestamp: 25 Mar 2025 16:15:58

------------------------------------------
VITIS-RUN command line :
------------------------------------------
D:/xilinx/Vitis/2024.2/bin/unwrapped/win64.o/vitis-run.exe --mode hls --csim --config C:\Users\Abbas_Sheik\Desktop\LSTM_FPGA\new_hls_component\new_hls_component\hls-debug.cfg --config C:\Users\Abbas_Sheik\Desktop\LSTM_FPGA\new_hls_component\hls_config.cfg --work_dir new_hls_component 
  Options from -O    : 
  Options from *.ini : 
  Options from Hw Platform : 

==========================================
new:  steps log generated by v++ for new launch 
timestamp: 25 Mar 2025 16:17:23

------------------------------------------
VITIS-RUN command line :
------------------------------------------
D:/xilinx/Vitis/2024.2/bin/unwrapped/win64.o/vitis-run.exe --mode hls --csim --config C:\Users\Abbas_Sheik\Desktop\LSTM_FPGA\new_hls_component\new_hls_component\hls-debug.cfg --config C:\Users\Abbas_Sheik\Desktop\LSTM_FPGA\new_hls_component\hls_config.cfg --work_dir new_hls_component 
  Options from -O    : 
  Options from *.ini : 
  Options from Hw Platform : 

==========================================
new:  steps log generated by v++ for new launch 
timestamp: 25 Mar 2025 16:22:13

------------------------------------------
VITIS-RUN command line :
------------------------------------------
D:/xilinx/Vitis/2024.2/bin/unwrapped/win64.o/vitis-run.exe --mode hls --csim --config C:\Users\Abbas_Sheik\Desktop\LSTM_FPGA\new_hls_component\hls_config.cfg --work_dir new_hls_component 
  Options from -O    : 
  Options from *.ini : 
  Options from Hw Platform : 

==========================================
new:  steps log generated by v++ for new launch 
timestamp: 25 Mar 2025 16:25:46

------------------------------------------
VITIS-RUN command line :
------------------------------------------
D:/xilinx/Vitis/2024.2/bin/unwrapped/win64.o/vitis-run.exe --mode hls --csim --config C:\Users\Abbas_Sheik\Desktop\LSTM_FPGA\new_hls_component\new_hls_component\hls-debug.cfg --config C:\Users\Abbas_Sheik\Desktop\LSTM_FPGA\new_hls_component\hls_config.cfg --work_dir new_hls_component 
  Options from -O    : 
  Options from *.ini : 
  Options from Hw Platform : 

==========================================
new:  steps log generated by v++ for new launch 
timestamp: 25 Mar 2025 16:47:40

------------------------------------------
VITIS-RUN command line :
------------------------------------------
D:/xilinx/Vitis/2024.2/bin/unwrapped/win64.o/vitis-run.exe --mode hls --csim --config C:\Users\Abbas_Sheik\Desktop\LSTM_FPGA\new_hls_component\new_hls_component\hls-debug.cfg --config C:\Users\Abbas_Sheik\Desktop\LSTM_FPGA\new_hls_component\hls_config.cfg --work_dir new_hls_component 
  Options from -O    : 
  Options from *.ini : 
  Options from Hw Platform : 

==========================================
new:  steps log generated by v++ for new launch 
timestamp: 25 Mar 2025 17:56:04

------------------------------------------
VITIS-RUN command line :
------------------------------------------
D:/xilinx/Vitis/2024.2/bin/unwrapped/win64.o/vitis-run.exe --mode hls --csim --config C:\Users\Abbas_Sheik\Desktop\LSTM_FPGA\new_hls_component\new_hls_component\hls-debug.cfg --config C:\Users\Abbas_Sheik\Desktop\LSTM_FPGA\new_hls_component\hls_config.cfg --work_dir new_hls_component 
  Options from -O    : 
  Options from *.ini : 
  Options from Hw Platform : 

==========================================
new:  steps log generated by v++ for new launch 
timestamp: 25 Mar 2025 18:56:28

------------------------------------------
VITIS-RUN command line :
------------------------------------------
D:/xilinx/Vitis/2024.2/bin/unwrapped/win64.o/vitis-run.exe --mode hls --csim --config C:\Users\Abbas_Sheik\Desktop\LSTM_FPGA\new_hls_component\new_hls_component\hls-debug.cfg --config C:\Users\Abbas_Sheik\Desktop\LSTM_FPGA\new_hls_component\hls_config.cfg --work_dir new_hls_component 
  Options from -O    : 
  Options from *.ini : 
  Options from Hw Platform : 

==========================================
new:  steps log generated by v++ for new launch 
timestamp: 25 Mar 2025 19:04:18

------------------------------------------
VITIS-RUN command line :
------------------------------------------
D:/xilinx/Vitis/2024.2/bin/unwrapped/win64.o/vitis-run.exe --mode hls --csim --config C:\Users\Abbas_Sheik\Desktop\LSTM_FPGA\new_hls_component\new_hls_component\hls-debug.cfg --config C:\Users\Abbas_Sheik\Desktop\LSTM_FPGA\new_hls_component\hls_config.cfg --work_dir new_hls_component 
  Options from -O    : 
  Options from *.ini : 
  Options from Hw Platform : 

==========================================
new:  steps log generated by v++ for new launch 
timestamp: 25 Mar 2025 19:12:37

------------------------------------------
VITIS-RUN command line :
------------------------------------------
D:/xilinx/Vitis/2024.2/bin/unwrapped/win64.o/vitis-run.exe --mode hls --csim --config C:\Users\Abbas_Sheik\Desktop\LSTM_FPGA\new_hls_component\new_hls_component\hls-debug.cfg --config C:\Users\Abbas_Sheik\Desktop\LSTM_FPGA\new_hls_component\hls_config.cfg --work_dir new_hls_component 
  Options from -O    : 
  Options from *.ini : 
  Options from Hw Platform : 

==========================================
new:  steps log generated by v++ for new launch 
timestamp: 25 Mar 2025 19:15:56

------------------------------------------
VITIS-RUN command line :
------------------------------------------
D:/xilinx/Vitis/2024.2/bin/unwrapped/win64.o/vitis-run.exe --mode hls --csim --config C:\Users\Abbas_Sheik\Desktop\LSTM_FPGA\new_hls_component\new_hls_component\hls-debug.cfg --config C:\Users\Abbas_Sheik\Desktop\LSTM_FPGA\new_hls_component\hls_config.cfg --work_dir new_hls_component 
  Options from -O    : 
  Options from *.ini : 
  Options from Hw Platform : 

==========================================
new:  steps log generated by v++ for new launch 
timestamp: 25 Mar 2025 19:32:41

------------------------------------------
VITIS-RUN command line :
------------------------------------------
D:/xilinx/Vitis/2024.2/bin/unwrapped/win64.o/vitis-run.exe --mode hls --csim --config C:\Users\Abbas_Sheik\Desktop\LSTM_FPGA\new_hls_component\new_hls_component\hls-debug.cfg --config C:\Users\Abbas_Sheik\Desktop\LSTM_FPGA\new_hls_component\hls_config.cfg --work_dir new_hls_component 
  Options from -O    : 
  Options from *.ini : 
  Options from Hw Platform : 

==========================================
new:  steps log generated by v++ for new launch 
timestamp: 25 Mar 2025 20:09:38

------------------------------------------
VITIS-RUN command line :
------------------------------------------
D:/xilinx/Vitis/2024.2/bin/unwrapped/win64.o/vitis-run.exe --mode hls --csim --config C:\Users\Abbas_Sheik\Desktop\LSTM_FPGA\new_hls_component\new_hls_component\hls-debug.cfg --config C:\Users\Abbas_Sheik\Desktop\LSTM_FPGA\new_hls_component\hls_config.cfg --work_dir new_hls_component 
  Options from -O    : 
  Options from *.ini : 
  Options from Hw Platform : 

==========================================
new:  steps log generated by v++ for new launch 
timestamp: 25 Mar 2025 20:21:34

------------------------------------------
VITIS-RUN command line :
------------------------------------------
D:/xilinx/Vitis/2024.2/bin/unwrapped/win64.o/vitis-run.exe --mode hls --csim --config C:\Users\Abbas_Sheik\Desktop\LSTM_FPGA\new_hls_component\new_hls_component\hls-debug.cfg --config C:\Users\Abbas_Sheik\Desktop\LSTM_FPGA\new_hls_component\hls_config.cfg --work_dir new_hls_component 
  Options from -O    : 
  Options from *.ini : 
  Options from Hw Platform : 

==========================================
new:  steps log generated by v++ for new launch 
timestamp: 25 Mar 2025 20:23:44

------------------------------------------
VITIS-RUN command line :
------------------------------------------
D:/xilinx/Vitis/2024.2/bin/unwrapped/win64.o/vitis-run.exe --mode hls --csim --config C:\Users\Abbas_Sheik\Desktop\LSTM_FPGA\new_hls_component\hls_config.cfg --work_dir new_hls_component 
  Options from -O    : 
  Options from *.ini : 
  Options from Hw Platform : 

==========================================
new:  steps log generated by v++ for new launch 
timestamp: 26 Mar 2025 10:05:03

------------------------------------------
VITIS-RUN command line :
------------------------------------------
D:/xilinx/Vitis/2024.2/bin/unwrapped/win64.o/vitis-run.exe --mode hls --csim --config C:\Users\Abbas_Sheik\Desktop\LSTM_FPGA\new_hls_component\hls_config.cfg --work_dir new_hls_component 
  Options from -O    : 
  Options from *.ini : 
  Options from Hw Platform : 

==========================================
new:  steps log generated by v++ for new launch 
timestamp: 26 Mar 2025 10:10:11

------------------------------------------
VITIS-RUN command line :
------------------------------------------
D:/xilinx/Vitis/2024.2/bin/unwrapped/win64.o/vitis-run.exe --mode hls --csim --config C:\Users\Abbas_Sheik\Desktop\LSTM_FPGA\new_hls_component\hls_config.cfg --work_dir new_hls_component 
  Options from -O    : 
  Options from *.ini : 
  Options from Hw Platform : 

==========================================
new:  steps log generated by v++ for new launch 
timestamp: 26 Mar 2025 10:14:13

------------------------------------------
VITIS-RUN command line :
------------------------------------------
D:/xilinx/Vitis/2024.2/bin/unwrapped/win64.o/vitis-run.exe --mode hls --csim --config C:\Users\Abbas_Sheik\Desktop\LSTM_FPGA\new_hls_component\hls_config.cfg --work_dir new_hls_component 
  Options from -O    : 
  Options from *.ini : 
  Options from Hw Platform : 

==========================================
new:  steps log generated by v++ for new launch 
timestamp: 26 Mar 2025 10:37:16

------------------------------------------
------------------------------------------
------------------------
D:/xilinx/Vitis/2024.2/bin/unwrapped/win64.o/vitis-run.exe --mode hls --csim --config C:\Users\Abbas_Sheik\Desktop\LSTM_FPGA\new_hls_component\new_hls_component\hls-debug.cfg --config C:\Users\Abbas_Sheik\Desktop\LSTM_FPGA\new_hls_component\hls_config.cfg --work_dir new_hls_component 
  Options from -O    : 
-----------------
  Options from *.ini : 
n/unwrapped/win64.o/vitis-run.exe --mode hls --csim --config C:\Users\Abbas_Sheik\Desktop\LSTM_FPGA\new_hls_component\new_hls_component\hls-debug.cfg --config C:\Users\Abbas_Sheik\Desktop\LSTM_FPGA\new_hls_component\hls_config.cfg --work_dir new_hls_component 
  Options from -O    : 
VITIS-RUN command line :
 : 
VITIS-RUN command line :
-  Options from Hw Platform : 
---------
------------------------------------------
/vitis-run.exe --mode hls --csim --config C:\Users\Abbas_Sheik\Desktop\LSTM_FPGA\new_hls_component\new_hls_component\hls-debug.cfg --config C:\Users\Abbas_Sheik\Desktop\LSTM_FPGA\new_hls_component\hls_config.cfg --work_dir new_hls_component 
  Options from -O    : 
n/unwrapped/win64.o/vitis-run.exe --mode hls --csim --config C:\Users\Abbas_Sheik\Desktop\LSTM_FPGA\new_hls_component\new_hls_component\hls-debug.cfg --config C:\Users\Abbas_Sheik\Desktop\LSTM_FPGA\new_hls_component\hls_config.cfg --work_dir new_hls_component 
  Options from -O    : 
  Options from *.ini : 
  Options from Hw Platform : 
  Options from Hw Platform : 

==========================================
==========================================
nch 
new:  steps log generated by v++ for new launch 
timestamp: 26 Mar 2025 10:40:53
for new launch 
timestamp: 26 Mar 2025 10:40:53
timestamp: 26 Mar 2025 10:40:53

------------------------------------------
VITIS-RUN command line :
------------------------------------------
D:/xilinx/Vitis/2024.2/bin/unwrapped/win64.o/vitis-run.exe --mode hls --csim --config C:\Users\Abbas_Sheik\Desktop\LSTM_FPGA\new_hls_component\hls_config.cfg --work_dir new_hls_component 
  Options from -O    : 
  Options from *.ini : 
  Options from Hw Platform : 

==========================================
new:  steps log generated by v++ for new launch 
timestamp: 26 Mar 2025 10:46:40

------------------------------------------
VITIS-RUN command line :
------------------------------------------
D:/xilinx/Vitis/2024.2/bin/unwrapped/win64.o/vitis-run.exe --mode hls --csim --config C:\Users\Abbas_Sheik\Desktop\LSTM_FPGA\new_hls_component\new_hls_component\hls-debug.cfg --config C:\Users\Abbas_Sheik\Desktop\LSTM_FPGA\new_hls_component\hls_config.cfg --work_dir new_hls_component 
  Options from -O    : 
  Options from *.ini : 
  Options from Hw Platform : 

==========================================
new:  steps log generated by v++ for new launch 
timestamp: 26 Mar 2025 10:47:32

------------------------------------------
VITIS-RUN command line :
------------------------------------------
D:/xilinx/Vitis/2024.2/bin/unwrapped/win64.o/vitis-run.exe --mode hls --csim --config C:\Users\Abbas_Sheik\Desktop\LSTM_FPGA\new_hls_component\hls_config.cfg --work_dir new_hls_component 
  Options from -O    : 
  Options from *.ini : 
  Options from Hw Platform : 

==========================================
new:  steps log generated by v++ for new launch 
timestamp: 26 Mar 2025 10:53:23

------------------------------------------
VITIS-RUN command line :
------------------------------------------
D:/xilinx/Vitis/2024.2/bin/unwrapped/win64.o/vitis-run.exe --mode hls --csim --config C:\Users\Abbas_Sheik\Desktop\LSTM_FPGA\new_hls_component\hls_config.cfg --work_dir new_hls_component 
  Options from -O    : 
  Options from *.ini : 
  Options from Hw Platform : 

==========================================
new:  steps log generated by v++ for new launch 
timestamp: 26 Mar 2025 12:18:27

------------------------------------------
VITIS-RUN command line :
------------------------------------------
D:/xilinx/Vitis/2024.2/bin/unwrapped/win64.o/vitis-run.exe --mode hls --csim --config C:\Users\Abbas_Sheik\Desktop\LSTM_FPGA\new_hls_component\hls_config.cfg --work_dir new_hls_component 
  Options from -O    : 
  Options from *.ini : 
  Options from Hw Platform : 

==========================================
new:  steps log generated by v++ for new launch 
timestamp: 26 Mar 2025 12:24:27

------------------------------------------
VITIS-RUN command line :
------------------------------------------
D:/xilinx/Vitis/2024.2/bin/unwrapped/win64.o/vitis-run.exe --mode hls --csim --config C:\Users\Abbas_Sheik\Desktop\LSTM_FPGA\new_hls_component\hls_config.cfg --work_dir new_hls_component 
  Options from -O    : 
  Options from *.ini : 
  Options from Hw Platform : 

==========================================
new:  steps log generated by v++ for new launch 
timestamp: 26 Mar 2025 12:28:22

------------------------------------------
VITIS-RUN command line :
------------------------------------------
D:/xilinx/Vitis/2024.2/bin/unwrapped/win64.o/vitis-run.exe --mode hls --csim --config C:\Users\Abbas_Sheik\Desktop\LSTM_FPGA\new_hls_component\hls_config.cfg --work_dir new_hls_component 
  Options from -O    : 
  Options from *.ini : 
  Options from Hw Platform : 

==========================================
new:  steps log generated by v++ for new launch 
timestamp: 26 Mar 2025 12:33:44

------------------------------------------
VITIS-RUN command line :
------------------------------------------
D:/xilinx/Vitis/2024.2/bin/unwrapped/win64.o/vitis-run.exe --mode hls --csim --config C:\Users\Abbas_Sheik\Desktop\LSTM_FPGA\new_hls_component\hls_config.cfg --work_dir new_hls_component 
  Options from -O    : 
  Options from *.ini : 
  Options from Hw Platform : 

==========================================
new:  steps log generated by v++ for new launch 
timestamp: 26 Mar 2025 12:39:55

------------------------------------------
VITIS-RUN command line :
------------------------------------------
D:/xilinx/Vitis/2024.2/bin/unwrapped/win64.o/vitis-run.exe --mode hls --csim --config C:\Users\Abbas_Sheik\Desktop\LSTM_FPGA\new_hls_component\hls_config.cfg --work_dir new_hls_component 
  Options from -O    : 
  Options from *.ini : 
  Options from Hw Platform : 

==========================================
new:  steps log generated by v++ for new launch 
timestamp: 26 Mar 2025 12:43:28

------------------------------------------
VITIS-RUN command line :
------------------------------------------
D:/xilinx/Vitis/2024.2/bin/unwrapped/win64.o/vitis-run.exe --mode hls --csim --config C:\Users\Abbas_Sheik\Desktop\LSTM_FPGA\new_hls_component\new_hls_component\hls-debug.cfg --config C:\Users\Abbas_Sheik\Desktop\LSTM_FPGA\new_hls_component\hls_config.cfg --work_dir new_hls_component 
  Options from -O    : 
  Options from *.ini : 
  Options from Hw Platform : 

==========================================
new:  steps log generated by v++ for new launch 
timestamp: 26 Mar 2025 12:44:43

------------------------------------------
VITIS-RUN command line :
------------------------------------------
D:/xilinx/Vitis/2024.2/bin/unwrapped/win64.o/vitis-run.exe --mode hls --csim --config C:\Users\Abbas_Sheik\Desktop\LSTM_FPGA\new_hls_component\hls_config.cfg --work_dir new_hls_component 
  Options from -O    : 
  Options from *.ini : 
  Options from Hw Platform : 

==========================================
new:  steps log generated by v++ for new launch 
timestamp: 26 Mar 2025 12:50:30

------------------------------------------
VITIS-RUN command line :
------------------------------------------
D:/xilinx/Vitis/2024.2/bin/unwrapped/win64.o/vitis-run.exe --mode hls --csim --config C:\Users\Abbas_Sheik\Desktop\LSTM_FPGA\new_hls_component\hls_config.cfg --work_dir new_hls_component 
  Options from -O    : 
  Options from *.ini : 
  Options from Hw Platform : 

==========================================
new:  steps log generated by v++ for new launch 
timestamp: 26 Mar 2025 12:53:11

------------------------------------------
VITIS-RUN command line :
------------------------------------------
D:/xilinx/Vitis/2024.2/bin/unwrapped/win64.o/vitis-run.exe --mode hls --csim --config C:\Users\Abbas_Sheik\Desktop\LSTM_FPGA\new_hls_component\hls_config.cfg --work_dir new_hls_component 
  Options from -O    : 
  Options from *.ini : 
  Options from Hw Platform : 

==========================================
new:  steps log generated by v++ for new launch 
timestamp: 26 Mar 2025 13:01:52

------------------------------------------
V++ command line :
------------------------------------------
D:/xilinx/Vitis/2024.2/bin/unwrapped/win64.o/v++.exe -c --mode hls --config C:\Users\Abbas_Sheik\Desktop\LSTM_FPGA\new_hls_component\hls_config.cfg --work_dir new_hls_component 
  Options from -O    : 
  Options from *.ini : 
  Options from Hw Platform : 

==========================================
new:  steps log generated by v++ for new launch 
timestamp: 26 Mar 2025 13:03:06

------------------------------------------
V++ command line :
------------------------------------------
D:/xilinx/Vitis/2024.2/bin/unwrapped/win64.o/v++.exe -c --mode hls --config C:\Users\Abbas_Sheik\Desktop\LSTM_FPGA\new_hls_component\hls_config.cfg --work_dir new_hls_component 
  Options from -O    : 
  Options from *.ini : 
  Options from Hw Platform : 

==========================================
new:  steps log generated by v++ for new launch 
timestamp: 26 Mar 2025 13:07:06

------------------------------------------
VITIS-RUN command line :
------------------------------------------
D:/xilinx/Vitis/2024.2/bin/unwrapped/win64.o/vitis-run.exe --mode hls --cosim --config C:\Users\Abbas_Sheik\Desktop\LSTM_FPGA\new_hls_component\hls_config.cfg --work_dir new_hls_component 
  Options from -O    : 
  Options from *.ini : 
  Options from Hw Platform : 

==========================================
new:  steps log generated by v++ for new launch 
timestamp: 26 Mar 2025 13:09:16

------------------------------------------
VITIS-RUN command line :
------------------------------------------
D:/xilinx/Vitis/2024.2/bin/unwrapped/win64.o/vitis-run.exe --mode hls --package --config C:\Users\Abbas_Sheik\Desktop\LSTM_FPGA\new_hls_component\hls_config.cfg --work_dir new_hls_component 
  Options from -O    : 
  Options from *.ini : 
  Options from Hw Platform : 

==========================================
new:  steps log generated by v++ for new launch 
timestamp: 26 Mar 2025 13:12:12

------------------------------------------
VITIS-RUN command line :
------------------------------------------
D:/xilinx/Vitis/2024.2/bin/unwrapped/win64.o/vitis-run.exe --mode hls --impl --config C:\Users\Abbas_Sheik\Desktop\LSTM_FPGA\new_hls_component\hls_config.cfg --work_dir new_hls_component 
  Options from -O    : 
  Options from *.ini : 
  Options from Hw Platform : 

==========================================
new:  steps log generated by v++ for new launch 
timestamp: 26 Mar 2025 13:14:35

------------------------------------------
VITIS-RUN command line :
------------------------------------------
D:/xilinx/Vitis/2024.2/bin/unwrapped/win64.o/vitis-run.exe --mode hls --package --config C:\Users\Abbas_Sheik\Desktop\LSTM_FPGA\new_hls_component\hls_config.cfg --work_dir new_hls_component 
  Options from -O    : 
  Options from *.ini : 
  Options from Hw Platform : 

==========================================
new:  steps log generated by v++ for new launch 
timestamp: 26 Mar 2025 14:04:47

------------------------------------------
VITIS-RUN command line :
------------------------------------------
D:/xilinx/Vitis/2024.2/bin/unwrapped/win64.o/vitis-run.exe --mode hls --cosim --config C:\Users\Abbas_Sheik\Desktop\LSTM_FPGA\new_hls_component\hls_config.cfg --work_dir new_hls_component 
  Options from -O    : 
  Options from *.ini : 
  Options from Hw Platform : 

==========================================
new:  steps log generated by v++ for new launch 
timestamp: 26 Mar 2025 14:08:02

------------------------------------------
VITIS-RUN command line :
------------------------------------------
D:/xilinx/Vitis/2024.2/bin/unwrapped/win64.o/vitis-run.exe --mode hls --csim --config C:\Users\Abbas_Sheik\Desktop\LSTM_FPGA\new_hls_component\hls_config.cfg --work_dir new_hls_component 
  Options from -O    : 
  Options from *.ini : 
  Options from Hw Platform : 

==========================================
new:  steps log generated by v++ for new launch 
timestamp: 26 Mar 2025 15:01:00

------------------------------------------
VITIS-RUN command line :
------------------------------------------
D:/xilinx/Vitis/2024.2/bin/unwrapped/win64.o/vitis-run.exe --mode hls --csim --config C:\Users\Abbas_Sheik\Desktop\LSTM_FPGA\new_hls_component\hls_config.cfg --work_dir new_hls_component 
  Options from -O    : 
  Options from *.ini : 
  Options from Hw Platform : 

==========================================
new:  steps log generated by v++ for new launch 
timestamp: 26 Mar 2025 15:11:42

------------------------------------------
VITIS-RUN command line :
------------------------------------------
D:/xilinx/Vitis/2024.2/bin/unwrapped/win64.o/vitis-run.exe --mode hls --csim --config C:\Users\Abbas_Sheik\Desktop\LSTM_FPGA\new_hls_component\hls_config.cfg --work_dir new_hls_component 
  Options from -O    : 
  Options from *.ini : 
  Options from Hw Platform : 

==========================================
new:  steps log generated by v++ for new launch 
timestamp: 26 Mar 2025 15:17:57

------------------------------------------
VITIS-RUN command line :
------------------------------------------
D:/xilinx/Vitis/2024.2/bin/unwrapped/win64.o/vitis-run.exe --mode hls --csim --config C:\Users\Abbas_Sheik\Desktop\LSTM_FPGA\new_hls_component\hls_config.cfg --work_dir new_hls_component 
  Options from -O    : 
  Options from *.ini : 
  Options from Hw Platform : 

==========================================
new:  steps log generated by v++ for new launch 
timestamp: 26 Mar 2025 15:19:17

------------------------------------------
VITIS-RUN command line :
------------------------------------------
D:/xilinx/Vitis/2024.2/bin/unwrapped/win64.o/vitis-run.exe --mode hls --csim --config C:\Users\Abbas_Sheik\Desktop\LSTM_FPGA\new_hls_component\hls_config.cfg --work_dir new_hls_component 
  Options from -O    : 
  Options from *.ini : 
  Options from Hw Platform : 

==========================================
new:  steps log generated by v++ for new launch 
timestamp: 26 Mar 2025 15:23:27

------------------------------------------
VITIS-RUN command line :
------------------------------------------
D:/xilinx/Vitis/2024.2/bin/unwrapped/win64.o/vitis-run.exe --mode hls --csim --config C:\Users\Abbas_Sheik\Desktop\LSTM_FPGA\new_hls_component\hls_config.cfg --work_dir new_hls_component 
  Options from -O    : 
  Options from *.ini : 
  Options from Hw Platform : 

==========================================
new:  steps log generated by v++ for new launch 
timestamp: 26 Mar 2025 15:45:28

------------------------------------------
V++ command line :
------------------------------------------
D:/xilinx/Vitis/2024.2/bin/unwrapped/win64.o/v++.exe -c --mode hls --config C:\Users\Abbas_Sheik\Desktop\LSTM_FPGA\new_hls_component\hls_config.cfg --work_dir new_hls_component 
  Options from -O    : 
  Options from *.ini : 
  Options from Hw Platform : 

==========================================
new:  steps log generated by v++ for new launch 
timestamp: 26 Mar 2025 15:47:27

------------------------------------------
VITIS-RUN command line :
------------------------------------------
D:/xilinx/Vitis/2024.2/bin/unwrapped/win64.o/vitis-run.exe --mode hls --csim --config C:\Users\Abbas_Sheik\Desktop\LSTM_FPGA\new_hls_component\hls_config.cfg --work_dir new_hls_component 
  Options from -O    : 
  Options from *.ini : 
  Options from Hw Platform : 

==========================================
new:  steps log generated by v++ for new launch 
timestamp: 26 Mar 2025 15:56:11

------------------------------------------
VITIS-RUN command line :
------------------------------------------
D:/xilinx/Vitis/2024.2/bin/unwrapped/win64.o/vitis-run.exe --mode hls --csim --config C:\Users\Abbas_Sheik\Desktop\LSTM_FPGA\new_hls_component\hls_config.cfg --work_dir new_hls_component 
  Options from -O    : 
  Options from *.ini : 
  Options from Hw Platform : 

==========================================
new:  steps log generated by v++ for new launch 
timestamp: 26 Mar 2025 16:05:37

------------------------------------------
V++ command line :
------------------------------------------
D:/xilinx/Vitis/2024.2/bin/unwrapped/win64.o/v++.exe -c --mode hls --config C:\Users\Abbas_Sheik\Desktop\LSTM_FPGA\new_hls_component\hls_config.cfg --work_dir new_hls_component 
  Options from -O    : 
  Options from *.ini : 
  Options from Hw Platform : 

==========================================
new:  steps log generated by v++ for new launch 
timestamp: 26 Mar 2025 16:06:38

------------------------------------------
VITIS-RUN command line :
------------------------------------------
D:/xilinx/Vitis/2024.2/bin/unwrapped/win64.o/vitis-run.exe --mode hls --cosim --config C:\Users\Abbas_Sheik\Desktop\LSTM_FPGA\new_hls_component\hls_config.cfg --work_dir new_hls_component 
  Options from -O    : 
  Options from *.ini : 
  Options from Hw Platform : 

==========================================
new:  steps log generated by v++ for new launch 
timestamp: 26 Mar 2025 16:09:59

------------------------------------------
VITIS-RUN command line :
------------------------------------------
D:/xilinx/Vitis/2024.2/bin/unwrapped/win64.o/vitis-run.exe --mode hls --package --config C:\Users\Abbas_Sheik\Desktop\LSTM_FPGA\new_hls_component\hls_config.cfg --work_dir new_hls_component 
  Options from -O    : 
  Options from *.ini : 
  Options from Hw Platform : 

==========================================
new:  steps log generated by v++ for new launch 
timestamp: 26 Mar 2025 16:12:19

------------------------------------------
VITIS-RUN command line :
------------------------------------------
D:/xilinx/Vitis/2024.2/bin/unwrapped/win64.o/vitis-run.exe --mode hls --impl --config C:\Users\Abbas_Sheik\Desktop\LSTM_FPGA\new_hls_component\hls_config.cfg --work_dir new_hls_component 
  Options from -O    : 
  Options from *.ini : 
  Options from Hw Platform : 

==========================================
new:  steps log generated by v++ for new launch 
timestamp: 26 Mar 2025 16:14:09

------------------------------------------
VITIS-RUN command line :
------------------------------------------
D:/xilinx/Vitis/2024.2/bin/unwrapped/win64.o/vitis-run.exe --mode hls --cosim --config C:\Users\Abbas_Sheik\Desktop\LSTM_FPGA\new_hls_component\hls_config.cfg --work_dir new_hls_component 
  Options from -O    : 
  Options from *.ini : 
  Options from Hw Platform : 

==========================================
new:  steps log generated by v++ for new launch 
timestamp: 26 Mar 2025 16:32:41

------------------------------------------
VITIS-RUN command line :
------------------------------------------
D:/xilinx/Vitis/2024.2/bin/unwrapped/win64.o/vitis-run.exe --mode hls --csim --config C:\Users\Abbas_Sheik\Desktop\LSTM_FPGA\new_hls_component\hls_config.cfg --work_dir new_hls_component 
  Options from -O    : 
  Options from *.ini : 
  Options from Hw Platform : 

==========================================
new:  steps log generated by v++ for new launch 
timestamp: 26 Mar 2025 22:47:03

------------------------------------------
VITIS-RUN command line :
------------------------------------------
D:/xilinx/Vitis/2024.2/bin/unwrapped/win64.o/vitis-run.exe --mode hls --cosim --config C:\Users\Abbas_Sheik\Desktop\LSTM_FPGA\new_hls_component\hls_config.cfg --work_dir new_hls_component 
  Options from -O    : 
  Options from *.ini : 
  Options from Hw Platform : 

==========================================
new:  steps log generated by v++ for new launch 
timestamp: 26 Mar 2025 22:48:48

------------------------------------------
VITIS-RUN command line :
------------------------------------------
D:/xilinx/Vitis/2024.2/bin/unwrapped/win64.o/vitis-run.exe --mode hls --csim --config C:\Users\Abbas_Sheik\Desktop\LSTM_FPGA\new_hls_component\hls_config.cfg --work_dir new_hls_component 
  Options from -O    : 
  Options from *.ini : 
  Options from Hw Platform : 

==========================================
new:  steps log generated by v++ for new launch 
timestamp: 26 Mar 2025 22:53:50

------------------------------------------
VITIS-RUN command line :
------------------------------------------
D:/xilinx/Vitis/2024.2/bin/unwrapped/win64.o/vitis-run.exe --mode hls --cosim --config C:\Users\Abbas_Sheik\Desktop\LSTM_FPGA\new_hls_component\hls_config.cfg --work_dir new_hls_component 
  Options from -O    : 
  Options from *.ini : 
  Options from Hw Platform : 

==========================================
new:  steps log generated by v++ for new launch 
timestamp: 26 Mar 2025 22:55:39

------------------------------------------
V++ command line :
------------------------------------------
D:/xilinx/Vitis/2024.2/bin/unwrapped/win64.o/v++.exe -c --mode hls --config C:\Users\Abbas_Sheik\Desktop\LSTM_FPGA\new_hls_component\hls_config.cfg --work_dir new_hls_component 
  Options from -O    : 
  Options from *.ini : 
  Options from Hw Platform : 

==========================================
new:  steps log generated by v++ for new launch 
timestamp: 26 Mar 2025 23:29:40

------------------------------------------
V++ command line :
------------------------------------------
D:/xilinx/Vitis/2024.2/bin/unwrapped/win64.o/v++.exe -c --mode hls --config C:\Users\Abbas_Sheik\Desktop\LSTM_FPGA\new_hls_component\hls_config.cfg --work_dir new_hls_component 
  Options from -O    : 
  Options from *.ini : 
  Options from Hw Platform : 

==========================================
new:  steps log generated by v++ for new launch 
timestamp: 26 Mar 2025 23:33:34

------------------------------------------
VITIS-RUN command line :
------------------------------------------
D:/xilinx/Vitis/2024.2/bin/unwrapped/win64.o/vitis-run.exe --mode hls --csim --config C:\Users\Abbas_Sheik\Desktop\LSTM_FPGA\new_hls_component\hls_config.cfg --work_dir new_hls_component 
  Options from -O    : 
  Options from *.ini : 
  Options from Hw Platform : 

==========================================
new:  steps log generated by v++ for new launch 
timestamp: 26 Mar 2025 23:43:57

------------------------------------------
V++ command line :
------------------------------------------
D:/xilinx/Vitis/2024.2/bin/unwrapped/win64.o/v++.exe -c --mode hls --config C:\Users\Abbas_Sheik\Desktop\LSTM_FPGA\new_hls_component\hls_config.cfg --work_dir new_hls_component 
  Options from -O    : 
  Options from *.ini : 
  Options from Hw Platform : 

==========================================
new:  steps log generated by v++ for new launch 
timestamp: 26 Mar 2025 23:46:30

------------------------------------------
VITIS-RUN command line :
------------------------------------------
D:/xilinx/Vitis/2024.2/bin/unwrapped/win64.o/vitis-run.exe --mode hls --package --config C:\Users\Abbas_Sheik\Desktop\LSTM_FPGA\new_hls_component\hls_config.cfg --work_dir new_hls_component 
  Options from -O    : 
  Options from *.ini : 
  Options from Hw Platform : 

==========================================
new:  steps log generated by v++ for new launch 
timestamp: 26 Mar 2025 23:51:14

------------------------------------------
VITIS-RUN command line :
------------------------------------------
D:/xilinx/Vitis/2024.2/bin/unwrapped/win64.o/vitis-run.exe --mode hls --cosim --config C:\Users\Abbas_Sheik\Desktop\LSTM_FPGA\new_hls_component\hls_config.cfg --work_dir new_hls_component 
  Options from -O    : 
  Options from *.ini : 
  Options from Hw Platform : 

==========================================
new:  steps log generated by v++ for new launch 
timestamp: 26 Mar 2025 23:53:45

------------------------------------------
VITIS-RUN command line :
------------------------------------------
D:/xilinx/Vitis/2024.2/bin/unwrapped/win64.o/vitis-run.exe --mode hls --impl --config C:\Users\Abbas_Sheik\Desktop\LSTM_FPGA\new_hls_component\hls_config.cfg --work_dir new_hls_component 
  Options from -O    : 
  Options from *.ini : 
  Options from Hw Platform : 

==========================================
new:  steps log generated by v++ for new launch 
timestamp: 26 Mar 2025 23:56:43

------------------------------------------
VITIS-RUN command line :
------------------------------------------
D:/xilinx/Vitis/2024.2/bin/unwrapped/win64.o/vitis-run.exe --mode hls --csim --config C:\Users\Abbas_Sheik\Desktop\LSTM_FPGA\new_hls_component\hls_config.cfg --work_dir new_hls_component 
  Options from -O    : 
  Options from *.ini : 
  Options from Hw Platform : 

==========================================
new:  steps log generated by v++ for new launch 
timestamp: 27 Mar 2025 09:52:01

------------------------------------------
V++ command line :
------------------------------------------
D:/xilinx/Vitis/2024.2/bin/unwrapped/win64.o/v++.exe -c --mode hls --config C:\Users\Abbas_Sheik\Desktop\LSTM_FPGA\new_hls_component\hls_config.cfg --work_dir new_hls_component 
  Options from -O    : 
  Options from *.ini : 
  Options from Hw Platform : 

==========================================
new:  steps log generated by v++ for new launch 
timestamp: 27 Mar 2025 09:53:09

------------------------------------------
VITIS-RUN command line :
------------------------------------------
D:/xilinx/Vitis/2024.2/bin/unwrapped/win64.o/vitis-run.exe --mode hls --cosim --config C:\Users\Abbas_Sheik\Desktop\LSTM_FPGA\new_hls_component\hls_config.cfg --work_dir new_hls_component 
  Options from -O    : 
  Options from *.ini : 
  Options from Hw Platform : 

==========================================
new:  steps log generated by v++ for new launch 
timestamp: 27 Mar 2025 09:56:20

------------------------------------------
VITIS-RUN command line :
------------------------------------------
D:/xilinx/Vitis/2024.2/bin/unwrapped/win64.o/vitis-run.exe --mode hls --csim --config C:\Users\Abbas_Sheik\Desktop\LSTM_FPGA\new_hls_component\hls_config.cfg --work_dir new_hls_component 
  Options from -O    : 
  Options from *.ini : 
  Options from Hw Platform : 

==========================================
new:  steps log generated by v++ for new launch 
timestamp: 27 Mar 2025 09:58:52

------------------------------------------
VITIS-RUN command line :
------------------------------------------
D:/xilinx/Vitis/2024.2/bin/unwrapped/win64.o/vitis-run.exe --mode hls --cosim --config C:\Users\Abbas_Sheik\Desktop\LSTM_FPGA\new_hls_component\hls_config.cfg --work_dir new_hls_component 
  Options from -O    : 
  Options from *.ini : 
  Options from Hw Platform : 

==========================================
new:  steps log generated by v++ for new launch 
timestamp: 27 Mar 2025 11:13:28

------------------------------------------
V++ command line :
------------------------------------------
D:/xilinx/Vitis/2024.2/bin/unwrapped/win64.o/v++.exe -c --mode hls --config C:\Users\Abbas_Sheik\Desktop\LSTM_FPGA\new_hls_component\hls_config.cfg --work_dir new_hls_component 
  Options from -O    : 
  Options from *.ini : 
  Options from Hw Platform : 

==========================================
new:  steps log generated by v++ for new launch 
timestamp: 27 Mar 2025 14:33:38

------------------------------------------
VITIS-RUN command line :
------------------------------------------
D:/xilinx/Vitis/2024.2/bin/unwrapped/win64.o/vitis-run.exe --mode hls --csim --config C:\Users\Abbas_Sheik\Desktop\LSTM_FPGA\new_hls_component\hls_config.cfg --work_dir new_hls_component 
  Options from -O    : 
  Options from *.ini : 
  Options from Hw Platform : 

==========================================
new:  steps log generated by v++ for new launch 
timestamp: 27 Mar 2025 14:40:25

------------------------------------------
VITIS-RUN command line :
------------------------------------------
D:/xilinx/Vitis/2024.2/bin/unwrapped/win64.o/vitis-run.exe --mode hls --package --config C:\Users\Abbas_Sheik\Desktop\LSTM_FPGA\new_hls_component\hls_config.cfg --work_dir new_hls_component 
  Options from -O    : 
  Options from *.ini : 
  Options from Hw Platform : 

==========================================
new:  steps log generated by v++ for new launch 
timestamp: 27 Mar 2025 14:42:49

------------------------------------------
VITIS-RUN command line :
------------------------------------------
D:/xilinx/Vitis/2024.2/bin/unwrapped/win64.o/vitis-run.exe --mode hls --impl --config C:\Users\Abbas_Sheik\Desktop\LSTM_FPGA\new_hls_component\hls_config.cfg --work_dir new_hls_component 
  Options from -O    : 
  Options from *.ini : 
  Options from Hw Platform : 

==========================================
new:  steps log generated by v++ for new launch 
timestamp: 27 Mar 2025 14:48:39

------------------------------------------
VITIS-RUN command line :
------------------------------------------
D:/xilinx/Vitis/2024.2/bin/unwrapped/win64.o/vitis-run.exe --mode hls --cosim --config C:\Users\Abbas_Sheik\Desktop\LSTM_FPGA\new_hls_component\hls_config.cfg --work_dir new_hls_component 
  Options from -O    : 
  Options from *.ini : 
  Options from Hw Platform : 

==========================================
new:  steps log generated by v++ for new launch 
timestamp: 27 Mar 2025 16:54:23

------------------------------------------
VITIS-RUN command line :
------------------------------------------
D:/xilinx/Vitis/2024.2/bin/unwrapped/win64.o/vitis-run.exe --mode hls --csim --config C:\Users\Abbas_Sheik\Desktop\LSTM_FPGA\new_hls_component\hls_config.cfg --work_dir new_hls_component 
  Options from -O    : 
  Options from *.ini : 
  Options from Hw Platform : 

==========================================
new:  steps log generated by v++ for new launch 
timestamp: 28 Mar 2025 08:36:50

------------------------------------------
V++ command line :
------------------------------------------
D:/xilinx/Vitis/2024.2/bin/unwrapped/win64.o/v++.exe -c --mode hls --config C:\Users\Abbas_Sheik\Desktop\LSTM_FPGA\new_hls_component\hls_config.cfg --work_dir new_hls_component 
  Options from -O    : 
  Options from *.ini : 
  Options from Hw Platform : 

==========================================
new:  steps log generated by v++ for new launch 
timestamp: 28 Mar 2025 08:41:06

------------------------------------------
V++ command line :
------------------------------------------
D:/xilinx/Vitis/2024.2/bin/unwrapped/win64.o/v++.exe -c --mode hls --config C:\Users\Abbas_Sheik\Desktop\LSTM_FPGA\new_hls_component\hls_config.cfg --work_dir new_hls_component 
  Options from -O    : 
  Options from *.ini : 
  Options from Hw Platform : 

==========================================
new:  steps log generated by v++ for new launch 
timestamp: 28 Mar 2025 09:30:47

------------------------------------------
VITIS-RUN command line :
------------------------------------------
D:/xilinx/Vitis/2024.2/bin/unwrapped/win64.o/vitis-run.exe --mode hls --cosim --config C:\Users\Abbas_Sheik\Desktop\LSTM_FPGA\new_hls_component\hls_config.cfg --work_dir new_hls_component 
  Options from -O    : 
  Options from *.ini : 
  Options from Hw Platform : 

==========================================
new:  steps log generated by v++ for new launch 
timestamp: 28 Mar 2025 15:29:28

------------------------------------------
V++ command line :
------------------------------------------
D:/xilinx/Vitis/2024.2/bin/unwrapped/win64.o/v++.exe -c --mode hls --config C:\Users\Abbas_Sheik\Desktop\LSTM_FPGA\new_hls_component\hls_config.cfg --work_dir new_hls_component 
  Options from -O    : 
  Options from *.ini : 
  Options from Hw Platform : 

==========================================
new:  steps log generated by v++ for new launch 
timestamp: 28 Mar 2025 16:00:08

------------------------------------------
VITIS-RUN command line :
------------------------------------------
D:/xilinx/Vitis/2024.2/bin/unwrapped/win64.o/vitis-run.exe --mode hls --cosim --config C:\Users\Abbas_Sheik\Desktop\LSTM_FPGA\new_hls_component\hls_config.cfg --work_dir new_hls_component 
  Options from -O    : 
  Options from *.ini : 
  Options from Hw Platform : 

==========================================
new:  steps log generated by v++ for new launch 
timestamp: 28 Mar 2025 16:06:01
